[2023-09-26 13:44:18.857] [info] C:\PSR\GraphModule\Oper\psrplot\psrio\psrio.exe -r psrio\psrio.lua -o psrio\results without_constrain with_constrain 
[2023-09-26 13:44:18.858] [info] PSRIO v0.26.0-beta-7161a240 (2023-09-12 15:12:26 -0300)
[2023-09-26 13:44:18.859] [info] Executable path C:\PSR\GraphModule\Oper\psrplot\psrio
[2023-09-26 13:44:18.859] [info] Added script "psrio\\psrio.lua"
[2023-09-26 13:44:18.859] [info] Packages path C:\PSR\GraphModule\Oper\psrplot\psrio\base\?.lua;D:\SDDP_TUTORIAL\generic_interpolation_constraints\psrio\?.lua
[2023-09-26 13:44:18.866] [info] Loading extensions/chart.lua
[2023-09-26 13:44:18.877] [info] Loading extensions/expression.lua
[2023-09-26 13:44:18.885] [info] Loading extensions/markdown.lua
[2023-09-26 13:44:18.896] [info] Loading extensions/tab.lua
[2023-09-26 13:44:18.903] [info] Loading extensions/writer.lua
[2023-09-26 13:44:19.187] [info] PSRIO.pmk loaded
[2023-09-26 13:44:19.213] [info] PSRIO.pmd loaded
[2023-09-26 13:44:19.213] [info] Deleting temporary files and folders
[2023-09-26 13:44:19.213] [info] Creating temporary directory ("psrio\\results\\tmp-psrio")
[2023-09-26 13:44:19.213] [info] Creating temporary directory ("D:\\SDDP_TUTORIAL\\generic_interpolation_constraints\\with_constrain\\tmp-psrio")
[2023-09-26 13:44:19.213] [info] Creating temporary directory ("D:\\SDDP_TUTORIAL\\generic_interpolation_constraints\\without_constrain\\tmp-psrio")
[2023-09-26 13:44:19.213] [info] Loading sddp study (D:\SDDP_TUTORIAL\generic_interpolation_constraints\without_constrain)
[2023-09-26 13:44:19.215] [info] Loading D:\SDDP_TUTORIAL\generic_interpolation_constraints\without_constrain\sddp.dat
[2023-09-26 13:44:19.462] [info] Loading sddp study (D:\SDDP_TUTORIAL\generic_interpolation_constraints\with_constrain)
[2023-09-26 13:44:19.462] [info] Loading D:\SDDP_TUTORIAL\generic_interpolation_constraints\with_constrain\sddp.dat
[2023-09-26 13:44:19.536] [info] Running psrio\psrio.lua
[2023-09-26 13:44:19.541] [info] Loading system.code (stages: 1 [1:1] [month] [1/2016], blocks: none, scenarios: 1, unit: , agents: 1 [system])
[2023-09-26 13:44:19.541] [info] Loading system.load_level_length (stages: 12 [1:12] [month] [1/2016], blocks: 24, scenarios: 1, unit: hour, agents: 1 [system])
[2023-09-26 13:44:19.541] [info] Loading system.hour_block_map (stages: 12 [1:12] [month] [1/2016], blocks: hour, scenarios: 1, unit: , agents: 1 [system])
[2023-09-26 13:44:19.541] [info] Loading system.sensitivity (stages: 1 [1:1] [month] [1/2016], blocks: none, scenarios: 1, unit: , agents: 1 [system])
[2023-09-26 13:44:19.541] [info] Loading system.carbon_credit_cost (stages: 12 [1:12] [month] [1/2016], blocks: none, scenarios: 1, unit: $/tCO2, agents: 1 [system])
[2023-09-26 13:44:19.542] [info] Converting demand to binary
[2023-09-26 13:44:19.559] [info] Loading demand (stages: 12 [1:12] [month] [1/2016], blocks: 24, scenarios: 1, unit: GWh, agents: 1 [system])
[2023-09-26 13:44:19.562] [info] AGGREGATE_BLOCKS: (stages: 12 [1:12] [month] [1/2016], blocks: 24, scenarios: 1, unit: GWh, agents: 1 [system])
[2023-09-26 13:44:19.563] [info] AGGREGATE_BLOCKS= (stages: 12 [1:12] [month] [1/2016], blocks: none, scenarios: 1, unit: GWh, agents: 1 [system])
[2023-09-26 13:44:19.563] [info] CONVERT: (stages: 12 [1:12] [month] [1/2016], blocks: none, scenarios: 1, unit: GWh, agents: 1 [system])
[2023-09-26 13:44:19.564] [info] Unit converted from [GWh] to [MW] with factor 1000.000000 / hour
[2023-09-26 13:44:19.564] [info] CONVERT= (stages: 12 [1:12] [month] [1/2016], blocks: none, scenarios: 1, unit: MW, agents: 1 [system])
[2023-09-26 13:44:19.565] [info] Adding layers in "Demand" chart (stages: 12 [1:12] [month] [1/2016], blocks: none, scenarios: 1, unit: MW, agents: 1 [system])
[2023-09-26 13:44:19.616] [info] Loading thermal.code (stages: 1 [1:1] [month] [1/2016], blocks: none, scenarios: 1, unit: , agents: 2 [thermal])
[2023-09-26 13:44:19.617] [info] Loading thermal.state (stages: 12 [1:12] [month] [1/2016], blocks: none, scenarios: 1, unit: , agents: 2 [thermal])
[2023-09-26 13:44:19.617] [info] Loading thermal.units (stages: 12 [1:12] [month] [1/2016], blocks: none, scenarios: 1, unit: , agents: 2 [thermal])
[2023-09-26 13:44:19.617] [info] Loading thermal.system (stages: 1 [1:1] [month] [1/2016], blocks: none, scenarios: 1, unit: , agents: 2 [thermal])
[2023-09-26 13:44:19.617] [info] Loading thermal.min_generation (stages: 12 [1:12] [month] [1/2016], blocks: none, scenarios: 1, unit: MW, agents: 2 [thermal])
[2023-09-26 13:44:19.617] [info] Loading thermal.min_generation_available (stages: 12 [1:12] [month] [1/2016], blocks: none, scenarios: 1, unit: MW, agents: 2 [thermal])
[2023-09-26 13:44:19.617] [info] Loading thermal.min_generation_constraint (stages: 12 [1:12] [month] [1/2016], blocks: 24, scenarios: 1, unit: MW, agents: 2 [thermal])
[2023-09-26 13:44:19.617] [info] Loading thermal.max_generation (stages: 12 [1:12] [month] [1/2016], blocks: none, scenarios: 1, unit: MW, agents: 2 [thermal])
[2023-09-26 13:44:19.618] [info] Loading thermal.max_generation_available (stages: 12 [1:12] [month] [1/2016], blocks: none, scenarios: 1, unit: MW, agents: 2 [thermal])
[2023-09-26 13:44:19.618] [info] Loading thermal.forced_outage_rate (stages: 12 [1:12] [month] [1/2016], blocks: none, scenarios: 1, unit: %, agents: 2 [thermal])
[2023-09-26 13:44:19.618] [info] Loading thermal.historical_outage_factor (stages: 12 [1:12] [month] [1/2016], blocks: none, scenarios: 1, unit: %, agents: 2 [thermal])
[2023-09-26 13:44:19.618] [info] Loading thermal.startup_cost (stages: 12 [1:12] [month] [1/2016], blocks: none, scenarios: 1, unit: k$, agents: 2 [thermal])
[2023-09-26 13:44:19.618] [info] Loading thermal.startup_cost_constraint (stages: 12 [1:12] [month] [1/2016], blocks: 24, scenarios: 1, unit: k$, agents: 2 [thermal])
[2023-09-26 13:44:19.618] [info] Loading thermal.om_cost (stages: 12 [1:12] [month] [1/2016], blocks: none, scenarios: 1, unit: $/MWh, agents: 2 [thermal])
[2023-09-26 13:44:19.618] [info] Loading thermal.specific_consumption_segment_1 (stages: 12 [1:12] [month] [1/2016], blocks: 24, scenarios: 1, unit: gal/MWh, agents: 2 [thermal])
[2023-09-26 13:44:19.619] [info] Loading thermal.specific_consumption_segment_2 (stages: 12 [1:12] [month] [1/2016], blocks: 24, scenarios: 1, unit: gal/MWh, agents: 2 [thermal])
[2023-09-26 13:44:19.619] [info] Loading thermal.specific_consumption_segment_3 (stages: 12 [1:12] [month] [1/2016], blocks: 24, scenarios: 1, unit: gal/MWh, agents: 2 [thermal])
[2023-09-26 13:44:19.619] [info] Loading thermal.curve_segment_1 (stages: 12 [1:12] [month] [1/2016], blocks: none, scenarios: 1, unit: %, agents: 2 [thermal])
[2023-09-26 13:44:19.619] [info] Loading thermal.curve_segment_2 (stages: 12 [1:12] [month] [1/2016], blocks: none, scenarios: 1, unit: %, agents: 2 [thermal])
[2023-09-26 13:44:19.619] [info] Loading thermal.curve_segment_3 (stages: 12 [1:12] [month] [1/2016], blocks: none, scenarios: 1, unit: %, agents: 2 [thermal])
[2023-09-26 13:44:19.619] [info] Loading thermal.fuel_transportation_cost (stages: 12 [1:12] [month] [1/2016], blocks: none, scenarios: 1, unit: $/gal, agents: 2 [thermal])
[2023-09-26 13:44:19.619] [info] Loading thermal.operation_mode (stages: 12 [1:12] [month] [1/2016], blocks: none, scenarios: 1, unit: , agents: 2 [thermal])
[2023-09-26 13:44:19.620] [info] Loading thermal.emission_coefficient (stages: 12 [1:12] [month] [1/2016], blocks: none, scenarios: 1, unit: pu, agents: 2 [thermal])
[2023-09-26 13:44:19.620] [info] Loading thermal.ramp_up (stages: 12 [1:12] [month] [1/2016], blocks: none, scenarios: 1, unit: MW/min, agents: 2 [thermal])
[2023-09-26 13:44:19.620] [info] Loading thermal.ramp_down (stages: 12 [1:12] [month] [1/2016], blocks: none, scenarios: 1, unit: MW/min, agents: 2 [thermal])
[2023-09-26 13:44:19.620] [info] Loading thermal.min_uptime (stages: 12 [1:12] [month] [1/2016], blocks: none, scenarios: 1, unit: hour, agents: 2 [thermal])
[2023-09-26 13:44:19.620] [info] Loading thermal.min_downtime (stages: 12 [1:12] [month] [1/2016], blocks: none, scenarios: 1, unit: hour, agents: 2 [thermal])
[2023-09-26 13:44:19.620] [info] Loading thermal.max_startups (stages: 12 [1:12] [month] [1/2016], blocks: none, scenarios: 1, unit: , agents: 2 [thermal])
[2023-09-26 13:44:19.621] [info] Loading thermal.max_shutdowns (stages: 12 [1:12] [month] [1/2016], blocks: none, scenarios: 1, unit: , agents: 2 [thermal])
[2023-09-26 13:44:19.621] [info] Loading thermal.shutdown_cost (stages: 12 [1:12] [month] [1/2016], blocks: none, scenarios: 1, unit: k$, agents: 2 [thermal])
[2023-09-26 13:44:19.621] [info] Loading thermal.alternative_fuel (stages: 12 [1:12] [month] [1/2016], blocks: none, scenarios: 1, unit: , agents: 2 [thermal])
[2023-09-26 13:44:19.621] [info] Loading thermal.spinning_reserve (stages: 12 [1:12] [month] [1/2016], blocks: 24, scenarios: 1, unit: %, agents: 2 [thermal])
[2023-09-26 13:44:19.621] [info] Loading thermal.max_reserve (stages: 12 [1:12] [month] [1/2016], blocks: 24, scenarios: 1, unit: MW, agents: 2 [thermal])
[2023-09-26 13:44:19.621] [info] Loading thermal.bid_price (stages: 12 [1:12] [month] [1/2016], blocks: 24, scenarios: 1, unit: $/MWh, agents: 2 [thermal])
[2023-09-26 13:44:19.622] [info] Adding layers in "Thermal capacity" chart (stages: 12 [1:12] [month] [1/2016], blocks: none, scenarios: 1, unit: MW, agents: 2 [thermal])
[2023-09-26 13:44:19.671] [info] Loading bus.code (stages: 1 [1:1] [month] [1/2016], blocks: none, scenarios: 1, unit: , agents: 3 [bus])
[2023-09-26 13:44:19.671] [info] Loading bus.voltage_level (stages: 12 [1:12] [month] [1/2016], blocks: none, scenarios: 1, unit: kV, agents: 3 [bus])
[2023-09-26 13:44:19.672] [info] Converting gerter to binary
[2023-09-26 13:44:19.686] [info] Loading gerter (stages: 12 [1:12] [month] [1/2016], blocks: 24, scenarios: 1, unit: GWh, agents: 2 [thermal])
[2023-09-26 13:44:19.687] [info] AGGREGATE_BLOCKS: (stages: 12 [1:12] [month] [1/2016], blocks: 24, scenarios: 1, unit: GWh, agents: 2 [thermal])
[2023-09-26 13:44:19.687] [info] AGGREGATE_BLOCKS= (stages: 12 [1:12] [month] [1/2016], blocks: none, scenarios: 1, unit: GWh, agents: 2 [thermal])
[2023-09-26 13:44:19.687] [info] CONVERT: (stages: 12 [1:12] [month] [1/2016], blocks: none, scenarios: 1, unit: GWh, agents: 2 [thermal])
[2023-09-26 13:44:19.688] [info] Unit converted from [GWh] to [MW] with factor 1000.000000 / hour
[2023-09-26 13:44:19.688] [info] CONVERT= (stages: 12 [1:12] [month] [1/2016], blocks: none, scenarios: 1, unit: MW, agents: 2 [thermal])
[2023-09-26 13:44:19.689] [info] Converting cmgbus to binary
[2023-09-26 13:44:19.702] [info] Loading cmgbus (stages: 12 [1:12] [month] [1/2016], blocks: 24, scenarios: 1, unit: $/MWh, agents: 3 [bus])
[2023-09-26 13:44:19.703] [info] AGGREGATE_BLOCKS: (stages: 12 [1:12] [month] [1/2016], blocks: 24, scenarios: 1, unit: $/MWh, agents: 3 [bus])
[2023-09-26 13:44:19.704] [info] AGGREGATE_BLOCKS= (stages: 12 [1:12] [month] [1/2016], blocks: none, scenarios: 1, unit: $/MWh, agents: 3 [bus])
[2023-09-26 13:44:19.705] [info] Adding layers in "Thermal generation of case without constraints" chart (stages: 12 [1:12] [month] [1/2016], blocks: none, scenarios: 1, unit: MW, agents: 2 [thermal])
[2023-09-26 13:44:19.762] [info] Adding layers in "Local marginal prince of case without constraints" chart (stages: 12 [1:12] [month] [1/2016], blocks: none, scenarios: 1, unit: $/MWh, agents: 3 [bus])
[2023-09-26 13:44:19.817] [info] Adding layers in "Interpolation of case without constraints" chart (stages: 5 [1:5] [month] [1/2016], blocks: none, scenarios: 1, unit: MW, agents: 1 [generic])
[2023-09-26 13:44:19.845] [info] Adding layers in "Interpolation of case without constraints" chart (stages: 5 [1:5] [month] [1/2016], blocks: none, scenarios: 1, unit: MW, agents: 1 [generic])
[2023-09-26 13:44:19.869] [info] SELECT_FIRST_STAGE: (stages: 12 [1:12] [month] [1/2016], blocks: none, scenarios: 1, unit: MW, agents: 2 [thermal])
[2023-09-26 13:44:19.870] [info] SELECT_FIRST_STAGE= (stages: 12 [1:12] [month] [1/2016], blocks: none, scenarios: 1, unit: MW, agents: 2 [thermal])
[2023-09-26 13:44:19.871] [info] SELECT_LAST_STAGE: (stages: 12 [1:12] [month] [1/2016], blocks: none, scenarios: 1, unit: MW, agents: 2 [thermal])
[2023-09-26 13:44:19.872] [info] SELECT_LAST_STAGE= (stages: 1 [1:1] [month] [1/2016], blocks: none, scenarios: 1, unit: MW, agents: 2 [thermal])
[2023-09-26 13:44:19.873] [info] SELECT_AGENTS: (stages: 1 [1:1] [month] [1/2016], blocks: none, scenarios: 1, unit: MW, agents: 2 [thermal])
[2023-09-26 13:44:19.874] [info] SELECT_AGENTS= (stages: 1 [1:1] [month] [1/2016], blocks: none, scenarios: 1, unit: MW, agents: 1 [generic])
[2023-09-26 13:44:19.874] [info] SELECT_AGENTS: (stages: 1 [1:1] [month] [1/2016], blocks: none, scenarios: 1, unit: MW, agents: 2 [thermal])
[2023-09-26 13:44:19.875] [info] SELECT_AGENTS= (stages: 1 [1:1] [month] [1/2016], blocks: none, scenarios: 1, unit: MW, agents: 1 [generic])
[2023-09-26 13:44:19.877] [info] Adding layers in "Interpolation of case without constraints" chart (stages: 1 [1:1] [month] [1/2016], blocks: none, scenarios: 1, unit: MW, agents: 1 [generic])
[2023-09-26 13:44:19.888] [info] Adding layers in "Interpolation of case without constraints" chart (stages: 1 [1:1] [month] [1/2016], blocks: none, scenarios: 1, unit: MW, agents: 1 [generic])
[2023-09-26 13:44:19.899] [info] SELECT_FIRST_STAGE: (stages: 12 [1:12] [month] [1/2016], blocks: none, scenarios: 1, unit: MW, agents: 2 [thermal])
[2023-09-26 13:44:19.900] [info] SELECT_FIRST_STAGE= (stages: 11 [2:12] [month] [1/2016], blocks: none, scenarios: 1, unit: MW, agents: 2 [thermal])
[2023-09-26 13:44:19.900] [info] SELECT_LAST_STAGE: (stages: 11 [2:12] [month] [1/2016], blocks: none, scenarios: 1, unit: MW, agents: 2 [thermal])
[2023-09-26 13:44:19.901] [info] SELECT_LAST_STAGE= (stages: 1 [2:2] [month] [1/2016], blocks: none, scenarios: 1, unit: MW, agents: 2 [thermal])
[2023-09-26 13:44:19.901] [info] SELECT_AGENTS: (stages: 1 [2:2] [month] [1/2016], blocks: none, scenarios: 1, unit: MW, agents: 2 [thermal])
[2023-09-26 13:44:19.902] [info] SELECT_AGENTS= (stages: 1 [2:2] [month] [1/2016], blocks: none, scenarios: 1, unit: MW, agents: 1 [generic])
[2023-09-26 13:44:19.902] [info] SELECT_AGENTS: (stages: 1 [2:2] [month] [1/2016], blocks: none, scenarios: 1, unit: MW, agents: 2 [thermal])
[2023-09-26 13:44:19.904] [info] SELECT_AGENTS= (stages: 1 [2:2] [month] [1/2016], blocks: none, scenarios: 1, unit: MW, agents: 1 [generic])
[2023-09-26 13:44:19.906] [info] Adding layers in "Interpolation of case without constraints" chart (stages: 1 [2:2] [month] [1/2016], blocks: none, scenarios: 1, unit: MW, agents: 1 [generic])
[2023-09-26 13:44:19.918] [info] Adding layers in "Interpolation of case without constraints" chart (stages: 1 [2:2] [month] [1/2016], blocks: none, scenarios: 1, unit: MW, agents: 1 [generic])
[2023-09-26 13:44:19.929] [info] SELECT_FIRST_STAGE: (stages: 12 [1:12] [month] [1/2016], blocks: none, scenarios: 1, unit: MW, agents: 2 [thermal])
[2023-09-26 13:44:19.929] [info] SELECT_FIRST_STAGE= (stages: 10 [3:12] [month] [1/2016], blocks: none, scenarios: 1, unit: MW, agents: 2 [thermal])
[2023-09-26 13:44:19.930] [info] SELECT_LAST_STAGE: (stages: 10 [3:12] [month] [1/2016], blocks: none, scenarios: 1, unit: MW, agents: 2 [thermal])
[2023-09-26 13:44:19.931] [info] SELECT_LAST_STAGE= (stages: 1 [3:3] [month] [1/2016], blocks: none, scenarios: 1, unit: MW, agents: 2 [thermal])
[2023-09-26 13:44:19.931] [info] SELECT_AGENTS: (stages: 1 [3:3] [month] [1/2016], blocks: none, scenarios: 1, unit: MW, agents: 2 [thermal])
[2023-09-26 13:44:19.932] [info] SELECT_AGENTS= (stages: 1 [3:3] [month] [1/2016], blocks: none, scenarios: 1, unit: MW, agents: 1 [generic])
[2023-09-26 13:44:19.932] [info] SELECT_AGENTS: (stages: 1 [3:3] [month] [1/2016], blocks: none, scenarios: 1, unit: MW, agents: 2 [thermal])
[2023-09-26 13:44:19.932] [info] SELECT_AGENTS= (stages: 1 [3:3] [month] [1/2016], blocks: none, scenarios: 1, unit: MW, agents: 1 [generic])
[2023-09-26 13:44:19.935] [info] Adding layers in "Interpolation of case without constraints" chart (stages: 1 [3:3] [month] [1/2016], blocks: none, scenarios: 1, unit: MW, agents: 1 [generic])
[2023-09-26 13:44:19.947] [info] Adding layers in "Interpolation of case without constraints" chart (stages: 1 [3:3] [month] [1/2016], blocks: none, scenarios: 1, unit: MW, agents: 1 [generic])
[2023-09-26 13:44:19.958] [info] SELECT_FIRST_STAGE: (stages: 12 [1:12] [month] [1/2016], blocks: none, scenarios: 1, unit: MW, agents: 2 [thermal])
[2023-09-26 13:44:19.958] [info] SELECT_FIRST_STAGE= (stages: 9 [4:12] [month] [1/2016], blocks: none, scenarios: 1, unit: MW, agents: 2 [thermal])
[2023-09-26 13:44:19.959] [info] SELECT_LAST_STAGE: (stages: 9 [4:12] [month] [1/2016], blocks: none, scenarios: 1, unit: MW, agents: 2 [thermal])
[2023-09-26 13:44:19.960] [info] SELECT_LAST_STAGE= (stages: 1 [4:4] [month] [1/2016], blocks: none, scenarios: 1, unit: MW, agents: 2 [thermal])
[2023-09-26 13:44:19.960] [info] SELECT_AGENTS: (stages: 1 [4:4] [month] [1/2016], blocks: none, scenarios: 1, unit: MW, agents: 2 [thermal])
[2023-09-26 13:44:19.961] [info] SELECT_AGENTS= (stages: 1 [4:4] [month] [1/2016], blocks: none, scenarios: 1, unit: MW, agents: 1 [generic])
[2023-09-26 13:44:19.961] [info] SELECT_AGENTS: (stages: 1 [4:4] [month] [1/2016], blocks: none, scenarios: 1, unit: MW, agents: 2 [thermal])
[2023-09-26 13:44:19.961] [info] SELECT_AGENTS= (stages: 1 [4:4] [month] [1/2016], blocks: none, scenarios: 1, unit: MW, agents: 1 [generic])
[2023-09-26 13:44:19.963] [info] Adding layers in "Interpolation of case without constraints" chart (stages: 1 [4:4] [month] [1/2016], blocks: none, scenarios: 1, unit: MW, agents: 1 [generic])
[2023-09-26 13:44:19.976] [info] Adding layers in "Interpolation of case without constraints" chart (stages: 1 [4:4] [month] [1/2016], blocks: none, scenarios: 1, unit: MW, agents: 1 [generic])
[2023-09-26 13:44:19.988] [info] SELECT_FIRST_STAGE: (stages: 12 [1:12] [month] [1/2016], blocks: none, scenarios: 1, unit: MW, agents: 2 [thermal])
[2023-09-26 13:44:19.988] [info] SELECT_FIRST_STAGE= (stages: 8 [5:12] [month] [1/2016], blocks: none, scenarios: 1, unit: MW, agents: 2 [thermal])
[2023-09-26 13:44:19.989] [info] SELECT_LAST_STAGE: (stages: 8 [5:12] [month] [1/2016], blocks: none, scenarios: 1, unit: MW, agents: 2 [thermal])
[2023-09-26 13:44:19.990] [info] SELECT_LAST_STAGE= (stages: 1 [5:5] [month] [1/2016], blocks: none, scenarios: 1, unit: MW, agents: 2 [thermal])
[2023-09-26 13:44:19.990] [info] SELECT_AGENTS: (stages: 1 [5:5] [month] [1/2016], blocks: none, scenarios: 1, unit: MW, agents: 2 [thermal])
[2023-09-26 13:44:19.991] [info] SELECT_AGENTS= (stages: 1 [5:5] [month] [1/2016], blocks: none, scenarios: 1, unit: MW, agents: 1 [generic])
[2023-09-26 13:44:19.991] [info] SELECT_AGENTS: (stages: 1 [5:5] [month] [1/2016], blocks: none, scenarios: 1, unit: MW, agents: 2 [thermal])
[2023-09-26 13:44:19.992] [info] SELECT_AGENTS= (stages: 1 [5:5] [month] [1/2016], blocks: none, scenarios: 1, unit: MW, agents: 1 [generic])
[2023-09-26 13:44:19.993] [info] Adding layers in "Interpolation of case without constraints" chart (stages: 1 [5:5] [month] [1/2016], blocks: none, scenarios: 1, unit: MW, agents: 1 [generic])
[2023-09-26 13:44:20.011] [info] Adding layers in "Interpolation of case without constraints" chart (stages: 1 [5:5] [month] [1/2016], blocks: none, scenarios: 1, unit: MW, agents: 1 [generic])
[2023-09-26 13:44:20.024] [info] SELECT_FIRST_STAGE: (stages: 12 [1:12] [month] [1/2016], blocks: none, scenarios: 1, unit: MW, agents: 2 [thermal])
[2023-09-26 13:44:20.025] [info] SELECT_FIRST_STAGE= (stages: 7 [6:12] [month] [1/2016], blocks: none, scenarios: 1, unit: MW, agents: 2 [thermal])
[2023-09-26 13:44:20.026] [info] SELECT_LAST_STAGE: (stages: 7 [6:12] [month] [1/2016], blocks: none, scenarios: 1, unit: MW, agents: 2 [thermal])
[2023-09-26 13:44:20.027] [info] SELECT_LAST_STAGE= (stages: 1 [6:6] [month] [1/2016], blocks: none, scenarios: 1, unit: MW, agents: 2 [thermal])
[2023-09-26 13:44:20.028] [info] SELECT_AGENTS: (stages: 1 [6:6] [month] [1/2016], blocks: none, scenarios: 1, unit: MW, agents: 2 [thermal])
[2023-09-26 13:44:20.028] [info] SELECT_AGENTS= (stages: 1 [6:6] [month] [1/2016], blocks: none, scenarios: 1, unit: MW, agents: 1 [generic])
[2023-09-26 13:44:20.029] [info] SELECT_AGENTS: (stages: 1 [6:6] [month] [1/2016], blocks: none, scenarios: 1, unit: MW, agents: 2 [thermal])
[2023-09-26 13:44:20.029] [info] SELECT_AGENTS= (stages: 1 [6:6] [month] [1/2016], blocks: none, scenarios: 1, unit: MW, agents: 1 [generic])
[2023-09-26 13:44:20.031] [info] Adding layers in "Interpolation of case without constraints" chart (stages: 1 [6:6] [month] [1/2016], blocks: none, scenarios: 1, unit: MW, agents: 1 [generic])
[2023-09-26 13:44:20.044] [info] Adding layers in "Interpolation of case without constraints" chart (stages: 1 [6:6] [month] [1/2016], blocks: none, scenarios: 1, unit: MW, agents: 1 [generic])
[2023-09-26 13:44:20.055] [info] SELECT_FIRST_STAGE: (stages: 12 [1:12] [month] [1/2016], blocks: none, scenarios: 1, unit: MW, agents: 2 [thermal])
[2023-09-26 13:44:20.055] [info] SELECT_FIRST_STAGE= (stages: 6 [7:12] [month] [1/2016], blocks: none, scenarios: 1, unit: MW, agents: 2 [thermal])
[2023-09-26 13:44:20.055] [info] SELECT_LAST_STAGE: (stages: 6 [7:12] [month] [1/2016], blocks: none, scenarios: 1, unit: MW, agents: 2 [thermal])
[2023-09-26 13:44:20.056] [info] SELECT_LAST_STAGE= (stages: 1 [7:7] [month] [1/2016], blocks: none, scenarios: 1, unit: MW, agents: 2 [thermal])
[2023-09-26 13:44:20.058] [info] SELECT_AGENTS: (stages: 1 [7:7] [month] [1/2016], blocks: none, scenarios: 1, unit: MW, agents: 2 [thermal])
[2023-09-26 13:44:20.060] [info] SELECT_AGENTS= (stages: 1 [7:7] [month] [1/2016], blocks: none, scenarios: 1, unit: MW, agents: 1 [generic])
[2023-09-26 13:44:20.061] [info] SELECT_AGENTS: (stages: 1 [7:7] [month] [1/2016], blocks: none, scenarios: 1, unit: MW, agents: 2 [thermal])
[2023-09-26 13:44:20.063] [info] SELECT_AGENTS= (stages: 1 [7:7] [month] [1/2016], blocks: none, scenarios: 1, unit: MW, agents: 1 [generic])
[2023-09-26 13:44:20.065] [info] Adding layers in "Interpolation of case without constraints" chart (stages: 1 [7:7] [month] [1/2016], blocks: none, scenarios: 1, unit: MW, agents: 1 [generic])
[2023-09-26 13:44:20.079] [info] Adding layers in "Interpolation of case without constraints" chart (stages: 1 [7:7] [month] [1/2016], blocks: none, scenarios: 1, unit: MW, agents: 1 [generic])
[2023-09-26 13:44:20.091] [info] SELECT_FIRST_STAGE: (stages: 12 [1:12] [month] [1/2016], blocks: none, scenarios: 1, unit: MW, agents: 2 [thermal])
[2023-09-26 13:44:20.091] [info] SELECT_FIRST_STAGE= (stages: 5 [8:12] [month] [1/2016], blocks: none, scenarios: 1, unit: MW, agents: 2 [thermal])
[2023-09-26 13:44:20.092] [info] SELECT_LAST_STAGE: (stages: 5 [8:12] [month] [1/2016], blocks: none, scenarios: 1, unit: MW, agents: 2 [thermal])
[2023-09-26 13:44:20.093] [info] SELECT_LAST_STAGE= (stages: 1 [8:8] [month] [1/2016], blocks: none, scenarios: 1, unit: MW, agents: 2 [thermal])
[2023-09-26 13:44:20.093] [info] SELECT_AGENTS: (stages: 1 [8:8] [month] [1/2016], blocks: none, scenarios: 1, unit: MW, agents: 2 [thermal])
[2023-09-26 13:44:20.094] [info] SELECT_AGENTS= (stages: 1 [8:8] [month] [1/2016], blocks: none, scenarios: 1, unit: MW, agents: 1 [generic])
[2023-09-26 13:44:20.094] [info] SELECT_AGENTS: (stages: 1 [8:8] [month] [1/2016], blocks: none, scenarios: 1, unit: MW, agents: 2 [thermal])
[2023-09-26 13:44:20.095] [info] SELECT_AGENTS= (stages: 1 [8:8] [month] [1/2016], blocks: none, scenarios: 1, unit: MW, agents: 1 [generic])
[2023-09-26 13:44:20.096] [info] Adding layers in "Interpolation of case without constraints" chart (stages: 1 [8:8] [month] [1/2016], blocks: none, scenarios: 1, unit: MW, agents: 1 [generic])
[2023-09-26 13:44:20.112] [info] Adding layers in "Interpolation of case without constraints" chart (stages: 1 [8:8] [month] [1/2016], blocks: none, scenarios: 1, unit: MW, agents: 1 [generic])
[2023-09-26 13:44:20.124] [info] SELECT_FIRST_STAGE: (stages: 12 [1:12] [month] [1/2016], blocks: none, scenarios: 1, unit: MW, agents: 2 [thermal])
[2023-09-26 13:44:20.125] [info] SELECT_FIRST_STAGE= (stages: 4 [9:12] [month] [1/2016], blocks: none, scenarios: 1, unit: MW, agents: 2 [thermal])
[2023-09-26 13:44:20.126] [info] SELECT_LAST_STAGE: (stages: 4 [9:12] [month] [1/2016], blocks: none, scenarios: 1, unit: MW, agents: 2 [thermal])
[2023-09-26 13:44:20.126] [info] SELECT_LAST_STAGE= (stages: 1 [9:9] [month] [1/2016], blocks: none, scenarios: 1, unit: MW, agents: 2 [thermal])
[2023-09-26 13:44:20.127] [info] SELECT_AGENTS: (stages: 1 [9:9] [month] [1/2016], blocks: none, scenarios: 1, unit: MW, agents: 2 [thermal])
[2023-09-26 13:44:20.127] [info] SELECT_AGENTS= (stages: 1 [9:9] [month] [1/2016], blocks: none, scenarios: 1, unit: MW, agents: 1 [generic])
[2023-09-26 13:44:20.128] [info] SELECT_AGENTS: (stages: 1 [9:9] [month] [1/2016], blocks: none, scenarios: 1, unit: MW, agents: 2 [thermal])
[2023-09-26 13:44:20.128] [info] SELECT_AGENTS= (stages: 1 [9:9] [month] [1/2016], blocks: none, scenarios: 1, unit: MW, agents: 1 [generic])
[2023-09-26 13:44:20.130] [info] Adding layers in "Interpolation of case without constraints" chart (stages: 1 [9:9] [month] [1/2016], blocks: none, scenarios: 1, unit: MW, agents: 1 [generic])
[2023-09-26 13:44:20.143] [info] Adding layers in "Interpolation of case without constraints" chart (stages: 1 [9:9] [month] [1/2016], blocks: none, scenarios: 1, unit: MW, agents: 1 [generic])
[2023-09-26 13:44:20.155] [info] SELECT_FIRST_STAGE: (stages: 12 [1:12] [month] [1/2016], blocks: none, scenarios: 1, unit: MW, agents: 2 [thermal])
[2023-09-26 13:44:20.155] [info] SELECT_FIRST_STAGE= (stages: 3 [10:12] [month] [1/2016], blocks: none, scenarios: 1, unit: MW, agents: 2 [thermal])
[2023-09-26 13:44:20.156] [info] SELECT_LAST_STAGE: (stages: 3 [10:12] [month] [1/2016], blocks: none, scenarios: 1, unit: MW, agents: 2 [thermal])
[2023-09-26 13:44:20.157] [info] SELECT_LAST_STAGE= (stages: 1 [10:10] [month] [1/2016], blocks: none, scenarios: 1, unit: MW, agents: 2 [thermal])
[2023-09-26 13:44:20.157] [info] SELECT_AGENTS: (stages: 1 [10:10] [month] [1/2016], blocks: none, scenarios: 1, unit: MW, agents: 2 [thermal])
[2023-09-26 13:44:20.158] [info] SELECT_AGENTS= (stages: 1 [10:10] [month] [1/2016], blocks: none, scenarios: 1, unit: MW, agents: 1 [generic])
[2023-09-26 13:44:20.158] [info] SELECT_AGENTS: (stages: 1 [10:10] [month] [1/2016], blocks: none, scenarios: 1, unit: MW, agents: 2 [thermal])
[2023-09-26 13:44:20.159] [info] SELECT_AGENTS= (stages: 1 [10:10] [month] [1/2016], blocks: none, scenarios: 1, unit: MW, agents: 1 [generic])
[2023-09-26 13:44:20.160] [info] Adding layers in "Interpolation of case without constraints" chart (stages: 1 [10:10] [month] [1/2016], blocks: none, scenarios: 1, unit: MW, agents: 1 [generic])
[2023-09-26 13:44:20.176] [info] Adding layers in "Interpolation of case without constraints" chart (stages: 1 [10:10] [month] [1/2016], blocks: none, scenarios: 1, unit: MW, agents: 1 [generic])
[2023-09-26 13:44:20.188] [info] SELECT_FIRST_STAGE: (stages: 12 [1:12] [month] [1/2016], blocks: none, scenarios: 1, unit: MW, agents: 2 [thermal])
[2023-09-26 13:44:20.188] [info] SELECT_FIRST_STAGE= (stages: 2 [11:12] [month] [1/2016], blocks: none, scenarios: 1, unit: MW, agents: 2 [thermal])
[2023-09-26 13:44:20.189] [info] SELECT_LAST_STAGE: (stages: 2 [11:12] [month] [1/2016], blocks: none, scenarios: 1, unit: MW, agents: 2 [thermal])
[2023-09-26 13:44:20.190] [info] SELECT_LAST_STAGE= (stages: 1 [11:11] [month] [1/2016], blocks: none, scenarios: 1, unit: MW, agents: 2 [thermal])
[2023-09-26 13:44:20.190] [info] SELECT_AGENTS: (stages: 1 [11:11] [month] [1/2016], blocks: none, scenarios: 1, unit: MW, agents: 2 [thermal])
[2023-09-26 13:44:20.191] [info] SELECT_AGENTS= (stages: 1 [11:11] [month] [1/2016], blocks: none, scenarios: 1, unit: MW, agents: 1 [generic])
[2023-09-26 13:44:20.191] [info] SELECT_AGENTS: (stages: 1 [11:11] [month] [1/2016], blocks: none, scenarios: 1, unit: MW, agents: 2 [thermal])
[2023-09-26 13:44:20.191] [info] SELECT_AGENTS= (stages: 1 [11:11] [month] [1/2016], blocks: none, scenarios: 1, unit: MW, agents: 1 [generic])
[2023-09-26 13:44:20.193] [info] Adding layers in "Interpolation of case without constraints" chart (stages: 1 [11:11] [month] [1/2016], blocks: none, scenarios: 1, unit: MW, agents: 1 [generic])
[2023-09-26 13:44:20.207] [info] Adding layers in "Interpolation of case without constraints" chart (stages: 1 [11:11] [month] [1/2016], blocks: none, scenarios: 1, unit: MW, agents: 1 [generic])
[2023-09-26 13:44:20.219] [info] SELECT_FIRST_STAGE: (stages: 12 [1:12] [month] [1/2016], blocks: none, scenarios: 1, unit: MW, agents: 2 [thermal])
[2023-09-26 13:44:20.220] [info] SELECT_FIRST_STAGE= (stages: 1 [12:12] [month] [1/2016], blocks: none, scenarios: 1, unit: MW, agents: 2 [thermal])
[2023-09-26 13:44:20.221] [info] SELECT_LAST_STAGE: (stages: 1 [12:12] [month] [1/2016], blocks: none, scenarios: 1, unit: MW, agents: 2 [thermal])
[2023-09-26 13:44:20.221] [info] SELECT_LAST_STAGE= (stages: 1 [12:12] [month] [1/2016], blocks: none, scenarios: 1, unit: MW, agents: 2 [thermal])
[2023-09-26 13:44:20.222] [info] SELECT_AGENTS: (stages: 1 [12:12] [month] [1/2016], blocks: none, scenarios: 1, unit: MW, agents: 2 [thermal])
[2023-09-26 13:44:20.222] [info] SELECT_AGENTS= (stages: 1 [12:12] [month] [1/2016], blocks: none, scenarios: 1, unit: MW, agents: 1 [generic])
[2023-09-26 13:44:20.223] [info] SELECT_AGENTS: (stages: 1 [12:12] [month] [1/2016], blocks: none, scenarios: 1, unit: MW, agents: 2 [thermal])
[2023-09-26 13:44:20.223] [info] SELECT_AGENTS= (stages: 1 [12:12] [month] [1/2016], blocks: none, scenarios: 1, unit: MW, agents: 1 [generic])
[2023-09-26 13:44:20.225] [info] Adding layers in "Interpolation of case without constraints" chart (stages: 1 [12:12] [month] [1/2016], blocks: none, scenarios: 1, unit: MW, agents: 1 [generic])
[2023-09-26 13:44:20.239] [info] Adding layers in "Interpolation of case without constraints" chart (stages: 1 [12:12] [month] [1/2016], blocks: none, scenarios: 1, unit: MW, agents: 1 [generic])
[2023-09-26 13:44:20.252] [info] SELECT_AGENTS: (stages: 12 [1:12] [month] [1/2016], blocks: none, scenarios: 1, unit: MW, agents: 2 [thermal])
[2023-09-26 13:44:20.252] [info] SELECT_AGENTS= (stages: 12 [1:12] [month] [1/2016], blocks: none, scenarios: 1, unit: MW, agents: 1 [generic])
[2023-09-26 13:44:20.253] [info] RENAME_AGENTS: (stages: 12 [1:12] [month] [1/2016], blocks: none, scenarios: 1, unit: MW, agents: 1 [generic])
[2023-09-26 13:44:20.253] [info] RENAME_AGENTS= (stages: 12 [1:12] [month] [1/2016], blocks: none, scenarios: 1, unit: MW, agents: 1 [generic])
[2023-09-26 13:44:20.255] [info] Adding layers in "T1" chart (stages: 12 [1:12] [month] [1/2016], blocks: none, scenarios: 1, unit: MW, agents: 1 [generic])
[2023-09-26 13:44:20.304] [info] SELECT_AGENTS: (stages: 12 [1:12] [month] [1/2016], blocks: none, scenarios: 1, unit: MW, agents: 2 [thermal])
[2023-09-26 13:44:20.304] [info] SELECT_AGENTS= (stages: 12 [1:12] [month] [1/2016], blocks: none, scenarios: 1, unit: MW, agents: 1 [generic])
[2023-09-26 13:44:20.305] [info] RENAME_AGENTS: (stages: 12 [1:12] [month] [1/2016], blocks: none, scenarios: 1, unit: MW, agents: 1 [generic])
[2023-09-26 13:44:20.305] [info] RENAME_AGENTS= (stages: 12 [1:12] [month] [1/2016], blocks: none, scenarios: 1, unit: MW, agents: 1 [generic])
[2023-09-26 13:44:20.307] [info] Adding layers in "T2" chart (stages: 12 [1:12] [month] [1/2016], blocks: none, scenarios: 1, unit: MW, agents: 1 [generic])
[2023-09-26 13:44:20.357] [info] SELECT_AGENTS: (stages: 12 [1:12] [month] [1/2016], blocks: none, scenarios: 1, unit: $/MWh, agents: 3 [bus])
[2023-09-26 13:44:20.357] [info] SELECT_AGENTS= (stages: 12 [1:12] [month] [1/2016], blocks: none, scenarios: 1, unit: $/MWh, agents: 1 [generic])
[2023-09-26 13:44:20.358] [info] RENAME_AGENTS: (stages: 12 [1:12] [month] [1/2016], blocks: none, scenarios: 1, unit: $/MWh, agents: 1 [generic])
[2023-09-26 13:44:20.358] [info] RENAME_AGENTS= (stages: 12 [1:12] [month] [1/2016], blocks: none, scenarios: 1, unit: $/MWh, agents: 1 [generic])
[2023-09-26 13:44:20.360] [info] Adding layers in "B1" chart (stages: 12 [1:12] [month] [1/2016], blocks: none, scenarios: 1, unit: $/MWh, agents: 1 [generic])
[2023-09-26 13:44:20.417] [info] SELECT_AGENTS: (stages: 12 [1:12] [month] [1/2016], blocks: none, scenarios: 1, unit: $/MWh, agents: 3 [bus])
[2023-09-26 13:44:20.417] [info] SELECT_AGENTS= (stages: 12 [1:12] [month] [1/2016], blocks: none, scenarios: 1, unit: $/MWh, agents: 1 [generic])
[2023-09-26 13:44:20.417] [info] RENAME_AGENTS: (stages: 12 [1:12] [month] [1/2016], blocks: none, scenarios: 1, unit: $/MWh, agents: 1 [generic])
[2023-09-26 13:44:20.418] [info] RENAME_AGENTS= (stages: 12 [1:12] [month] [1/2016], blocks: none, scenarios: 1, unit: $/MWh, agents: 1 [generic])
[2023-09-26 13:44:20.420] [info] Adding layers in "B2" chart (stages: 12 [1:12] [month] [1/2016], blocks: none, scenarios: 1, unit: $/MWh, agents: 1 [generic])
[2023-09-26 13:44:20.496] [info] SELECT_AGENTS: (stages: 12 [1:12] [month] [1/2016], blocks: none, scenarios: 1, unit: $/MWh, agents: 3 [bus])
[2023-09-26 13:44:20.497] [info] SELECT_AGENTS= (stages: 12 [1:12] [month] [1/2016], blocks: none, scenarios: 1, unit: $/MWh, agents: 1 [generic])
[2023-09-26 13:44:20.497] [info] RENAME_AGENTS: (stages: 12 [1:12] [month] [1/2016], blocks: none, scenarios: 1, unit: $/MWh, agents: 1 [generic])
[2023-09-26 13:44:20.498] [info] RENAME_AGENTS= (stages: 12 [1:12] [month] [1/2016], blocks: none, scenarios: 1, unit: $/MWh, agents: 1 [generic])
[2023-09-26 13:44:20.500] [info] Adding layers in "B3" chart (stages: 12 [1:12] [month] [1/2016], blocks: none, scenarios: 1, unit: $/MWh, agents: 1 [generic])
[2023-09-26 13:44:20.553] [info] Loading thermal.code (stages: 1 [1:1] [month] [1/2016], blocks: none, scenarios: 1, unit: , agents: 2 [thermal])
[2023-09-26 13:44:20.553] [info] Loading thermal.state (stages: 12 [1:12] [month] [1/2016], blocks: none, scenarios: 1, unit: , agents: 2 [thermal])
[2023-09-26 13:44:20.554] [info] Loading thermal.units (stages: 12 [1:12] [month] [1/2016], blocks: none, scenarios: 1, unit: , agents: 2 [thermal])
[2023-09-26 13:44:20.554] [info] Loading thermal.system (stages: 1 [1:1] [month] [1/2016], blocks: none, scenarios: 1, unit: , agents: 2 [thermal])
[2023-09-26 13:44:20.554] [info] Loading thermal.min_generation (stages: 12 [1:12] [month] [1/2016], blocks: none, scenarios: 1, unit: MW, agents: 2 [thermal])
[2023-09-26 13:44:20.554] [info] Loading thermal.min_generation_available (stages: 12 [1:12] [month] [1/2016], blocks: none, scenarios: 1, unit: MW, agents: 2 [thermal])
[2023-09-26 13:44:20.554] [info] Loading thermal.min_generation_constraint (stages: 12 [1:12] [month] [1/2016], blocks: 24, scenarios: 1, unit: MW, agents: 2 [thermal])
[2023-09-26 13:44:20.554] [info] Loading thermal.max_generation (stages: 12 [1:12] [month] [1/2016], blocks: none, scenarios: 1, unit: MW, agents: 2 [thermal])
[2023-09-26 13:44:20.554] [info] Loading thermal.max_generation_available (stages: 12 [1:12] [month] [1/2016], blocks: none, scenarios: 1, unit: MW, agents: 2 [thermal])
[2023-09-26 13:44:20.554] [info] Loading thermal.forced_outage_rate (stages: 12 [1:12] [month] [1/2016], blocks: none, scenarios: 1, unit: %, agents: 2 [thermal])
[2023-09-26 13:44:20.554] [info] Loading thermal.historical_outage_factor (stages: 12 [1:12] [month] [1/2016], blocks: none, scenarios: 1, unit: %, agents: 2 [thermal])
[2023-09-26 13:44:20.555] [info] Loading thermal.startup_cost (stages: 12 [1:12] [month] [1/2016], blocks: none, scenarios: 1, unit: k$, agents: 2 [thermal])
[2023-09-26 13:44:20.555] [info] Loading thermal.startup_cost_constraint (stages: 12 [1:12] [month] [1/2016], blocks: 24, scenarios: 1, unit: k$, agents: 2 [thermal])
[2023-09-26 13:44:20.555] [info] Loading thermal.om_cost (stages: 12 [1:12] [month] [1/2016], blocks: none, scenarios: 1, unit: $/MWh, agents: 2 [thermal])
[2023-09-26 13:44:20.555] [info] Loading thermal.specific_consumption_segment_1 (stages: 12 [1:12] [month] [1/2016], blocks: 24, scenarios: 1, unit: gal/MWh, agents: 2 [thermal])
[2023-09-26 13:44:20.555] [info] Loading thermal.specific_consumption_segment_2 (stages: 12 [1:12] [month] [1/2016], blocks: 24, scenarios: 1, unit: gal/MWh, agents: 2 [thermal])
[2023-09-26 13:44:20.555] [info] Loading thermal.specific_consumption_segment_3 (stages: 12 [1:12] [month] [1/2016], blocks: 24, scenarios: 1, unit: gal/MWh, agents: 2 [thermal])
[2023-09-26 13:44:20.555] [info] Loading thermal.curve_segment_1 (stages: 12 [1:12] [month] [1/2016], blocks: none, scenarios: 1, unit: %, agents: 2 [thermal])
[2023-09-26 13:44:20.555] [info] Loading thermal.curve_segment_2 (stages: 12 [1:12] [month] [1/2016], blocks: none, scenarios: 1, unit: %, agents: 2 [thermal])
[2023-09-26 13:44:20.556] [info] Loading thermal.curve_segment_3 (stages: 12 [1:12] [month] [1/2016], blocks: none, scenarios: 1, unit: %, agents: 2 [thermal])
[2023-09-26 13:44:20.556] [info] Loading thermal.fuel_transportation_cost (stages: 12 [1:12] [month] [1/2016], blocks: none, scenarios: 1, unit: $/gal, agents: 2 [thermal])
[2023-09-26 13:44:20.556] [info] Loading thermal.operation_mode (stages: 12 [1:12] [month] [1/2016], blocks: none, scenarios: 1, unit: , agents: 2 [thermal])
[2023-09-26 13:44:20.556] [info] Loading thermal.emission_coefficient (stages: 12 [1:12] [month] [1/2016], blocks: none, scenarios: 1, unit: pu, agents: 2 [thermal])
[2023-09-26 13:44:20.556] [info] Loading thermal.ramp_up (stages: 12 [1:12] [month] [1/2016], blocks: none, scenarios: 1, unit: MW/min, agents: 2 [thermal])
[2023-09-26 13:44:20.556] [info] Loading thermal.ramp_down (stages: 12 [1:12] [month] [1/2016], blocks: none, scenarios: 1, unit: MW/min, agents: 2 [thermal])
[2023-09-26 13:44:20.556] [info] Loading thermal.min_uptime (stages: 12 [1:12] [month] [1/2016], blocks: none, scenarios: 1, unit: hour, agents: 2 [thermal])
[2023-09-26 13:44:20.557] [info] Loading thermal.min_downtime (stages: 12 [1:12] [month] [1/2016], blocks: none, scenarios: 1, unit: hour, agents: 2 [thermal])
[2023-09-26 13:44:20.557] [info] Loading thermal.max_startups (stages: 12 [1:12] [month] [1/2016], blocks: none, scenarios: 1, unit: , agents: 2 [thermal])
[2023-09-26 13:44:20.557] [info] Loading thermal.max_shutdowns (stages: 12 [1:12] [month] [1/2016], blocks: none, scenarios: 1, unit: , agents: 2 [thermal])
[2023-09-26 13:44:20.557] [info] Loading thermal.shutdown_cost (stages: 12 [1:12] [month] [1/2016], blocks: none, scenarios: 1, unit: k$, agents: 2 [thermal])
[2023-09-26 13:44:20.557] [info] Loading thermal.alternative_fuel (stages: 12 [1:12] [month] [1/2016], blocks: none, scenarios: 1, unit: , agents: 2 [thermal])
[2023-09-26 13:44:20.557] [info] Loading thermal.spinning_reserve (stages: 12 [1:12] [month] [1/2016], blocks: 24, scenarios: 1, unit: %, agents: 2 [thermal])
[2023-09-26 13:44:20.557] [info] Loading thermal.max_reserve (stages: 12 [1:12] [month] [1/2016], blocks: 24, scenarios: 1, unit: MW, agents: 2 [thermal])
[2023-09-26 13:44:20.558] [info] Loading thermal.bid_price (stages: 12 [1:12] [month] [1/2016], blocks: 24, scenarios: 1, unit: $/MWh, agents: 2 [thermal])
[2023-09-26 13:44:20.558] [info] Loading bus.code (stages: 1 [1:1] [month] [1/2016], blocks: none, scenarios: 1, unit: , agents: 3 [bus])
[2023-09-26 13:44:20.558] [info] Loading bus.voltage_level (stages: 12 [1:12] [month] [1/2016], blocks: none, scenarios: 1, unit: kV, agents: 3 [bus])
[2023-09-26 13:44:20.558] [info] Converting gerter to binary
[2023-09-26 13:44:20.575] [info] Loading gerter (stages: 12 [1:12] [month] [1/2016], blocks: 24, scenarios: 1, unit: GWh, agents: 2 [thermal])
[2023-09-26 13:44:20.576] [info] AGGREGATE_BLOCKS: (stages: 12 [1:12] [month] [1/2016], blocks: 24, scenarios: 1, unit: GWh, agents: 2 [thermal])
[2023-09-26 13:44:20.577] [info] AGGREGATE_BLOCKS= (stages: 12 [1:12] [month] [1/2016], blocks: none, scenarios: 1, unit: GWh, agents: 2 [thermal])
[2023-09-26 13:44:20.577] [info] CONVERT: (stages: 12 [1:12] [month] [1/2016], blocks: none, scenarios: 1, unit: GWh, agents: 2 [thermal])
[2023-09-26 13:44:20.578] [info] Unit converted from [GWh] to [MW] with factor 1000.000000 / hour
[2023-09-26 13:44:20.578] [info] CONVERT= (stages: 12 [1:12] [month] [1/2016], blocks: none, scenarios: 1, unit: MW, agents: 2 [thermal])
[2023-09-26 13:44:20.579] [info] Converting cmgbus to binary
[2023-09-26 13:44:20.590] [info] Loading cmgbus (stages: 12 [1:12] [month] [1/2016], blocks: 24, scenarios: 1, unit: $/MWh, agents: 3 [bus])
[2023-09-26 13:44:20.592] [info] AGGREGATE_BLOCKS: (stages: 12 [1:12] [month] [1/2016], blocks: 24, scenarios: 1, unit: $/MWh, agents: 3 [bus])
[2023-09-26 13:44:20.593] [info] AGGREGATE_BLOCKS= (stages: 12 [1:12] [month] [1/2016], blocks: none, scenarios: 1, unit: $/MWh, agents: 3 [bus])
[2023-09-26 13:44:20.595] [info] Adding layers in "Thermal generation of case with constraints" chart (stages: 12 [1:12] [month] [1/2016], blocks: none, scenarios: 1, unit: MW, agents: 2 [thermal])
[2023-09-26 13:44:20.647] [info] Adding layers in "Local marginal prince of case with constraints" chart (stages: 12 [1:12] [month] [1/2016], blocks: none, scenarios: 1, unit: $/MWh, agents: 3 [bus])
[2023-09-26 13:44:20.697] [info] Adding layers in "Interpolation of case with constraints" chart (stages: 5 [1:5] [month] [1/2016], blocks: none, scenarios: 1, unit: MW, agents: 1 [generic])
[2023-09-26 13:44:20.723] [info] Adding layers in "Interpolation of case with constraints" chart (stages: 5 [1:5] [month] [1/2016], blocks: none, scenarios: 1, unit: MW, agents: 1 [generic])
[2023-09-26 13:44:20.748] [info] SELECT_FIRST_STAGE: (stages: 12 [1:12] [month] [1/2016], blocks: none, scenarios: 1, unit: MW, agents: 2 [thermal])
[2023-09-26 13:44:20.748] [info] SELECT_FIRST_STAGE= (stages: 12 [1:12] [month] [1/2016], blocks: none, scenarios: 1, unit: MW, agents: 2 [thermal])
[2023-09-26 13:44:20.751] [info] SELECT_LAST_STAGE: (stages: 12 [1:12] [month] [1/2016], blocks: none, scenarios: 1, unit: MW, agents: 2 [thermal])
[2023-09-26 13:44:20.751] [info] SELECT_LAST_STAGE= (stages: 1 [1:1] [month] [1/2016], blocks: none, scenarios: 1, unit: MW, agents: 2 [thermal])
[2023-09-26 13:44:20.752] [info] SELECT_AGENTS: (stages: 1 [1:1] [month] [1/2016], blocks: none, scenarios: 1, unit: MW, agents: 2 [thermal])
[2023-09-26 13:44:20.753] [info] SELECT_AGENTS= (stages: 1 [1:1] [month] [1/2016], blocks: none, scenarios: 1, unit: MW, agents: 1 [generic])
[2023-09-26 13:44:20.753] [info] SELECT_AGENTS: (stages: 1 [1:1] [month] [1/2016], blocks: none, scenarios: 1, unit: MW, agents: 2 [thermal])
[2023-09-26 13:44:20.754] [info] SELECT_AGENTS= (stages: 1 [1:1] [month] [1/2016], blocks: none, scenarios: 1, unit: MW, agents: 1 [generic])
[2023-09-26 13:44:20.755] [info] Adding layers in "Interpolation of case with constraints" chart (stages: 1 [1:1] [month] [1/2016], blocks: none, scenarios: 1, unit: MW, agents: 1 [generic])
[2023-09-26 13:44:20.771] [info] Adding layers in "Interpolation of case with constraints" chart (stages: 1 [1:1] [month] [1/2016], blocks: none, scenarios: 1, unit: MW, agents: 1 [generic])
[2023-09-26 13:44:20.780] [info] SELECT_FIRST_STAGE: (stages: 12 [1:12] [month] [1/2016], blocks: none, scenarios: 1, unit: MW, agents: 2 [thermal])
[2023-09-26 13:44:20.781] [info] SELECT_FIRST_STAGE= (stages: 11 [2:12] [month] [1/2016], blocks: none, scenarios: 1, unit: MW, agents: 2 [thermal])
[2023-09-26 13:44:20.781] [info] SELECT_LAST_STAGE: (stages: 11 [2:12] [month] [1/2016], blocks: none, scenarios: 1, unit: MW, agents: 2 [thermal])
[2023-09-26 13:44:20.783] [info] SELECT_LAST_STAGE= (stages: 1 [2:2] [month] [1/2016], blocks: none, scenarios: 1, unit: MW, agents: 2 [thermal])
[2023-09-26 13:44:20.784] [info] SELECT_AGENTS: (stages: 1 [2:2] [month] [1/2016], blocks: none, scenarios: 1, unit: MW, agents: 2 [thermal])
[2023-09-26 13:44:20.785] [info] SELECT_AGENTS= (stages: 1 [2:2] [month] [1/2016], blocks: none, scenarios: 1, unit: MW, agents: 1 [generic])
[2023-09-26 13:44:20.785] [info] SELECT_AGENTS: (stages: 1 [2:2] [month] [1/2016], blocks: none, scenarios: 1, unit: MW, agents: 2 [thermal])
[2023-09-26 13:44:20.786] [info] SELECT_AGENTS= (stages: 1 [2:2] [month] [1/2016], blocks: none, scenarios: 1, unit: MW, agents: 1 [generic])
[2023-09-26 13:44:20.787] [info] Adding layers in "Interpolation of case with constraints" chart (stages: 1 [2:2] [month] [1/2016], blocks: none, scenarios: 1, unit: MW, agents: 1 [generic])
[2023-09-26 13:44:20.798] [info] Adding layers in "Interpolation of case with constraints" chart (stages: 1 [2:2] [month] [1/2016], blocks: none, scenarios: 1, unit: MW, agents: 1 [generic])
[2023-09-26 13:44:20.809] [info] SELECT_FIRST_STAGE: (stages: 12 [1:12] [month] [1/2016], blocks: none, scenarios: 1, unit: MW, agents: 2 [thermal])
[2023-09-26 13:44:20.809] [info] SELECT_FIRST_STAGE= (stages: 10 [3:12] [month] [1/2016], blocks: none, scenarios: 1, unit: MW, agents: 2 [thermal])
[2023-09-26 13:44:20.810] [info] SELECT_LAST_STAGE: (stages: 10 [3:12] [month] [1/2016], blocks: none, scenarios: 1, unit: MW, agents: 2 [thermal])
[2023-09-26 13:44:20.810] [info] SELECT_LAST_STAGE= (stages: 1 [3:3] [month] [1/2016], blocks: none, scenarios: 1, unit: MW, agents: 2 [thermal])
[2023-09-26 13:44:20.811] [info] SELECT_AGENTS: (stages: 1 [3:3] [month] [1/2016], blocks: none, scenarios: 1, unit: MW, agents: 2 [thermal])
[2023-09-26 13:44:20.811] [info] SELECT_AGENTS= (stages: 1 [3:3] [month] [1/2016], blocks: none, scenarios: 1, unit: MW, agents: 1 [generic])
[2023-09-26 13:44:20.811] [info] SELECT_AGENTS: (stages: 1 [3:3] [month] [1/2016], blocks: none, scenarios: 1, unit: MW, agents: 2 [thermal])
[2023-09-26 13:44:20.812] [info] SELECT_AGENTS= (stages: 1 [3:3] [month] [1/2016], blocks: none, scenarios: 1, unit: MW, agents: 1 [generic])
[2023-09-26 13:44:20.814] [info] Adding layers in "Interpolation of case with constraints" chart (stages: 1 [3:3] [month] [1/2016], blocks: none, scenarios: 1, unit: MW, agents: 1 [generic])
[2023-09-26 13:44:20.826] [info] Adding layers in "Interpolation of case with constraints" chart (stages: 1 [3:3] [month] [1/2016], blocks: none, scenarios: 1, unit: MW, agents: 1 [generic])
[2023-09-26 13:44:20.838] [info] SELECT_FIRST_STAGE: (stages: 12 [1:12] [month] [1/2016], blocks: none, scenarios: 1, unit: MW, agents: 2 [thermal])
[2023-09-26 13:44:20.839] [info] SELECT_FIRST_STAGE= (stages: 9 [4:12] [month] [1/2016], blocks: none, scenarios: 1, unit: MW, agents: 2 [thermal])
[2023-09-26 13:44:20.839] [info] SELECT_LAST_STAGE: (stages: 9 [4:12] [month] [1/2016], blocks: none, scenarios: 1, unit: MW, agents: 2 [thermal])
[2023-09-26 13:44:20.840] [info] SELECT_LAST_STAGE= (stages: 1 [4:4] [month] [1/2016], blocks: none, scenarios: 1, unit: MW, agents: 2 [thermal])
[2023-09-26 13:44:20.840] [info] SELECT_AGENTS: (stages: 1 [4:4] [month] [1/2016], blocks: none, scenarios: 1, unit: MW, agents: 2 [thermal])
[2023-09-26 13:44:20.841] [info] SELECT_AGENTS= (stages: 1 [4:4] [month] [1/2016], blocks: none, scenarios: 1, unit: MW, agents: 1 [generic])
[2023-09-26 13:44:20.841] [info] SELECT_AGENTS: (stages: 1 [4:4] [month] [1/2016], blocks: none, scenarios: 1, unit: MW, agents: 2 [thermal])
[2023-09-26 13:44:20.842] [info] SELECT_AGENTS= (stages: 1 [4:4] [month] [1/2016], blocks: none, scenarios: 1, unit: MW, agents: 1 [generic])
[2023-09-26 13:44:20.843] [info] Adding layers in "Interpolation of case with constraints" chart (stages: 1 [4:4] [month] [1/2016], blocks: none, scenarios: 1, unit: MW, agents: 1 [generic])
[2023-09-26 13:44:20.857] [info] Adding layers in "Interpolation of case with constraints" chart (stages: 1 [4:4] [month] [1/2016], blocks: none, scenarios: 1, unit: MW, agents: 1 [generic])
[2023-09-26 13:44:20.869] [info] SELECT_FIRST_STAGE: (stages: 12 [1:12] [month] [1/2016], blocks: none, scenarios: 1, unit: MW, agents: 2 [thermal])
[2023-09-26 13:44:20.869] [info] SELECT_FIRST_STAGE= (stages: 8 [5:12] [month] [1/2016], blocks: none, scenarios: 1, unit: MW, agents: 2 [thermal])
[2023-09-26 13:44:20.869] [info] SELECT_LAST_STAGE: (stages: 8 [5:12] [month] [1/2016], blocks: none, scenarios: 1, unit: MW, agents: 2 [thermal])
[2023-09-26 13:44:20.870] [info] SELECT_LAST_STAGE= (stages: 1 [5:5] [month] [1/2016], blocks: none, scenarios: 1, unit: MW, agents: 2 [thermal])
[2023-09-26 13:44:20.870] [info] SELECT_AGENTS: (stages: 1 [5:5] [month] [1/2016], blocks: none, scenarios: 1, unit: MW, agents: 2 [thermal])
[2023-09-26 13:44:20.871] [info] SELECT_AGENTS= (stages: 1 [5:5] [month] [1/2016], blocks: none, scenarios: 1, unit: MW, agents: 1 [generic])
[2023-09-26 13:44:20.871] [info] SELECT_AGENTS: (stages: 1 [5:5] [month] [1/2016], blocks: none, scenarios: 1, unit: MW, agents: 2 [thermal])
[2023-09-26 13:44:20.872] [info] SELECT_AGENTS= (stages: 1 [5:5] [month] [1/2016], blocks: none, scenarios: 1, unit: MW, agents: 1 [generic])
[2023-09-26 13:44:20.873] [info] Adding layers in "Interpolation of case with constraints" chart (stages: 1 [5:5] [month] [1/2016], blocks: none, scenarios: 1, unit: MW, agents: 1 [generic])
[2023-09-26 13:44:20.888] [info] Adding layers in "Interpolation of case with constraints" chart (stages: 1 [5:5] [month] [1/2016], blocks: none, scenarios: 1, unit: MW, agents: 1 [generic])
[2023-09-26 13:44:20.901] [info] SELECT_FIRST_STAGE: (stages: 12 [1:12] [month] [1/2016], blocks: none, scenarios: 1, unit: MW, agents: 2 [thermal])
[2023-09-26 13:44:20.902] [info] SELECT_FIRST_STAGE= (stages: 7 [6:12] [month] [1/2016], blocks: none, scenarios: 1, unit: MW, agents: 2 [thermal])
[2023-09-26 13:44:20.902] [info] SELECT_LAST_STAGE: (stages: 7 [6:12] [month] [1/2016], blocks: none, scenarios: 1, unit: MW, agents: 2 [thermal])
[2023-09-26 13:44:20.903] [info] SELECT_LAST_STAGE= (stages: 1 [6:6] [month] [1/2016], blocks: none, scenarios: 1, unit: MW, agents: 2 [thermal])
[2023-09-26 13:44:20.903] [info] SELECT_AGENTS: (stages: 1 [6:6] [month] [1/2016], blocks: none, scenarios: 1, unit: MW, agents: 2 [thermal])
[2023-09-26 13:44:20.904] [info] SELECT_AGENTS= (stages: 1 [6:6] [month] [1/2016], blocks: none, scenarios: 1, unit: MW, agents: 1 [generic])
[2023-09-26 13:44:20.904] [info] SELECT_AGENTS: (stages: 1 [6:6] [month] [1/2016], blocks: none, scenarios: 1, unit: MW, agents: 2 [thermal])
[2023-09-26 13:44:20.905] [info] SELECT_AGENTS= (stages: 1 [6:6] [month] [1/2016], blocks: none, scenarios: 1, unit: MW, agents: 1 [generic])
[2023-09-26 13:44:20.906] [info] Adding layers in "Interpolation of case with constraints" chart (stages: 1 [6:6] [month] [1/2016], blocks: none, scenarios: 1, unit: MW, agents: 1 [generic])
[2023-09-26 13:44:20.920] [info] Adding layers in "Interpolation of case with constraints" chart (stages: 1 [6:6] [month] [1/2016], blocks: none, scenarios: 1, unit: MW, agents: 1 [generic])
[2023-09-26 13:44:20.932] [info] SELECT_FIRST_STAGE: (stages: 12 [1:12] [month] [1/2016], blocks: none, scenarios: 1, unit: MW, agents: 2 [thermal])
[2023-09-26 13:44:20.933] [info] SELECT_FIRST_STAGE= (stages: 6 [7:12] [month] [1/2016], blocks: none, scenarios: 1, unit: MW, agents: 2 [thermal])
[2023-09-26 13:44:20.934] [info] SELECT_LAST_STAGE: (stages: 6 [7:12] [month] [1/2016], blocks: none, scenarios: 1, unit: MW, agents: 2 [thermal])
[2023-09-26 13:44:20.934] [info] SELECT_LAST_STAGE= (stages: 1 [7:7] [month] [1/2016], blocks: none, scenarios: 1, unit: MW, agents: 2 [thermal])
[2023-09-26 13:44:20.935] [info] SELECT_AGENTS: (stages: 1 [7:7] [month] [1/2016], blocks: none, scenarios: 1, unit: MW, agents: 2 [thermal])
[2023-09-26 13:44:20.935] [info] SELECT_AGENTS= (stages: 1 [7:7] [month] [1/2016], blocks: none, scenarios: 1, unit: MW, agents: 1 [generic])
[2023-09-26 13:44:20.936] [info] SELECT_AGENTS: (stages: 1 [7:7] [month] [1/2016], blocks: none, scenarios: 1, unit: MW, agents: 2 [thermal])
[2023-09-26 13:44:20.936] [info] SELECT_AGENTS= (stages: 1 [7:7] [month] [1/2016], blocks: none, scenarios: 1, unit: MW, agents: 1 [generic])
[2023-09-26 13:44:20.938] [info] Adding layers in "Interpolation of case with constraints" chart (stages: 1 [7:7] [month] [1/2016], blocks: none, scenarios: 1, unit: MW, agents: 1 [generic])
[2023-09-26 13:44:20.952] [info] Adding layers in "Interpolation of case with constraints" chart (stages: 1 [7:7] [month] [1/2016], blocks: none, scenarios: 1, unit: MW, agents: 1 [generic])
[2023-09-26 13:44:20.963] [info] SELECT_FIRST_STAGE: (stages: 12 [1:12] [month] [1/2016], blocks: none, scenarios: 1, unit: MW, agents: 2 [thermal])
[2023-09-26 13:44:20.964] [info] SELECT_FIRST_STAGE= (stages: 5 [8:12] [month] [1/2016], blocks: none, scenarios: 1, unit: MW, agents: 2 [thermal])
[2023-09-26 13:44:20.965] [info] SELECT_LAST_STAGE: (stages: 5 [8:12] [month] [1/2016], blocks: none, scenarios: 1, unit: MW, agents: 2 [thermal])
[2023-09-26 13:44:20.965] [info] SELECT_LAST_STAGE= (stages: 1 [8:8] [month] [1/2016], blocks: none, scenarios: 1, unit: MW, agents: 2 [thermal])
[2023-09-26 13:44:20.966] [info] SELECT_AGENTS: (stages: 1 [8:8] [month] [1/2016], blocks: none, scenarios: 1, unit: MW, agents: 2 [thermal])
[2023-09-26 13:44:20.966] [info] SELECT_AGENTS= (stages: 1 [8:8] [month] [1/2016], blocks: none, scenarios: 1, unit: MW, agents: 1 [generic])
[2023-09-26 13:44:20.967] [info] SELECT_AGENTS: (stages: 1 [8:8] [month] [1/2016], blocks: none, scenarios: 1, unit: MW, agents: 2 [thermal])
[2023-09-26 13:44:20.968] [info] SELECT_AGENTS= (stages: 1 [8:8] [month] [1/2016], blocks: none, scenarios: 1, unit: MW, agents: 1 [generic])
[2023-09-26 13:44:20.969] [info] Adding layers in "Interpolation of case with constraints" chart (stages: 1 [8:8] [month] [1/2016], blocks: none, scenarios: 1, unit: MW, agents: 1 [generic])
[2023-09-26 13:44:20.983] [info] Adding layers in "Interpolation of case with constraints" chart (stages: 1 [8:8] [month] [1/2016], blocks: none, scenarios: 1, unit: MW, agents: 1 [generic])
[2023-09-26 13:44:20.995] [info] SELECT_FIRST_STAGE: (stages: 12 [1:12] [month] [1/2016], blocks: none, scenarios: 1, unit: MW, agents: 2 [thermal])
[2023-09-26 13:44:20.995] [info] SELECT_FIRST_STAGE= (stages: 4 [9:12] [month] [1/2016], blocks: none, scenarios: 1, unit: MW, agents: 2 [thermal])
[2023-09-26 13:44:20.997] [info] SELECT_LAST_STAGE: (stages: 4 [9:12] [month] [1/2016], blocks: none, scenarios: 1, unit: MW, agents: 2 [thermal])
[2023-09-26 13:44:20.997] [info] SELECT_LAST_STAGE= (stages: 1 [9:9] [month] [1/2016], blocks: none, scenarios: 1, unit: MW, agents: 2 [thermal])
[2023-09-26 13:44:20.998] [info] SELECT_AGENTS: (stages: 1 [9:9] [month] [1/2016], blocks: none, scenarios: 1, unit: MW, agents: 2 [thermal])
[2023-09-26 13:44:20.998] [info] SELECT_AGENTS= (stages: 1 [9:9] [month] [1/2016], blocks: none, scenarios: 1, unit: MW, agents: 1 [generic])
[2023-09-26 13:44:20.998] [info] SELECT_AGENTS: (stages: 1 [9:9] [month] [1/2016], blocks: none, scenarios: 1, unit: MW, agents: 2 [thermal])
[2023-09-26 13:44:20.999] [info] SELECT_AGENTS= (stages: 1 [9:9] [month] [1/2016], blocks: none, scenarios: 1, unit: MW, agents: 1 [generic])
[2023-09-26 13:44:21.001] [info] Adding layers in "Interpolation of case with constraints" chart (stages: 1 [9:9] [month] [1/2016], blocks: none, scenarios: 1, unit: MW, agents: 1 [generic])
[2023-09-26 13:44:21.014] [info] Adding layers in "Interpolation of case with constraints" chart (stages: 1 [9:9] [month] [1/2016], blocks: none, scenarios: 1, unit: MW, agents: 1 [generic])
[2023-09-26 13:44:21.026] [info] SELECT_FIRST_STAGE: (stages: 12 [1:12] [month] [1/2016], blocks: none, scenarios: 1, unit: MW, agents: 2 [thermal])
[2023-09-26 13:44:21.027] [info] SELECT_FIRST_STAGE= (stages: 3 [10:12] [month] [1/2016], blocks: none, scenarios: 1, unit: MW, agents: 2 [thermal])
[2023-09-26 13:44:21.028] [info] SELECT_LAST_STAGE: (stages: 3 [10:12] [month] [1/2016], blocks: none, scenarios: 1, unit: MW, agents: 2 [thermal])
[2023-09-26 13:44:21.029] [info] SELECT_LAST_STAGE= (stages: 1 [10:10] [month] [1/2016], blocks: none, scenarios: 1, unit: MW, agents: 2 [thermal])
[2023-09-26 13:44:21.029] [info] SELECT_AGENTS: (stages: 1 [10:10] [month] [1/2016], blocks: none, scenarios: 1, unit: MW, agents: 2 [thermal])
[2023-09-26 13:44:21.030] [info] SELECT_AGENTS= (stages: 1 [10:10] [month] [1/2016], blocks: none, scenarios: 1, unit: MW, agents: 1 [generic])
[2023-09-26 13:44:21.030] [info] SELECT_AGENTS: (stages: 1 [10:10] [month] [1/2016], blocks: none, scenarios: 1, unit: MW, agents: 2 [thermal])
[2023-09-26 13:44:21.030] [info] SELECT_AGENTS= (stages: 1 [10:10] [month] [1/2016], blocks: none, scenarios: 1, unit: MW, agents: 1 [generic])
[2023-09-26 13:44:21.033] [info] Adding layers in "Interpolation of case with constraints" chart (stages: 1 [10:10] [month] [1/2016], blocks: none, scenarios: 1, unit: MW, agents: 1 [generic])
[2023-09-26 13:44:21.046] [info] Adding layers in "Interpolation of case with constraints" chart (stages: 1 [10:10] [month] [1/2016], blocks: none, scenarios: 1, unit: MW, agents: 1 [generic])
[2023-09-26 13:44:21.058] [info] SELECT_FIRST_STAGE: (stages: 12 [1:12] [month] [1/2016], blocks: none, scenarios: 1, unit: MW, agents: 2 [thermal])
[2023-09-26 13:44:21.060] [info] SELECT_FIRST_STAGE= (stages: 2 [11:12] [month] [1/2016], blocks: none, scenarios: 1, unit: MW, agents: 2 [thermal])
[2023-09-26 13:44:21.061] [info] SELECT_LAST_STAGE: (stages: 2 [11:12] [month] [1/2016], blocks: none, scenarios: 1, unit: MW, agents: 2 [thermal])
[2023-09-26 13:44:21.061] [info] SELECT_LAST_STAGE= (stages: 1 [11:11] [month] [1/2016], blocks: none, scenarios: 1, unit: MW, agents: 2 [thermal])
[2023-09-26 13:44:21.062] [info] SELECT_AGENTS: (stages: 1 [11:11] [month] [1/2016], blocks: none, scenarios: 1, unit: MW, agents: 2 [thermal])
[2023-09-26 13:44:21.062] [info] SELECT_AGENTS= (stages: 1 [11:11] [month] [1/2016], blocks: none, scenarios: 1, unit: MW, agents: 1 [generic])
[2023-09-26 13:44:21.062] [info] SELECT_AGENTS: (stages: 1 [11:11] [month] [1/2016], blocks: none, scenarios: 1, unit: MW, agents: 2 [thermal])
[2023-09-26 13:44:21.063] [info] SELECT_AGENTS= (stages: 1 [11:11] [month] [1/2016], blocks: none, scenarios: 1, unit: MW, agents: 1 [generic])
[2023-09-26 13:44:21.065] [info] Adding layers in "Interpolation of case with constraints" chart (stages: 1 [11:11] [month] [1/2016], blocks: none, scenarios: 1, unit: MW, agents: 1 [generic])
[2023-09-26 13:44:21.083] [info] Adding layers in "Interpolation of case with constraints" chart (stages: 1 [11:11] [month] [1/2016], blocks: none, scenarios: 1, unit: MW, agents: 1 [generic])
[2023-09-26 13:44:21.095] [info] SELECT_FIRST_STAGE: (stages: 12 [1:12] [month] [1/2016], blocks: none, scenarios: 1, unit: MW, agents: 2 [thermal])
[2023-09-26 13:44:21.095] [info] SELECT_FIRST_STAGE= (stages: 1 [12:12] [month] [1/2016], blocks: none, scenarios: 1, unit: MW, agents: 2 [thermal])
[2023-09-26 13:44:21.097] [info] SELECT_LAST_STAGE: (stages: 1 [12:12] [month] [1/2016], blocks: none, scenarios: 1, unit: MW, agents: 2 [thermal])
[2023-09-26 13:44:21.097] [info] SELECT_LAST_STAGE= (stages: 1 [12:12] [month] [1/2016], blocks: none, scenarios: 1, unit: MW, agents: 2 [thermal])
[2023-09-26 13:44:21.098] [info] SELECT_AGENTS: (stages: 1 [12:12] [month] [1/2016], blocks: none, scenarios: 1, unit: MW, agents: 2 [thermal])
[2023-09-26 13:44:21.098] [info] SELECT_AGENTS= (stages: 1 [12:12] [month] [1/2016], blocks: none, scenarios: 1, unit: MW, agents: 1 [generic])
[2023-09-26 13:44:21.099] [info] SELECT_AGENTS: (stages: 1 [12:12] [month] [1/2016], blocks: none, scenarios: 1, unit: MW, agents: 2 [thermal])
[2023-09-26 13:44:21.099] [info] SELECT_AGENTS= (stages: 1 [12:12] [month] [1/2016], blocks: none, scenarios: 1, unit: MW, agents: 1 [generic])
[2023-09-26 13:44:21.101] [info] Adding layers in "Interpolation of case with constraints" chart (stages: 1 [12:12] [month] [1/2016], blocks: none, scenarios: 1, unit: MW, agents: 1 [generic])
[2023-09-26 13:44:21.116] [info] Adding layers in "Interpolation of case with constraints" chart (stages: 1 [12:12] [month] [1/2016], blocks: none, scenarios: 1, unit: MW, agents: 1 [generic])
[2023-09-26 13:44:21.130] [info] SELECT_AGENTS: (stages: 12 [1:12] [month] [1/2016], blocks: none, scenarios: 1, unit: MW, agents: 2 [thermal])
[2023-09-26 13:44:21.131] [info] SELECT_AGENTS= (stages: 12 [1:12] [month] [1/2016], blocks: none, scenarios: 1, unit: MW, agents: 1 [generic])
[2023-09-26 13:44:21.132] [info] RENAME_AGENTS: (stages: 12 [1:12] [month] [1/2016], blocks: none, scenarios: 1, unit: MW, agents: 1 [generic])
[2023-09-26 13:44:21.132] [info] RENAME_AGENTS= (stages: 12 [1:12] [month] [1/2016], blocks: none, scenarios: 1, unit: MW, agents: 1 [generic])
[2023-09-26 13:44:21.134] [info] Adding layers in "T1" chart (stages: 12 [1:12] [month] [1/2016], blocks: none, scenarios: 1, unit: MW, agents: 1 [generic])
[2023-09-26 13:44:21.188] [info] SELECT_AGENTS: (stages: 12 [1:12] [month] [1/2016], blocks: none, scenarios: 1, unit: MW, agents: 2 [thermal])
[2023-09-26 13:44:21.189] [info] SELECT_AGENTS= (stages: 12 [1:12] [month] [1/2016], blocks: none, scenarios: 1, unit: MW, agents: 1 [generic])
[2023-09-26 13:44:21.189] [info] RENAME_AGENTS: (stages: 12 [1:12] [month] [1/2016], blocks: none, scenarios: 1, unit: MW, agents: 1 [generic])
[2023-09-26 13:44:21.190] [info] RENAME_AGENTS= (stages: 12 [1:12] [month] [1/2016], blocks: none, scenarios: 1, unit: MW, agents: 1 [generic])
[2023-09-26 13:44:21.191] [info] Adding layers in "T2" chart (stages: 12 [1:12] [month] [1/2016], blocks: none, scenarios: 1, unit: MW, agents: 1 [generic])
[2023-09-26 13:44:21.244] [info] SELECT_AGENTS: (stages: 12 [1:12] [month] [1/2016], blocks: none, scenarios: 1, unit: $/MWh, agents: 3 [bus])
[2023-09-26 13:44:21.244] [info] SELECT_AGENTS= (stages: 12 [1:12] [month] [1/2016], blocks: none, scenarios: 1, unit: $/MWh, agents: 1 [generic])
[2023-09-26 13:44:21.245] [info] RENAME_AGENTS: (stages: 12 [1:12] [month] [1/2016], blocks: none, scenarios: 1, unit: $/MWh, agents: 1 [generic])
[2023-09-26 13:44:21.245] [info] RENAME_AGENTS= (stages: 12 [1:12] [month] [1/2016], blocks: none, scenarios: 1, unit: $/MWh, agents: 1 [generic])
[2023-09-26 13:44:21.247] [info] Adding layers in "B1" chart (stages: 12 [1:12] [month] [1/2016], blocks: none, scenarios: 1, unit: $/MWh, agents: 1 [generic])
[2023-09-26 13:44:21.299] [info] SELECT_AGENTS: (stages: 12 [1:12] [month] [1/2016], blocks: none, scenarios: 1, unit: $/MWh, agents: 3 [bus])
[2023-09-26 13:44:21.300] [info] SELECT_AGENTS= (stages: 12 [1:12] [month] [1/2016], blocks: none, scenarios: 1, unit: $/MWh, agents: 1 [generic])
[2023-09-26 13:44:21.300] [info] RENAME_AGENTS: (stages: 12 [1:12] [month] [1/2016], blocks: none, scenarios: 1, unit: $/MWh, agents: 1 [generic])
[2023-09-26 13:44:21.301] [info] RENAME_AGENTS= (stages: 12 [1:12] [month] [1/2016], blocks: none, scenarios: 1, unit: $/MWh, agents: 1 [generic])
[2023-09-26 13:44:21.303] [info] Adding layers in "B2" chart (stages: 12 [1:12] [month] [1/2016], blocks: none, scenarios: 1, unit: $/MWh, agents: 1 [generic])
[2023-09-26 13:44:21.353] [info] SELECT_AGENTS: (stages: 12 [1:12] [month] [1/2016], blocks: none, scenarios: 1, unit: $/MWh, agents: 3 [bus])
[2023-09-26 13:44:21.353] [info] SELECT_AGENTS= (stages: 12 [1:12] [month] [1/2016], blocks: none, scenarios: 1, unit: $/MWh, agents: 1 [generic])
[2023-09-26 13:44:21.354] [info] RENAME_AGENTS: (stages: 12 [1:12] [month] [1/2016], blocks: none, scenarios: 1, unit: $/MWh, agents: 1 [generic])
[2023-09-26 13:44:21.354] [info] RENAME_AGENTS= (stages: 12 [1:12] [month] [1/2016], blocks: none, scenarios: 1, unit: $/MWh, agents: 1 [generic])
[2023-09-26 13:44:21.356] [info] Adding layers in "B3" chart (stages: 12 [1:12] [month] [1/2016], blocks: none, scenarios: 1, unit: $/MWh, agents: 1 [generic])
[2023-09-26 13:44:21.410] [info] Saving dashboard.html
[2023-09-26 13:44:21.411] [info] Deleting temporary files and folders
[2023-09-26 13:44:21.411] [info] Temporary file successfully deleted (D:\SDDP_TUTORIAL\generic_interpolation_constraints\with_constrain\tmp-psrio\cmgbus.bin)
[2023-09-26 13:44:21.412] [info] Temporary file successfully deleted (D:\SDDP_TUTORIAL\generic_interpolation_constraints\with_constrain\tmp-psrio\cmgbus.hdr)
[2023-09-26 13:44:21.412] [info] Temporary file successfully deleted (D:\SDDP_TUTORIAL\generic_interpolation_constraints\with_constrain\tmp-psrio\gerter.bin)
[2023-09-26 13:44:21.412] [info] Temporary file successfully deleted (D:\SDDP_TUTORIAL\generic_interpolation_constraints\with_constrain\tmp-psrio\gerter.hdr)
[2023-09-26 13:44:21.412] [info] Temporary file successfully deleted (D:\SDDP_TUTORIAL\generic_interpolation_constraints\without_constrain\tmp-psrio\cmgbus.bin)
[2023-09-26 13:44:21.412] [info] Temporary file successfully deleted (D:\SDDP_TUTORIAL\generic_interpolation_constraints\without_constrain\tmp-psrio\cmgbus.hdr)
[2023-09-26 13:44:21.412] [info] Temporary file successfully deleted (D:\SDDP_TUTORIAL\generic_interpolation_constraints\without_constrain\tmp-psrio\demand.bin)
[2023-09-26 13:44:21.412] [info] Temporary file successfully deleted (D:\SDDP_TUTORIAL\generic_interpolation_constraints\without_constrain\tmp-psrio\demand.hdr)
[2023-09-26 13:44:21.412] [info] Temporary file successfully deleted (D:\SDDP_TUTORIAL\generic_interpolation_constraints\without_constrain\tmp-psrio\gerter.bin)
[2023-09-26 13:44:21.412] [info] Temporary file successfully deleted (D:\SDDP_TUTORIAL\generic_interpolation_constraints\without_constrain\tmp-psrio\gerter.hdr)
[2023-09-26 13:44:21.413] [info] Temporary folder successfully deleted (psrio\results\tmp-psrio)
[2023-09-26 13:44:21.413] [info] Temporary folder successfully deleted (D:\SDDP_TUTORIAL\generic_interpolation_constraints\with_constrain\tmp-psrio)
[2023-09-26 13:44:21.413] [info] Temporary folder successfully deleted (D:\SDDP_TUTORIAL\generic_interpolation_constraints\without_constrain\tmp-psrio)
[2023-09-26 13:44:21.413] [info] Closing hourly scenarios
[2023-09-26 13:44:21.413] [info] Closing hourly scenarios
[2023-09-26 13:44:21.413] [info] Creating psrio.ok
[2023-09-26 13:44:21.413] [info] PSRIO v0.26.0-beta-7161a240 (2023-09-12 15:12:26 -0300) finished successfully
