[2023-09-26 09:54:32.278] [info] C:\PSR\GraphModule\Oper\psrplot\psrio\psrio.exe -r psrio\psrio.lua -o psrio\results without_constrain with_constrain 
[2023-09-26 09:54:32.280] [info] PSRIO v0.26.0-beta-7161a240 (2023-09-12 15:12:26 -0300)
[2023-09-26 09:54:32.281] [info] Executable path C:\PSR\GraphModule\Oper\psrplot\psrio
[2023-09-26 09:54:32.282] [info] Added script "psrio\\psrio.lua"
[2023-09-26 09:54:32.282] [info] Packages path C:\PSR\GraphModule\Oper\psrplot\psrio\base\?.lua;D:\SDDP_TUTORIAL\generic_linear_constraints\constraint_1\psrio\?.lua
[2023-09-26 09:54:32.293] [info] Loading extensions/chart.lua
[2023-09-26 09:54:32.293] [info] Loading extensions/expression.lua
[2023-09-26 09:54:32.293] [info] Loading extensions/markdown.lua
[2023-09-26 09:54:32.293] [info] Loading extensions/tab.lua
[2023-09-26 09:54:32.294] [info] Loading extensions/writer.lua
[2023-09-26 09:54:32.517] [info] PSRIO.pmk loaded
[2023-09-26 09:54:32.526] [info] PSRIO.pmd loaded
[2023-09-26 09:54:32.526] [info] Deleting temporary files and folders
[2023-09-26 09:54:32.526] [info] Creating temporary directory ("psrio\\results\\tmp-psrio")
[2023-09-26 09:54:32.526] [info] Creating temporary directory ("D:\\SDDP_TUTORIAL\\generic_linear_constraints\\constraint_1\\with_constrain\\tmp-psrio")
[2023-09-26 09:54:32.526] [info] Creating temporary directory ("D:\\SDDP_TUTORIAL\\generic_linear_constraints\\constraint_1\\without_constrain\\tmp-psrio")
[2023-09-26 09:54:32.526] [info] Loading sddp study (D:\SDDP_TUTORIAL\generic_linear_constraints\constraint_1\without_constrain)
[2023-09-26 09:54:32.528] [info] Loading D:\SDDP_TUTORIAL\generic_linear_constraints\constraint_1\without_constrain\sddp.dat
[2023-09-26 09:54:32.655] [info] Loading sddp study (D:\SDDP_TUTORIAL\generic_linear_constraints\constraint_1\with_constrain)
[2023-09-26 09:54:32.655] [info] Loading D:\SDDP_TUTORIAL\generic_linear_constraints\constraint_1\with_constrain\sddp.dat
[2023-09-26 09:54:32.725] [info] Running psrio\psrio.lua
[2023-09-26 09:54:32.726] [info] Loading system.code (stages: 1 [1:1] [month] [1/2016], blocks: none, scenarios: 1, unit: , agents: 1 [system])
[2023-09-26 09:54:32.726] [info] Loading system.load_level_length (stages: 12 [1:12] [month] [1/2016], blocks: 24, scenarios: 1, unit: hour, agents: 1 [system])
[2023-09-26 09:54:32.726] [info] Loading system.hour_block_map (stages: 12 [1:12] [month] [1/2016], blocks: hour, scenarios: 1, unit: , agents: 1 [system])
[2023-09-26 09:54:32.727] [info] Loading system.sensitivity (stages: 1 [1:1] [month] [1/2016], blocks: none, scenarios: 1, unit: , agents: 1 [system])
[2023-09-26 09:54:32.727] [info] Loading system.carbon_credit_cost (stages: 12 [1:12] [month] [1/2016], blocks: none, scenarios: 1, unit: $/tCO2, agents: 1 [system])
[2023-09-26 09:54:32.728] [error] demand not found
[2023-09-26 09:54:32.728] [warn] AGGREGATE_BLOCKS: null at psrio\psrio.lua:18
[2023-09-26 09:54:32.729] [warn] CONVERT: null at psrio\psrio.lua:18
[2023-09-26 09:54:32.730] [info] Loading hydro.code (stages: 1 [1:1] [month] [1/2016], blocks: none, scenarios: 1, unit: , agents: 2 [hydro])
[2023-09-26 09:54:32.730] [info] Loading hydro.state (stages: 12 [1:12] [month] [1/2016], blocks: none, scenarios: 1, unit: , agents: 2 [hydro])
[2023-09-26 09:54:32.730] [info] Loading hydro.units (stages: 12 [1:12] [month] [1/2016], blocks: none, scenarios: 1, unit: , agents: 2 [hydro])
[2023-09-26 09:54:32.731] [info] Loading hydro.system (stages: 1 [1:1] [month] [1/2016], blocks: none, scenarios: 1, unit: , agents: 2 [hydro])
[2023-09-26 09:54:32.731] [info] Loading hydro.max_generation (stages: 12 [1:12] [month] [1/2016], blocks: none, scenarios: 1, unit: MW, agents: 2 [hydro])
[2023-09-26 09:54:32.731] [info] Loading hydro.max_generation_available (stages: 12 [1:12] [month] [1/2016], blocks: none, scenarios: 1, unit: MW, agents: 2 [hydro])
[2023-09-26 09:54:32.731] [info] Loading hydro.forced_outage_rate (stages: 12 [1:12] [month] [1/2016], blocks: none, scenarios: 1, unit: %, agents: 2 [hydro])
[2023-09-26 09:54:32.732] [info] Loading hydro.historical_outage_factor (stages: 12 [1:12] [month] [1/2016], blocks: none, scenarios: 1, unit: %, agents: 2 [hydro])
[2023-09-26 09:54:32.732] [info] Loading hydro.min_storage (stages: 12 [1:12] [month] [1/2016], blocks: none, scenarios: 1, unit: hm3, agents: 2 [hydro])
[2023-09-26 09:54:32.733] [info] Loading hydro.max_storage (stages: 12 [1:12] [month] [1/2016], blocks: none, scenarios: 1, unit: hm3, agents: 2 [hydro])
[2023-09-26 09:54:32.733] [info] Loading hydro.min_turbining_outflow (stages: 12 [1:12] [month] [1/2016], blocks: none, scenarios: 1, unit: m3/s, agents: 2 [hydro])
[2023-09-26 09:54:32.733] [info] Loading hydro.max_turbining_outflow (stages: 12 [1:12] [month] [1/2016], blocks: none, scenarios: 1, unit: m3/s, agents: 2 [hydro])
[2023-09-26 09:54:32.733] [info] Loading hydro.om_cost (stages: 12 [1:12] [month] [1/2016], blocks: none, scenarios: 1, unit: $/MWh, agents: 2 [hydro])
[2023-09-26 09:54:32.734] [info] Loading hydro.irrigation (stages: 12 [1:12] [month] [1/2016], blocks: none, scenarios: 1, unit: m3/s, agents: 2 [hydro])
[2023-09-26 09:54:32.734] [info] Loading hydro.min_total_outflow_modification (stages: 12 [1:12] [month] [1/2016], blocks: none, scenarios: 1, unit: m3/s, agents: 2 [hydro])
[2023-09-26 09:54:32.734] [info] Loading target_storage_tolerance (not found)
[2023-09-26 09:54:32.734] [info] Loading hydro.disconsider_in_stored_and_inflow_energy (stages: 12 [1:12] [month] [1/2016], blocks: none, scenarios: 1, unit: , agents: 2 [hydro])
[2023-09-26 09:54:32.735] [info] Loading hydro.mean_production_coefficient (stages: 12 [1:12] [month] [1/2016], blocks: none, scenarios: 1, unit: MW/(m3/s), agents: 2 [hydro])
[2023-09-26 09:54:32.735] [info] Loading hydro.loss_factor (stages: 12 [1:12] [month] [1/2016], blocks: none, scenarios: 1, unit: pu, agents: 2 [hydro])
[2023-09-26 09:54:32.735] [info] Loading hydro.min_total_outflow_historical_scenarios_nodata (stages: 12 [1:12] [month] [1/2016], blocks: none, scenarios: 1, unit: , agents: 2 [hydro])
[2023-09-26 09:54:32.735] [info] Loading hydro.min_total_outflow_historical_scenarios (stages: 12 [1:12] [month] [1/2016], blocks: none, scenarios: 1, unit: m3/s, agents: 2 [hydro])
[2023-09-26 09:54:32.736] [info] Loading hydro.min_total_outflow (stages: 12 [1:12] [month] [1/2016], blocks: none, scenarios: 1, unit: m3/s, agents: 2 [hydro])
[2023-09-26 09:54:32.736] [info] Loading min_total_outflow_hourly_historical_scenarios_nodata (not found)
[2023-09-26 09:54:32.736] [info] Loading min_total_outflow_hourly_historical_scenarios (not found)
[2023-09-26 09:54:32.736] [info] Loading min_total_outflow_hourly (not found)
[2023-09-26 09:54:32.737] [info] Loading hydro.min_total_outflow_unit_violation_cost (stages: 12 [1:12] [month] [1/2016], blocks: none, scenarios: 1, unit: k$/m3/s, agents: 2 [hydro])
[2023-09-26 09:54:32.737] [info] Loading min_total_outflow_violation_type (not found)
[2023-09-26 09:54:32.737] [info] Loading hydro.max_total_outflow_historical_scenarios_nodata (stages: 12 [1:12] [month] [1/2016], blocks: none, scenarios: 1, unit: , agents: 2 [hydro])
[2023-09-26 09:54:32.737] [info] Loading hydro.max_total_outflow_historical_scenarios (stages: 12 [1:12] [month] [1/2016], blocks: none, scenarios: 1, unit: m3/s, agents: 2 [hydro])
[2023-09-26 09:54:32.738] [info] Loading hydro.max_total_outflow (stages: 12 [1:12] [month] [1/2016], blocks: none, scenarios: 1, unit: m3/s, agents: 2 [hydro])
[2023-09-26 09:54:32.738] [info] Loading max_total_outflow_hourly_historical_scenarios_nodata (not found)
[2023-09-26 09:54:32.738] [info] Loading max_total_outflow_hourly_historical_scenarios (not found)
[2023-09-26 09:54:32.739] [info] Loading max_total_outflow_hourly (not found)
[2023-09-26 09:54:32.739] [info] Loading hydro.max_total_outflow_unit_violation_cost (stages: 12 [1:12] [month] [1/2016], blocks: none, scenarios: 1, unit: k$/m3/s, agents: 2 [hydro])
[2023-09-26 09:54:32.739] [info] Loading max_total_outflow_violation_type (not found)
[2023-09-26 09:54:32.739] [info] Loading hydro.min_operative_storage_historical_scenarios_nodata (stages: 12 [1:12] [month] [1/2016], blocks: none, scenarios: 1, unit: , agents: 2 [hydro])
[2023-09-26 09:54:32.740] [info] Loading hydro.min_operative_storage_historical_scenarios (stages: 12 [1:12] [month] [1/2016], blocks: none, scenarios: 1, unit: hm3, agents: 2 [hydro])
[2023-09-26 09:54:32.740] [info] Loading hydro.min_operative_storage (stages: 12 [1:12] [month] [1/2016], blocks: none, scenarios: 1, unit: hm3, agents: 2 [hydro])
[2023-09-26 09:54:32.740] [info] Loading min_operative_storage_hourly_historical_scenarios_nodata (not found)
[2023-09-26 09:54:32.740] [info] Loading min_operative_storage_hourly_historical_scenarios (not found)
[2023-09-26 09:54:32.741] [info] Loading min_operative_storage_hourly (not found)
[2023-09-26 09:54:32.741] [info] Loading hydro.min_operative_storage_unit_violation_cost (stages: 12 [1:12] [month] [1/2016], blocks: none, scenarios: 1, unit: k$/hm3, agents: 2 [hydro])
[2023-09-26 09:54:32.741] [info] Loading min_operative_storage_violation_type (not found)
[2023-09-26 09:54:32.741] [info] Loading hydro.max_operative_storage_historical_scenarios_nodata (stages: 12 [1:12] [month] [1/2016], blocks: none, scenarios: 1, unit: , agents: 2 [hydro])
[2023-09-26 09:54:32.742] [info] Loading hydro.max_operative_storage_historical_scenarios (stages: 12 [1:12] [month] [1/2016], blocks: none, scenarios: 1, unit: hm3, agents: 2 [hydro])
[2023-09-26 09:54:32.742] [info] Loading hydro.max_operative_storage (stages: 12 [1:12] [month] [1/2016], blocks: none, scenarios: 1, unit: hm3, agents: 2 [hydro])
[2023-09-26 09:54:32.742] [info] Loading max_operative_storage_hourly_historical_scenarios_nodata (not found)
[2023-09-26 09:54:32.743] [info] Loading max_operative_storage_hourly_historical_scenarios (not found)
[2023-09-26 09:54:32.743] [info] Loading max_operative_storage_hourly (not found)
[2023-09-26 09:54:32.743] [info] Loading hydro.max_operative_storage_unit_violation_cost (stages: 12 [1:12] [month] [1/2016], blocks: none, scenarios: 1, unit: k$/hm3, agents: 2 [hydro])
[2023-09-26 09:54:32.743] [info] Loading max_operative_storage_violation_type (not found)
[2023-09-26 09:54:32.744] [info] Loading hydro.flood_control_historical_scenarios_nodata (stages: 12 [1:12] [month] [1/2016], blocks: none, scenarios: 1, unit: , agents: 2 [hydro])
[2023-09-26 09:54:32.744] [info] Loading hydro.flood_control_historical_scenarios (stages: 12 [1:12] [month] [1/2016], blocks: none, scenarios: 1, unit: hm3, agents: 2 [hydro])
[2023-09-26 09:54:32.744] [info] Loading hydro.flood_control (stages: 12 [1:12] [month] [1/2016], blocks: none, scenarios: 1, unit: hm3, agents: 2 [hydro])
[2023-09-26 09:54:32.745] [info] Loading flood_control_hourly_historical_scenarios_nodata (not found)
[2023-09-26 09:54:32.745] [info] Loading flood_control_hourly_historical_scenarios (not found)
[2023-09-26 09:54:32.745] [info] Loading flood_control_hourly (not found)
[2023-09-26 09:54:32.746] [info] Loading hydro.alert_storage_historical_scenarios_nodata (stages: 12 [1:12] [month] [1/2016], blocks: none, scenarios: 1, unit: , agents: 2 [hydro])
[2023-09-26 09:54:32.746] [info] Loading hydro.alert_storage_historical_scenarios (stages: 12 [1:12] [month] [1/2016], blocks: none, scenarios: 1, unit: hm3, agents: 2 [hydro])
[2023-09-26 09:54:32.746] [info] Loading hydro.alert_storage (stages: 12 [1:12] [month] [1/2016], blocks: none, scenarios: 1, unit: hm3, agents: 2 [hydro])
[2023-09-26 09:54:32.746] [info] Loading alert_storage_hourly_historical_scenarios_nodata (not found)
[2023-09-26 09:54:32.747] [info] Loading alert_storage_hourly_historical_scenarios (not found)
[2023-09-26 09:54:32.747] [info] Loading alert_storage_hourly (not found)
[2023-09-26 09:54:32.747] [info] Loading hydro.alert_storage_unit_violation_cost (stages: 12 [1:12] [month] [1/2016], blocks: none, scenarios: 1, unit: k$/hm3, agents: 2 [hydro])
[2023-09-26 09:54:32.747] [info] Loading alert_storage_violation_type (not found)
[2023-09-26 09:54:32.748] [info] Loading hydro.min_spillage_historical_scenarios_nodata (stages: 12 [1:12] [month] [1/2016], blocks: none, scenarios: 1, unit: , agents: 2 [hydro])
[2023-09-26 09:54:32.748] [info] Loading hydro.min_spillage_historical_scenarios (stages: 12 [1:12] [month] [1/2016], blocks: none, scenarios: 1, unit: m3/s, agents: 2 [hydro])
[2023-09-26 09:54:32.748] [info] Loading hydro.min_spillage (stages: 12 [1:12] [month] [1/2016], blocks: none, scenarios: 1, unit: m3/s, agents: 2 [hydro])
[2023-09-26 09:54:32.749] [info] Loading min_spillage_hourly_historical_scenarios_nodata (not found)
[2023-09-26 09:54:32.749] [info] Loading min_spillage_hourly_historical_scenarios (not found)
[2023-09-26 09:54:32.750] [info] Loading min_spillage_hourly (not found)
[2023-09-26 09:54:32.750] [info] Loading hydro.min_spillage_unit_violation_cost (stages: 12 [1:12] [month] [1/2016], blocks: none, scenarios: 1, unit: k$/m3/s, agents: 2 [hydro])
[2023-09-26 09:54:32.750] [info] Loading min_spillage_violation_type (not found)
[2023-09-26 09:54:32.750] [info] Loading hydro.max_spillage_historical_scenarios_nodata (stages: 12 [1:12] [month] [1/2016], blocks: none, scenarios: 1, unit: , agents: 2 [hydro])
[2023-09-26 09:54:32.751] [info] Loading hydro.max_spillage_historical_scenarios (stages: 12 [1:12] [month] [1/2016], blocks: none, scenarios: 1, unit: m3/s, agents: 2 [hydro])
[2023-09-26 09:54:32.751] [info] Loading hydro.max_spillage (stages: 12 [1:12] [month] [1/2016], blocks: none, scenarios: 1, unit: m3/s, agents: 2 [hydro])
[2023-09-26 09:54:32.751] [info] Loading max_spillage_hourly_historical_scenarios_nodata (not found)
[2023-09-26 09:54:32.752] [info] Loading max_spillage_hourly_historical_scenarios (not found)
[2023-09-26 09:54:32.752] [info] Loading max_spillage_hourly (not found)
[2023-09-26 09:54:32.752] [info] Loading hydro.max_spillage_unit_violation_cost (stages: 12 [1:12] [month] [1/2016], blocks: none, scenarios: 1, unit: k$/m3/s, agents: 2 [hydro])
[2023-09-26 09:54:32.752] [info] Loading max_spillage_violation_type (not found)
[2023-09-26 09:54:32.753] [info] Loading min_bio_spillage_historical_scenarios_nodata (not found)
[2023-09-26 09:54:32.753] [info] Loading min_bio_spillage_historical_scenarios (not found)
[2023-09-26 09:54:32.753] [info] Loading min_bio_spillage (not found)
[2023-09-26 09:54:32.754] [info] Loading min_bio_spillage_hourly_historical_scenarios_nodata (not found)
[2023-09-26 09:54:32.754] [info] Loading min_bio_spillage_hourly_historical_scenarios (not found)
[2023-09-26 09:54:32.754] [info] Loading min_bio_spillage_hourly (not found)
[2023-09-26 09:54:32.755] [info] Loading min_bio_spillage_unit_violation_cost (not found)
[2023-09-26 09:54:32.755] [info] Loading min_bio_spillage_violation_type (not found)
[2023-09-26 09:54:32.755] [info] Loading target_storage_historical_scenarios_nodata (not found)
[2023-09-26 09:54:32.756] [info] Loading target_storage_historical_scenarios (not found)
[2023-09-26 09:54:32.756] [info] Loading target_storage (not found)
[2023-09-26 09:54:32.756] [info] Loading target_storage_hourly_historical_scenarios_nodata (not found)
[2023-09-26 09:54:32.757] [info] Loading target_storage_hourly_historical_scenarios (not found)
[2023-09-26 09:54:32.757] [info] Loading target_storage_hourly (not found)
[2023-09-26 09:54:32.757] [info] Loading min_turbining_unit_violation_cost (not found)
[2023-09-26 09:54:32.758] [info] Loading min_turbining_violation_type (not found)
[2023-09-26 09:54:32.758] [info] Loading hydro.max_turbining_historical_scenarios_nodata (stages: 12 [1:12] [month] [1/2016], blocks: none, scenarios: 1, unit: , agents: 2 [hydro])
[2023-09-26 09:54:32.758] [info] Loading hydro.max_turbining_historical_scenarios (stages: 12 [1:12] [month] [1/2016], blocks: none, scenarios: 1, unit: m3/s, agents: 2 [hydro])
[2023-09-26 09:54:32.758] [info] Loading hydro.max_turbining (stages: 12 [1:12] [month] [1/2016], blocks: none, scenarios: 1, unit: m3/s, agents: 2 [hydro])
[2023-09-26 09:54:32.759] [info] Loading max_turbining_hourly_historical_scenarios_nodata (not found)
[2023-09-26 09:54:32.759] [info] Loading max_turbining_hourly_historical_scenarios (not found)
[2023-09-26 09:54:32.759] [info] Loading max_turbining_hourly (not found)
[2023-09-26 09:54:32.760] [info] Loading hydro.max_turbining_unit_violation_cost (stages: 12 [1:12] [month] [1/2016], blocks: none, scenarios: 1, unit: k$/m3/s, agents: 2 [hydro])
[2023-09-26 09:54:32.760] [info] Loading max_turbining_violation_type (not found)
[2023-09-26 09:54:32.760] [info] Loading hydro.spinning_reserve (stages: 12 [1:12] [month] [1/2016], blocks: 24, scenarios: 1, unit: %, agents: 2 [hydro])
[2023-09-26 09:54:32.760] [info] Loading hydro.max_reserve (stages: 12 [1:12] [month] [1/2016], blocks: 24, scenarios: 1, unit: MW, agents: 2 [hydro])
[2023-09-26 09:54:32.761] [info] Loading hydro.storage_x_elevation__storage_1 (stages: 12 [1:12] [month] [1/2016], blocks: none, scenarios: 1, unit: hm3, agents: 2 [hydro])
[2023-09-26 09:54:32.761] [info] Loading hydro.storage_x_elevation__storage_2 (stages: 12 [1:12] [month] [1/2016], blocks: none, scenarios: 1, unit: hm3, agents: 2 [hydro])
[2023-09-26 09:54:32.762] [info] Loading hydro.storage_x_elevation__storage_3 (stages: 12 [1:12] [month] [1/2016], blocks: none, scenarios: 1, unit: hm3, agents: 2 [hydro])
[2023-09-26 09:54:32.762] [info] Loading hydro.storage_x_elevation__storage_4 (stages: 12 [1:12] [month] [1/2016], blocks: none, scenarios: 1, unit: hm3, agents: 2 [hydro])
[2023-09-26 09:54:32.763] [info] Loading hydro.storage_x_elevation__storage_5 (stages: 12 [1:12] [month] [1/2016], blocks: none, scenarios: 1, unit: hm3, agents: 2 [hydro])
[2023-09-26 09:54:32.763] [info] Loading hydro.storage_x_elevation__elevation_1 (stages: 12 [1:12] [month] [1/2016], blocks: none, scenarios: 1, unit: masl, agents: 2 [hydro])
[2023-09-26 09:54:32.764] [info] Loading hydro.storage_x_elevation__elevation_2 (stages: 12 [1:12] [month] [1/2016], blocks: none, scenarios: 1, unit: masl, agents: 2 [hydro])
[2023-09-26 09:54:32.764] [info] Loading hydro.storage_x_elevation__elevation_3 (stages: 12 [1:12] [month] [1/2016], blocks: none, scenarios: 1, unit: masl, agents: 2 [hydro])
[2023-09-26 09:54:32.765] [info] Loading hydro.storage_x_elevation__elevation_4 (stages: 12 [1:12] [month] [1/2016], blocks: none, scenarios: 1, unit: masl, agents: 2 [hydro])
[2023-09-26 09:54:32.765] [info] Loading hydro.storage_x_elevation__elevation_5 (stages: 12 [1:12] [month] [1/2016], blocks: none, scenarios: 1, unit: masl, agents: 2 [hydro])
[2023-09-26 09:54:32.766] [info] Adding layers in "Hydro capacity" chart (stages: 12 [1:12] [month] [1/2016], blocks: none, scenarios: 1, unit: MW, agents: 2 [hydro])
[2023-09-26 09:54:32.801] [info] Loading thermal.code (stages: 1 [1:1] [month] [1/2016], blocks: none, scenarios: 1, unit: , agents: 2 [thermal])
[2023-09-26 09:54:32.801] [info] Loading thermal.state (stages: 12 [1:12] [month] [1/2016], blocks: none, scenarios: 1, unit: , agents: 2 [thermal])
[2023-09-26 09:54:32.801] [info] Loading thermal.units (stages: 12 [1:12] [month] [1/2016], blocks: none, scenarios: 1, unit: , agents: 2 [thermal])
[2023-09-26 09:54:32.801] [info] Loading thermal.system (stages: 1 [1:1] [month] [1/2016], blocks: none, scenarios: 1, unit: , agents: 2 [thermal])
[2023-09-26 09:54:32.801] [info] Loading thermal.min_generation (stages: 12 [1:12] [month] [1/2016], blocks: none, scenarios: 1, unit: MW, agents: 2 [thermal])
[2023-09-26 09:54:32.801] [info] Loading thermal.min_generation_available (stages: 12 [1:12] [month] [1/2016], blocks: none, scenarios: 1, unit: MW, agents: 2 [thermal])
[2023-09-26 09:54:32.801] [info] Loading thermal.min_generation_constraint (stages: 12 [1:12] [month] [1/2016], blocks: 24, scenarios: 1, unit: MW, agents: 2 [thermal])
[2023-09-26 09:54:32.801] [info] Loading thermal.max_generation (stages: 12 [1:12] [month] [1/2016], blocks: none, scenarios: 1, unit: MW, agents: 2 [thermal])
[2023-09-26 09:54:32.802] [info] Loading thermal.max_generation_available (stages: 12 [1:12] [month] [1/2016], blocks: none, scenarios: 1, unit: MW, agents: 2 [thermal])
[2023-09-26 09:54:32.802] [info] Loading thermal.forced_outage_rate (stages: 12 [1:12] [month] [1/2016], blocks: none, scenarios: 1, unit: %, agents: 2 [thermal])
[2023-09-26 09:54:32.802] [info] Loading thermal.historical_outage_factor (stages: 12 [1:12] [month] [1/2016], blocks: none, scenarios: 1, unit: %, agents: 2 [thermal])
[2023-09-26 09:54:32.802] [info] Loading thermal.startup_cost (stages: 12 [1:12] [month] [1/2016], blocks: none, scenarios: 1, unit: k$, agents: 2 [thermal])
[2023-09-26 09:54:32.802] [info] Loading thermal.startup_cost_constraint (stages: 12 [1:12] [month] [1/2016], blocks: 24, scenarios: 1, unit: k$, agents: 2 [thermal])
[2023-09-26 09:54:32.802] [info] Loading thermal.om_cost (stages: 12 [1:12] [month] [1/2016], blocks: none, scenarios: 1, unit: $/MWh, agents: 2 [thermal])
[2023-09-26 09:54:32.802] [info] Loading thermal.specific_consumption_segment_1 (stages: 12 [1:12] [month] [1/2016], blocks: 24, scenarios: 1, unit: gal/MWh, agents: 2 [thermal])
[2023-09-26 09:54:32.803] [info] Loading thermal.specific_consumption_segment_2 (stages: 12 [1:12] [month] [1/2016], blocks: 24, scenarios: 1, unit: gal/MWh, agents: 2 [thermal])
[2023-09-26 09:54:32.803] [info] Loading thermal.specific_consumption_segment_3 (stages: 12 [1:12] [month] [1/2016], blocks: 24, scenarios: 1, unit: gal/MWh, agents: 2 [thermal])
[2023-09-26 09:54:32.803] [info] Loading thermal.curve_segment_1 (stages: 12 [1:12] [month] [1/2016], blocks: none, scenarios: 1, unit: %, agents: 2 [thermal])
[2023-09-26 09:54:32.803] [info] Loading thermal.curve_segment_2 (stages: 12 [1:12] [month] [1/2016], blocks: none, scenarios: 1, unit: %, agents: 2 [thermal])
[2023-09-26 09:54:32.803] [info] Loading thermal.curve_segment_3 (stages: 12 [1:12] [month] [1/2016], blocks: none, scenarios: 1, unit: %, agents: 2 [thermal])
[2023-09-26 09:54:32.803] [info] Loading thermal.fuel_transportation_cost (stages: 12 [1:12] [month] [1/2016], blocks: none, scenarios: 1, unit: $/gal, agents: 2 [thermal])
[2023-09-26 09:54:32.803] [info] Loading thermal.operation_mode (stages: 12 [1:12] [month] [1/2016], blocks: none, scenarios: 1, unit: , agents: 2 [thermal])
[2023-09-26 09:54:32.804] [info] Loading thermal.emission_coefficient (stages: 12 [1:12] [month] [1/2016], blocks: none, scenarios: 1, unit: pu, agents: 2 [thermal])
[2023-09-26 09:54:32.804] [info] Loading thermal.ramp_up (stages: 12 [1:12] [month] [1/2016], blocks: none, scenarios: 1, unit: MW/min, agents: 2 [thermal])
[2023-09-26 09:54:32.804] [info] Loading thermal.ramp_down (stages: 12 [1:12] [month] [1/2016], blocks: none, scenarios: 1, unit: MW/min, agents: 2 [thermal])
[2023-09-26 09:54:32.804] [info] Loading thermal.min_uptime (stages: 12 [1:12] [month] [1/2016], blocks: none, scenarios: 1, unit: hour, agents: 2 [thermal])
[2023-09-26 09:54:32.804] [info] Loading thermal.min_downtime (stages: 12 [1:12] [month] [1/2016], blocks: none, scenarios: 1, unit: hour, agents: 2 [thermal])
[2023-09-26 09:54:32.805] [info] Loading thermal.max_startups (stages: 12 [1:12] [month] [1/2016], blocks: none, scenarios: 1, unit: , agents: 2 [thermal])
[2023-09-26 09:54:32.805] [info] Loading thermal.max_shutdowns (stages: 12 [1:12] [month] [1/2016], blocks: none, scenarios: 1, unit: , agents: 2 [thermal])
[2023-09-26 09:54:32.805] [info] Loading thermal.shutdown_cost (stages: 12 [1:12] [month] [1/2016], blocks: none, scenarios: 1, unit: k$, agents: 2 [thermal])
[2023-09-26 09:54:32.805] [info] Loading thermal.alternative_fuel (stages: 12 [1:12] [month] [1/2016], blocks: none, scenarios: 1, unit: , agents: 2 [thermal])
[2023-09-26 09:54:32.805] [info] Loading thermal.spinning_reserve (stages: 12 [1:12] [month] [1/2016], blocks: 24, scenarios: 1, unit: %, agents: 2 [thermal])
[2023-09-26 09:54:32.805] [info] Loading thermal.max_reserve (stages: 12 [1:12] [month] [1/2016], blocks: 24, scenarios: 1, unit: MW, agents: 2 [thermal])
[2023-09-26 09:54:32.805] [info] Loading thermal.bid_price (stages: 12 [1:12] [month] [1/2016], blocks: 24, scenarios: 1, unit: $/MWh, agents: 2 [thermal])
[2023-09-26 09:54:32.806] [info] Adding layers in "Thermal capacity" chart (stages: 12 [1:12] [month] [1/2016], blocks: none, scenarios: 1, unit: MW, agents: 2 [thermal])
[2023-09-26 09:54:32.838] [info] Loading bus.code (stages: 1 [1:1] [month] [1/2016], blocks: none, scenarios: 1, unit: , agents: 3 [bus])
[2023-09-26 09:54:32.838] [info] Loading bus.voltage_level (stages: 12 [1:12] [month] [1/2016], blocks: none, scenarios: 1, unit: kV, agents: 3 [bus])
[2023-09-26 09:54:32.839] [error] gerhid not found
[2023-09-26 09:54:32.839] [warn] AGGREGATE_BLOCKS: null at psrio\psrio.lua:56
[2023-09-26 09:54:32.839] [warn] CONVERT: null at psrio\psrio.lua:56
[2023-09-26 09:54:32.840] [error] gerter not found
[2023-09-26 09:54:32.840] [warn] AGGREGATE_BLOCKS: null at psrio\psrio.lua:57
[2023-09-26 09:54:32.840] [warn] CONVERT: null at psrio\psrio.lua:57
[2023-09-26 09:54:32.841] [error] cmgbus not found
[2023-09-26 09:54:32.841] [warn] AGGREGATE_BLOCKS: null at psrio\psrio.lua:58
[2023-09-26 09:54:32.842] [error] qverti not found
[2023-09-26 09:54:32.842] [warn] CONVERT: null at psrio\psrio.lua:59
[2023-09-26 09:54:32.842] [warn] AGGREGATE_BLOCKS: null at psrio\psrio.lua:59
[2023-09-26 09:54:32.843] [error] qturbi not found
[2023-09-26 09:54:32.843] [warn] CONVERT: null at psrio\psrio.lua:60
[2023-09-26 09:54:32.845] [warn] AGGREGATE_BLOCKS: null at psrio\psrio.lua:60
[2023-09-26 09:54:32.846] [error] volfin not found
[2023-09-26 09:54:32.847] [warn] AGGREGATE_BLOCKS: null at psrio\psrio.lua:61
[2023-09-26 09:54:32.848] [error] volini not found
[2023-09-26 09:54:32.849] [warn] AGGREGATE_BLOCKS: null at psrio\psrio.lua:62
[2023-09-26 09:54:32.849] [warn] ADD_SUFFIX: null at psrio\psrio.lua:67
[2023-09-26 09:54:32.849] [warn] ADD_SUFFIX: null at psrio\psrio.lua:68
[2023-09-26 09:54:32.850] [warn] SELECT_AGENTS: null at psrio\psrio.lua:76
[2023-09-26 09:54:32.850] [warn] RENAME_AGENTS: null at psrio\psrio.lua:76
[2023-09-26 09:54:32.850] [warn] SELECT_AGENTS: null at psrio\psrio.lua:76
[2023-09-26 09:54:32.851] [warn] RENAME_AGENTS: null at psrio\psrio.lua:76
[2023-09-26 09:54:32.851] [warn] SELECT_AGENTS: null at psrio\psrio.lua:81
[2023-09-26 09:54:32.851] [warn] RENAME_AGENTS: null at psrio\psrio.lua:81
[2023-09-26 09:54:32.852] [warn] SELECT_AGENTS: null at psrio\psrio.lua:81
[2023-09-26 09:54:32.852] [warn] RENAME_AGENTS: null at psrio\psrio.lua:81
[2023-09-26 09:54:32.852] [warn] SELECT_AGENTS: null at psrio\psrio.lua:86
[2023-09-26 09:54:32.853] [warn] RENAME_AGENTS: null at psrio\psrio.lua:86
[2023-09-26 09:54:32.853] [warn] SELECT_AGENTS: null at psrio\psrio.lua:86
[2023-09-26 09:54:32.853] [warn] RENAME_AGENTS: null at psrio\psrio.lua:86
[2023-09-26 09:54:32.854] [warn] SELECT_AGENTS: null at psrio\psrio.lua:86
[2023-09-26 09:54:32.854] [warn] RENAME_AGENTS: null at psrio\psrio.lua:86
[2023-09-26 09:54:32.855] [info] Loading hydro.code (stages: 1 [1:1] [month] [1/2016], blocks: none, scenarios: 1, unit: , agents: 2 [hydro])
[2023-09-26 09:54:32.855] [info] Loading hydro.state (stages: 12 [1:12] [month] [1/2016], blocks: none, scenarios: 1, unit: , agents: 2 [hydro])
[2023-09-26 09:54:32.855] [info] Loading hydro.units (stages: 12 [1:12] [month] [1/2016], blocks: none, scenarios: 1, unit: , agents: 2 [hydro])
[2023-09-26 09:54:32.856] [info] Loading hydro.system (stages: 1 [1:1] [month] [1/2016], blocks: none, scenarios: 1, unit: , agents: 2 [hydro])
[2023-09-26 09:54:32.856] [info] Loading hydro.max_generation (stages: 12 [1:12] [month] [1/2016], blocks: none, scenarios: 1, unit: MW, agents: 2 [hydro])
[2023-09-26 09:54:32.856] [info] Loading hydro.max_generation_available (stages: 12 [1:12] [month] [1/2016], blocks: none, scenarios: 1, unit: MW, agents: 2 [hydro])
[2023-09-26 09:54:32.856] [info] Loading hydro.forced_outage_rate (stages: 12 [1:12] [month] [1/2016], blocks: none, scenarios: 1, unit: %, agents: 2 [hydro])
[2023-09-26 09:54:32.857] [info] Loading hydro.historical_outage_factor (stages: 12 [1:12] [month] [1/2016], blocks: none, scenarios: 1, unit: %, agents: 2 [hydro])
[2023-09-26 09:54:32.857] [info] Loading hydro.min_storage (stages: 12 [1:12] [month] [1/2016], blocks: none, scenarios: 1, unit: hm3, agents: 2 [hydro])
[2023-09-26 09:54:32.857] [info] Loading hydro.max_storage (stages: 12 [1:12] [month] [1/2016], blocks: none, scenarios: 1, unit: hm3, agents: 2 [hydro])
[2023-09-26 09:54:32.857] [info] Loading hydro.min_turbining_outflow (stages: 12 [1:12] [month] [1/2016], blocks: none, scenarios: 1, unit: m3/s, agents: 2 [hydro])
[2023-09-26 09:54:32.857] [info] Loading hydro.max_turbining_outflow (stages: 12 [1:12] [month] [1/2016], blocks: none, scenarios: 1, unit: m3/s, agents: 2 [hydro])
[2023-09-26 09:54:32.858] [info] Loading hydro.om_cost (stages: 12 [1:12] [month] [1/2016], blocks: none, scenarios: 1, unit: $/MWh, agents: 2 [hydro])
[2023-09-26 09:54:32.858] [info] Loading hydro.irrigation (stages: 12 [1:12] [month] [1/2016], blocks: none, scenarios: 1, unit: m3/s, agents: 2 [hydro])
[2023-09-26 09:54:32.858] [info] Loading hydro.min_total_outflow_modification (stages: 12 [1:12] [month] [1/2016], blocks: none, scenarios: 1, unit: m3/s, agents: 2 [hydro])
[2023-09-26 09:54:32.859] [info] Loading target_storage_tolerance (not found)
[2023-09-26 09:54:32.859] [info] Loading hydro.disconsider_in_stored_and_inflow_energy (stages: 12 [1:12] [month] [1/2016], blocks: none, scenarios: 1, unit: , agents: 2 [hydro])
[2023-09-26 09:54:32.859] [info] Loading hydro.mean_production_coefficient (stages: 12 [1:12] [month] [1/2016], blocks: none, scenarios: 1, unit: MW/(m3/s), agents: 2 [hydro])
[2023-09-26 09:54:32.860] [info] Loading hydro.loss_factor (stages: 12 [1:12] [month] [1/2016], blocks: none, scenarios: 1, unit: pu, agents: 2 [hydro])
[2023-09-26 09:54:32.860] [info] Loading hydro.min_total_outflow_historical_scenarios_nodata (stages: 12 [1:12] [month] [1/2016], blocks: none, scenarios: 1, unit: , agents: 2 [hydro])
[2023-09-26 09:54:32.860] [info] Loading hydro.min_total_outflow_historical_scenarios (stages: 12 [1:12] [month] [1/2016], blocks: none, scenarios: 1, unit: m3/s, agents: 2 [hydro])
[2023-09-26 09:54:32.860] [info] Loading hydro.min_total_outflow (stages: 12 [1:12] [month] [1/2016], blocks: none, scenarios: 1, unit: m3/s, agents: 2 [hydro])
[2023-09-26 09:54:32.861] [info] Loading min_total_outflow_hourly_historical_scenarios_nodata (not found)
[2023-09-26 09:54:32.861] [info] Loading min_total_outflow_hourly_historical_scenarios (not found)
[2023-09-26 09:54:32.861] [info] Loading min_total_outflow_hourly (not found)
[2023-09-26 09:54:32.862] [info] Loading hydro.min_total_outflow_unit_violation_cost (stages: 12 [1:12] [month] [1/2016], blocks: none, scenarios: 1, unit: k$/m3/s, agents: 2 [hydro])
[2023-09-26 09:54:32.862] [info] Loading min_total_outflow_violation_type (not found)
[2023-09-26 09:54:32.862] [info] Loading hydro.max_total_outflow_historical_scenarios_nodata (stages: 12 [1:12] [month] [1/2016], blocks: none, scenarios: 1, unit: , agents: 2 [hydro])
[2023-09-26 09:54:32.863] [info] Loading hydro.max_total_outflow_historical_scenarios (stages: 12 [1:12] [month] [1/2016], blocks: none, scenarios: 1, unit: m3/s, agents: 2 [hydro])
[2023-09-26 09:54:32.863] [info] Loading hydro.max_total_outflow (stages: 12 [1:12] [month] [1/2016], blocks: none, scenarios: 1, unit: m3/s, agents: 2 [hydro])
[2023-09-26 09:54:32.863] [info] Loading max_total_outflow_hourly_historical_scenarios_nodata (not found)
[2023-09-26 09:54:32.864] [info] Loading max_total_outflow_hourly_historical_scenarios (not found)
[2023-09-26 09:54:32.864] [info] Loading max_total_outflow_hourly (not found)
[2023-09-26 09:54:32.864] [info] Loading hydro.max_total_outflow_unit_violation_cost (stages: 12 [1:12] [month] [1/2016], blocks: none, scenarios: 1, unit: k$/m3/s, agents: 2 [hydro])
[2023-09-26 09:54:32.864] [info] Loading max_total_outflow_violation_type (not found)
[2023-09-26 09:54:32.865] [info] Loading hydro.min_operative_storage_historical_scenarios_nodata (stages: 12 [1:12] [month] [1/2016], blocks: none, scenarios: 1, unit: , agents: 2 [hydro])
[2023-09-26 09:54:32.865] [info] Loading hydro.min_operative_storage_historical_scenarios (stages: 12 [1:12] [month] [1/2016], blocks: none, scenarios: 1, unit: hm3, agents: 2 [hydro])
[2023-09-26 09:54:32.865] [info] Loading hydro.min_operative_storage (stages: 12 [1:12] [month] [1/2016], blocks: none, scenarios: 1, unit: hm3, agents: 2 [hydro])
[2023-09-26 09:54:32.865] [info] Loading min_operative_storage_hourly_historical_scenarios_nodata (not found)
[2023-09-26 09:54:32.866] [info] Loading min_operative_storage_hourly_historical_scenarios (not found)
[2023-09-26 09:54:32.866] [info] Loading min_operative_storage_hourly (not found)
[2023-09-26 09:54:32.866] [info] Loading hydro.min_operative_storage_unit_violation_cost (stages: 12 [1:12] [month] [1/2016], blocks: none, scenarios: 1, unit: k$/hm3, agents: 2 [hydro])
[2023-09-26 09:54:32.867] [info] Loading min_operative_storage_violation_type (not found)
[2023-09-26 09:54:32.867] [info] Loading hydro.max_operative_storage_historical_scenarios_nodata (stages: 12 [1:12] [month] [1/2016], blocks: none, scenarios: 1, unit: , agents: 2 [hydro])
[2023-09-26 09:54:32.867] [info] Loading hydro.max_operative_storage_historical_scenarios (stages: 12 [1:12] [month] [1/2016], blocks: none, scenarios: 1, unit: hm3, agents: 2 [hydro])
[2023-09-26 09:54:32.868] [info] Loading hydro.max_operative_storage (stages: 12 [1:12] [month] [1/2016], blocks: none, scenarios: 1, unit: hm3, agents: 2 [hydro])
[2023-09-26 09:54:32.868] [info] Loading max_operative_storage_hourly_historical_scenarios_nodata (not found)
[2023-09-26 09:54:32.868] [info] Loading max_operative_storage_hourly_historical_scenarios (not found)
[2023-09-26 09:54:32.868] [info] Loading max_operative_storage_hourly (not found)
[2023-09-26 09:54:32.869] [info] Loading hydro.max_operative_storage_unit_violation_cost (stages: 12 [1:12] [month] [1/2016], blocks: none, scenarios: 1, unit: k$/hm3, agents: 2 [hydro])
[2023-09-26 09:54:32.869] [info] Loading max_operative_storage_violation_type (not found)
[2023-09-26 09:54:32.869] [info] Loading hydro.flood_control_historical_scenarios_nodata (stages: 12 [1:12] [month] [1/2016], blocks: none, scenarios: 1, unit: , agents: 2 [hydro])
[2023-09-26 09:54:32.870] [info] Loading hydro.flood_control_historical_scenarios (stages: 12 [1:12] [month] [1/2016], blocks: none, scenarios: 1, unit: hm3, agents: 2 [hydro])
[2023-09-26 09:54:32.870] [info] Loading hydro.flood_control (stages: 12 [1:12] [month] [1/2016], blocks: none, scenarios: 1, unit: hm3, agents: 2 [hydro])
[2023-09-26 09:54:32.870] [info] Loading flood_control_hourly_historical_scenarios_nodata (not found)
[2023-09-26 09:54:32.870] [info] Loading flood_control_hourly_historical_scenarios (not found)
[2023-09-26 09:54:32.871] [info] Loading flood_control_hourly (not found)
[2023-09-26 09:54:32.871] [info] Loading hydro.alert_storage_historical_scenarios_nodata (stages: 12 [1:12] [month] [1/2016], blocks: none, scenarios: 1, unit: , agents: 2 [hydro])
[2023-09-26 09:54:32.871] [info] Loading hydro.alert_storage_historical_scenarios (stages: 12 [1:12] [month] [1/2016], blocks: none, scenarios: 1, unit: hm3, agents: 2 [hydro])
[2023-09-26 09:54:32.871] [info] Loading hydro.alert_storage (stages: 12 [1:12] [month] [1/2016], blocks: none, scenarios: 1, unit: hm3, agents: 2 [hydro])
[2023-09-26 09:54:32.872] [info] Loading alert_storage_hourly_historical_scenarios_nodata (not found)
[2023-09-26 09:54:32.872] [info] Loading alert_storage_hourly_historical_scenarios (not found)
[2023-09-26 09:54:32.872] [info] Loading alert_storage_hourly (not found)
[2023-09-26 09:54:32.873] [info] Loading hydro.alert_storage_unit_violation_cost (stages: 12 [1:12] [month] [1/2016], blocks: none, scenarios: 1, unit: k$/hm3, agents: 2 [hydro])
[2023-09-26 09:54:32.873] [info] Loading alert_storage_violation_type (not found)
[2023-09-26 09:54:32.873] [info] Loading hydro.min_spillage_historical_scenarios_nodata (stages: 12 [1:12] [month] [1/2016], blocks: none, scenarios: 1, unit: , agents: 2 [hydro])
[2023-09-26 09:54:32.873] [info] Loading hydro.min_spillage_historical_scenarios (stages: 12 [1:12] [month] [1/2016], blocks: none, scenarios: 1, unit: m3/s, agents: 2 [hydro])
[2023-09-26 09:54:32.874] [info] Loading hydro.min_spillage (stages: 12 [1:12] [month] [1/2016], blocks: none, scenarios: 1, unit: m3/s, agents: 2 [hydro])
[2023-09-26 09:54:32.874] [info] Loading min_spillage_hourly_historical_scenarios_nodata (not found)
[2023-09-26 09:54:32.874] [info] Loading min_spillage_hourly_historical_scenarios (not found)
[2023-09-26 09:54:32.875] [info] Loading min_spillage_hourly (not found)
[2023-09-26 09:54:32.875] [info] Loading hydro.min_spillage_unit_violation_cost (stages: 12 [1:12] [month] [1/2016], blocks: none, scenarios: 1, unit: k$/m3/s, agents: 2 [hydro])
[2023-09-26 09:54:32.875] [info] Loading min_spillage_violation_type (not found)
[2023-09-26 09:54:32.875] [info] Loading hydro.max_spillage_historical_scenarios_nodata (stages: 12 [1:12] [month] [1/2016], blocks: none, scenarios: 1, unit: , agents: 2 [hydro])
[2023-09-26 09:54:32.876] [info] Loading hydro.max_spillage_historical_scenarios (stages: 12 [1:12] [month] [1/2016], blocks: none, scenarios: 1, unit: m3/s, agents: 2 [hydro])
[2023-09-26 09:54:32.876] [info] Loading hydro.max_spillage (stages: 12 [1:12] [month] [1/2016], blocks: none, scenarios: 1, unit: m3/s, agents: 2 [hydro])
[2023-09-26 09:54:32.876] [info] Loading max_spillage_hourly_historical_scenarios_nodata (not found)
[2023-09-26 09:54:32.877] [info] Loading max_spillage_hourly_historical_scenarios (not found)
[2023-09-26 09:54:32.877] [info] Loading max_spillage_hourly (not found)
[2023-09-26 09:54:32.877] [info] Loading hydro.max_spillage_unit_violation_cost (stages: 12 [1:12] [month] [1/2016], blocks: none, scenarios: 1, unit: k$/m3/s, agents: 2 [hydro])
[2023-09-26 09:54:32.877] [info] Loading max_spillage_violation_type (not found)
[2023-09-26 09:54:32.878] [info] Loading min_bio_spillage_historical_scenarios_nodata (not found)
[2023-09-26 09:54:32.878] [info] Loading min_bio_spillage_historical_scenarios (not found)
[2023-09-26 09:54:32.878] [info] Loading min_bio_spillage (not found)
[2023-09-26 09:54:32.879] [info] Loading min_bio_spillage_hourly_historical_scenarios_nodata (not found)
[2023-09-26 09:54:32.879] [info] Loading min_bio_spillage_hourly_historical_scenarios (not found)
[2023-09-26 09:54:32.879] [info] Loading min_bio_spillage_hourly (not found)
[2023-09-26 09:54:32.880] [info] Loading min_bio_spillage_unit_violation_cost (not found)
[2023-09-26 09:54:32.880] [info] Loading min_bio_spillage_violation_type (not found)
[2023-09-26 09:54:32.880] [info] Loading target_storage_historical_scenarios_nodata (not found)
[2023-09-26 09:54:32.880] [info] Loading target_storage_historical_scenarios (not found)
[2023-09-26 09:54:32.881] [info] Loading target_storage (not found)
[2023-09-26 09:54:32.881] [info] Loading target_storage_hourly_historical_scenarios_nodata (not found)
[2023-09-26 09:54:32.881] [info] Loading target_storage_hourly_historical_scenarios (not found)
[2023-09-26 09:54:32.882] [info] Loading target_storage_hourly (not found)
[2023-09-26 09:54:32.882] [info] Loading min_turbining_unit_violation_cost (not found)
[2023-09-26 09:54:32.882] [info] Loading min_turbining_violation_type (not found)
[2023-09-26 09:54:32.883] [info] Loading hydro.max_turbining_historical_scenarios_nodata (stages: 12 [1:12] [month] [1/2016], blocks: none, scenarios: 1, unit: , agents: 2 [hydro])
[2023-09-26 09:54:32.883] [info] Loading hydro.max_turbining_historical_scenarios (stages: 12 [1:12] [month] [1/2016], blocks: none, scenarios: 1, unit: m3/s, agents: 2 [hydro])
[2023-09-26 09:54:32.883] [info] Loading hydro.max_turbining (stages: 12 [1:12] [month] [1/2016], blocks: none, scenarios: 1, unit: m3/s, agents: 2 [hydro])
[2023-09-26 09:54:32.883] [info] Loading max_turbining_hourly_historical_scenarios_nodata (not found)
[2023-09-26 09:54:32.884] [info] Loading max_turbining_hourly_historical_scenarios (not found)
[2023-09-26 09:54:32.884] [info] Loading max_turbining_hourly (not found)
[2023-09-26 09:54:32.884] [info] Loading hydro.max_turbining_unit_violation_cost (stages: 12 [1:12] [month] [1/2016], blocks: none, scenarios: 1, unit: k$/m3/s, agents: 2 [hydro])
[2023-09-26 09:54:32.885] [info] Loading max_turbining_violation_type (not found)
[2023-09-26 09:54:32.885] [info] Loading hydro.spinning_reserve (stages: 12 [1:12] [month] [1/2016], blocks: 24, scenarios: 1, unit: %, agents: 2 [hydro])
[2023-09-26 09:54:32.885] [info] Loading hydro.max_reserve (stages: 12 [1:12] [month] [1/2016], blocks: 24, scenarios: 1, unit: MW, agents: 2 [hydro])
[2023-09-26 09:54:32.886] [info] Loading hydro.storage_x_elevation__storage_1 (stages: 12 [1:12] [month] [1/2016], blocks: none, scenarios: 1, unit: hm3, agents: 2 [hydro])
[2023-09-26 09:54:32.886] [info] Loading hydro.storage_x_elevation__storage_2 (stages: 12 [1:12] [month] [1/2016], blocks: none, scenarios: 1, unit: hm3, agents: 2 [hydro])
[2023-09-26 09:54:32.887] [info] Loading hydro.storage_x_elevation__storage_3 (stages: 12 [1:12] [month] [1/2016], blocks: none, scenarios: 1, unit: hm3, agents: 2 [hydro])
[2023-09-26 09:54:32.887] [info] Loading hydro.storage_x_elevation__storage_4 (stages: 12 [1:12] [month] [1/2016], blocks: none, scenarios: 1, unit: hm3, agents: 2 [hydro])
[2023-09-26 09:54:32.888] [info] Loading hydro.storage_x_elevation__storage_5 (stages: 12 [1:12] [month] [1/2016], blocks: none, scenarios: 1, unit: hm3, agents: 2 [hydro])
[2023-09-26 09:54:32.888] [info] Loading hydro.storage_x_elevation__elevation_1 (stages: 12 [1:12] [month] [1/2016], blocks: none, scenarios: 1, unit: masl, agents: 2 [hydro])
[2023-09-26 09:54:32.889] [info] Loading hydro.storage_x_elevation__elevation_2 (stages: 12 [1:12] [month] [1/2016], blocks: none, scenarios: 1, unit: masl, agents: 2 [hydro])
[2023-09-26 09:54:32.889] [info] Loading hydro.storage_x_elevation__elevation_3 (stages: 12 [1:12] [month] [1/2016], blocks: none, scenarios: 1, unit: masl, agents: 2 [hydro])
[2023-09-26 09:54:32.890] [info] Loading hydro.storage_x_elevation__elevation_4 (stages: 12 [1:12] [month] [1/2016], blocks: none, scenarios: 1, unit: masl, agents: 2 [hydro])
[2023-09-26 09:54:32.890] [info] Loading hydro.storage_x_elevation__elevation_5 (stages: 12 [1:12] [month] [1/2016], blocks: none, scenarios: 1, unit: masl, agents: 2 [hydro])
[2023-09-26 09:54:32.890] [info] Loading thermal.code (stages: 1 [1:1] [month] [1/2016], blocks: none, scenarios: 1, unit: , agents: 2 [thermal])
[2023-09-26 09:54:32.890] [info] Loading thermal.state (stages: 12 [1:12] [month] [1/2016], blocks: none, scenarios: 1, unit: , agents: 2 [thermal])
[2023-09-26 09:54:32.890] [info] Loading thermal.units (stages: 12 [1:12] [month] [1/2016], blocks: none, scenarios: 1, unit: , agents: 2 [thermal])
[2023-09-26 09:54:32.891] [info] Loading thermal.system (stages: 1 [1:1] [month] [1/2016], blocks: none, scenarios: 1, unit: , agents: 2 [thermal])
[2023-09-26 09:54:32.891] [info] Loading thermal.min_generation (stages: 12 [1:12] [month] [1/2016], blocks: none, scenarios: 1, unit: MW, agents: 2 [thermal])
[2023-09-26 09:54:32.891] [info] Loading thermal.min_generation_available (stages: 12 [1:12] [month] [1/2016], blocks: none, scenarios: 1, unit: MW, agents: 2 [thermal])
[2023-09-26 09:54:32.891] [info] Loading thermal.min_generation_constraint (stages: 12 [1:12] [month] [1/2016], blocks: 24, scenarios: 1, unit: MW, agents: 2 [thermal])
[2023-09-26 09:54:32.891] [info] Loading thermal.max_generation (stages: 12 [1:12] [month] [1/2016], blocks: none, scenarios: 1, unit: MW, agents: 2 [thermal])
[2023-09-26 09:54:32.891] [info] Loading thermal.max_generation_available (stages: 12 [1:12] [month] [1/2016], blocks: none, scenarios: 1, unit: MW, agents: 2 [thermal])
[2023-09-26 09:54:32.891] [info] Loading thermal.forced_outage_rate (stages: 12 [1:12] [month] [1/2016], blocks: none, scenarios: 1, unit: %, agents: 2 [thermal])
[2023-09-26 09:54:32.891] [info] Loading thermal.historical_outage_factor (stages: 12 [1:12] [month] [1/2016], blocks: none, scenarios: 1, unit: %, agents: 2 [thermal])
[2023-09-26 09:54:32.892] [info] Loading thermal.startup_cost (stages: 12 [1:12] [month] [1/2016], blocks: none, scenarios: 1, unit: k$, agents: 2 [thermal])
[2023-09-26 09:54:32.892] [info] Loading thermal.startup_cost_constraint (stages: 12 [1:12] [month] [1/2016], blocks: 24, scenarios: 1, unit: k$, agents: 2 [thermal])
[2023-09-26 09:54:32.892] [info] Loading thermal.om_cost (stages: 12 [1:12] [month] [1/2016], blocks: none, scenarios: 1, unit: $/MWh, agents: 2 [thermal])
[2023-09-26 09:54:32.892] [info] Loading thermal.specific_consumption_segment_1 (stages: 12 [1:12] [month] [1/2016], blocks: 24, scenarios: 1, unit: gal/MWh, agents: 2 [thermal])
[2023-09-26 09:54:32.892] [info] Loading thermal.specific_consumption_segment_2 (stages: 12 [1:12] [month] [1/2016], blocks: 24, scenarios: 1, unit: gal/MWh, agents: 2 [thermal])
[2023-09-26 09:54:32.892] [info] Loading thermal.specific_consumption_segment_3 (stages: 12 [1:12] [month] [1/2016], blocks: 24, scenarios: 1, unit: gal/MWh, agents: 2 [thermal])
[2023-09-26 09:54:32.893] [info] Loading thermal.curve_segment_1 (stages: 12 [1:12] [month] [1/2016], blocks: none, scenarios: 1, unit: %, agents: 2 [thermal])
[2023-09-26 09:54:32.893] [info] Loading thermal.curve_segment_2 (stages: 12 [1:12] [month] [1/2016], blocks: none, scenarios: 1, unit: %, agents: 2 [thermal])
[2023-09-26 09:54:32.893] [info] Loading thermal.curve_segment_3 (stages: 12 [1:12] [month] [1/2016], blocks: none, scenarios: 1, unit: %, agents: 2 [thermal])
[2023-09-26 09:54:32.893] [info] Loading thermal.fuel_transportation_cost (stages: 12 [1:12] [month] [1/2016], blocks: none, scenarios: 1, unit: $/gal, agents: 2 [thermal])
[2023-09-26 09:54:32.893] [info] Loading thermal.operation_mode (stages: 12 [1:12] [month] [1/2016], blocks: none, scenarios: 1, unit: , agents: 2 [thermal])
[2023-09-26 09:54:32.893] [info] Loading thermal.emission_coefficient (stages: 12 [1:12] [month] [1/2016], blocks: none, scenarios: 1, unit: pu, agents: 2 [thermal])
[2023-09-26 09:54:32.893] [info] Loading thermal.ramp_up (stages: 12 [1:12] [month] [1/2016], blocks: none, scenarios: 1, unit: MW/min, agents: 2 [thermal])
[2023-09-26 09:54:32.894] [info] Loading thermal.ramp_down (stages: 12 [1:12] [month] [1/2016], blocks: none, scenarios: 1, unit: MW/min, agents: 2 [thermal])
[2023-09-26 09:54:32.894] [info] Loading thermal.min_uptime (stages: 12 [1:12] [month] [1/2016], blocks: none, scenarios: 1, unit: hour, agents: 2 [thermal])
[2023-09-26 09:54:32.894] [info] Loading thermal.min_downtime (stages: 12 [1:12] [month] [1/2016], blocks: none, scenarios: 1, unit: hour, agents: 2 [thermal])
[2023-09-26 09:54:32.894] [info] Loading thermal.max_startups (stages: 12 [1:12] [month] [1/2016], blocks: none, scenarios: 1, unit: , agents: 2 [thermal])
[2023-09-26 09:54:32.894] [info] Loading thermal.max_shutdowns (stages: 12 [1:12] [month] [1/2016], blocks: none, scenarios: 1, unit: , agents: 2 [thermal])
[2023-09-26 09:54:32.894] [info] Loading thermal.shutdown_cost (stages: 12 [1:12] [month] [1/2016], blocks: none, scenarios: 1, unit: k$, agents: 2 [thermal])
[2023-09-26 09:54:32.894] [info] Loading thermal.alternative_fuel (stages: 12 [1:12] [month] [1/2016], blocks: none, scenarios: 1, unit: , agents: 2 [thermal])
[2023-09-26 09:54:32.895] [info] Loading thermal.spinning_reserve (stages: 12 [1:12] [month] [1/2016], blocks: 24, scenarios: 1, unit: %, agents: 2 [thermal])
[2023-09-26 09:54:32.895] [info] Loading thermal.max_reserve (stages: 12 [1:12] [month] [1/2016], blocks: 24, scenarios: 1, unit: MW, agents: 2 [thermal])
[2023-09-26 09:54:32.895] [info] Loading thermal.bid_price (stages: 12 [1:12] [month] [1/2016], blocks: 24, scenarios: 1, unit: $/MWh, agents: 2 [thermal])
[2023-09-26 09:54:32.895] [info] Loading bus.code (stages: 1 [1:1] [month] [1/2016], blocks: none, scenarios: 1, unit: , agents: 3 [bus])
[2023-09-26 09:54:32.895] [info] Loading bus.voltage_level (stages: 12 [1:12] [month] [1/2016], blocks: none, scenarios: 1, unit: kV, agents: 3 [bus])
[2023-09-26 09:54:32.896] [error] gerhid not found
[2023-09-26 09:54:32.897] [warn] AGGREGATE_BLOCKS: null at psrio\psrio.lua:56
[2023-09-26 09:54:32.898] [warn] CONVERT: null at psrio\psrio.lua:56
[2023-09-26 09:54:32.900] [error] gerter not found
[2023-09-26 09:54:32.900] [warn] AGGREGATE_BLOCKS: null at psrio\psrio.lua:57
[2023-09-26 09:54:32.901] [warn] CONVERT: null at psrio\psrio.lua:57
[2023-09-26 09:54:32.902] [error] cmgbus not found
[2023-09-26 09:54:32.902] [warn] AGGREGATE_BLOCKS: null at psrio\psrio.lua:58
[2023-09-26 09:54:32.904] [error] qverti not found
[2023-09-26 09:54:32.904] [warn] CONVERT: null at psrio\psrio.lua:59
[2023-09-26 09:54:32.904] [warn] AGGREGATE_BLOCKS: null at psrio\psrio.lua:59
[2023-09-26 09:54:32.905] [error] qturbi not found
[2023-09-26 09:54:32.906] [warn] CONVERT: null at psrio\psrio.lua:60
[2023-09-26 09:54:32.906] [warn] AGGREGATE_BLOCKS: null at psrio\psrio.lua:60
[2023-09-26 09:54:32.907] [error] volfin not found
[2023-09-26 09:54:32.909] [warn] AGGREGATE_BLOCKS: null at psrio\psrio.lua:61
[2023-09-26 09:54:32.911] [error] volini not found
[2023-09-26 09:54:32.911] [warn] AGGREGATE_BLOCKS: null at psrio\psrio.lua:62
[2023-09-26 09:54:32.911] [warn] ADD_SUFFIX: null at psrio\psrio.lua:67
[2023-09-26 09:54:32.912] [warn] ADD_SUFFIX: null at psrio\psrio.lua:68
[2023-09-26 09:54:32.912] [warn] SELECT_AGENTS: null at psrio\psrio.lua:76
[2023-09-26 09:54:32.912] [warn] RENAME_AGENTS: null at psrio\psrio.lua:76
[2023-09-26 09:54:32.913] [warn] SELECT_AGENTS: null at psrio\psrio.lua:76
[2023-09-26 09:54:32.913] [warn] RENAME_AGENTS: null at psrio\psrio.lua:76
[2023-09-26 09:54:32.913] [warn] SELECT_AGENTS: null at psrio\psrio.lua:81
[2023-09-26 09:54:32.914] [warn] RENAME_AGENTS: null at psrio\psrio.lua:81
[2023-09-26 09:54:32.914] [warn] SELECT_AGENTS: null at psrio\psrio.lua:81
[2023-09-26 09:54:32.914] [warn] RENAME_AGENTS: null at psrio\psrio.lua:81
[2023-09-26 09:54:32.915] [warn] SELECT_AGENTS: null at psrio\psrio.lua:86
[2023-09-26 09:54:32.915] [warn] RENAME_AGENTS: null at psrio\psrio.lua:86
[2023-09-26 09:54:32.915] [warn] SELECT_AGENTS: null at psrio\psrio.lua:86
[2023-09-26 09:54:32.915] [warn] RENAME_AGENTS: null at psrio\psrio.lua:86
[2023-09-26 09:54:32.916] [warn] SELECT_AGENTS: null at psrio\psrio.lua:86
[2023-09-26 09:54:32.916] [warn] RENAME_AGENTS: null at psrio\psrio.lua:86
[2023-09-26 09:54:32.916] [info] Saving dashboard.html
[2023-09-26 09:54:32.918] [info] Deleting temporary files and folders
[2023-09-26 09:54:32.918] [info] Temporary folder successfully deleted (psrio\results\tmp-psrio)
[2023-09-26 09:54:32.918] [info] Temporary folder successfully deleted (D:\SDDP_TUTORIAL\generic_linear_constraints\constraint_1\with_constrain\tmp-psrio)
[2023-09-26 09:54:32.918] [info] Temporary folder successfully deleted (D:\SDDP_TUTORIAL\generic_linear_constraints\constraint_1\without_constrain\tmp-psrio)
[2023-09-26 09:54:32.918] [info] Closing hourly scenarios
[2023-09-26 09:54:32.918] [info] Closing hourly scenarios
[2023-09-26 09:54:32.918] [info] Creating psrio.ok
[2023-09-26 09:54:32.919] [info] PSRIO v0.26.0-beta-7161a240 (2023-09-12 15:12:26 -0300) finished successfully
