[2023-09-25 19:24:49.530] [info] C:\PSR\GraphModule\Oper\psrplot\psrio\psrio.exe -r psrio\psrio.lua -o psrio\results without_constrain with_constrain 
[2023-09-25 19:24:49.532] [info] PSRIO v0.26.0-beta-7161a240 (2023-09-12 15:12:26 -0300)
[2023-09-25 19:24:49.532] [info] Executable path C:\PSR\GraphModule\Oper\psrplot\psrio
[2023-09-25 19:24:49.532] [info] Added script "psrio\\psrio.lua"
[2023-09-25 19:24:49.533] [info] Packages path C:\PSR\GraphModule\Oper\psrplot\psrio\base\?.lua;D:\SDDP_TUTORIAL\generic_linear_constraints\constraint_2\psrio\?.lua
[2023-09-25 19:24:49.540] [info] Loading extensions/chart.lua
[2023-09-25 19:24:49.540] [info] Loading extensions/expression.lua
[2023-09-25 19:24:49.541] [info] Loading extensions/markdown.lua
[2023-09-25 19:24:49.541] [info] Loading extensions/tab.lua
[2023-09-25 19:24:49.541] [info] Loading extensions/writer.lua
[2023-09-25 19:24:49.760] [info] PSRIO.pmk loaded
[2023-09-25 19:24:49.769] [info] PSRIO.pmd loaded
[2023-09-25 19:24:49.769] [info] Deleting temporary files and folders
[2023-09-25 19:24:49.769] [info] Creating temporary directory ("psrio\\results\\tmp-psrio")
[2023-09-25 19:24:49.769] [info] Creating temporary directory ("D:\\SDDP_TUTORIAL\\generic_linear_constraints\\constraint_2\\with_constrain\\tmp-psrio")
[2023-09-25 19:24:49.769] [info] Creating temporary directory ("D:\\SDDP_TUTORIAL\\generic_linear_constraints\\constraint_2\\without_constrain\\tmp-psrio")
[2023-09-25 19:24:49.770] [info] Loading sddp study (D:\SDDP_TUTORIAL\generic_linear_constraints\constraint_2\without_constrain)
[2023-09-25 19:24:49.771] [info] Loading D:\SDDP_TUTORIAL\generic_linear_constraints\constraint_2\without_constrain\sddp.dat
[2023-09-25 19:24:49.943] [info] Loading sddp study (D:\SDDP_TUTORIAL\generic_linear_constraints\constraint_2\with_constrain)
[2023-09-25 19:24:49.944] [info] Loading D:\SDDP_TUTORIAL\generic_linear_constraints\constraint_2\with_constrain\sddp.dat
[2023-09-25 19:24:49.979] [info] Running psrio\psrio.lua
[2023-09-25 19:24:49.985] [info] Loading system.code (stages: 1 [1:1] [month] [1/2016], blocks: none, scenarios: 1, unit: , agents: 1 [system])
[2023-09-25 19:24:49.985] [info] Loading system.load_level_length (stages: 12 [1:12] [month] [1/2016], blocks: 24, scenarios: 1, unit: hour, agents: 1 [system])
[2023-09-25 19:24:49.985] [info] Loading system.hour_block_map (stages: 12 [1:12] [month] [1/2016], blocks: hour, scenarios: 1, unit: , agents: 1 [system])
[2023-09-25 19:24:49.985] [info] Loading system.sensitivity (stages: 1 [1:1] [month] [1/2016], blocks: none, scenarios: 1, unit: , agents: 1 [system])
[2023-09-25 19:24:49.985] [info] Loading system.carbon_credit_cost (stages: 12 [1:12] [month] [1/2016], blocks: none, scenarios: 1, unit: $/tCO2, agents: 1 [system])
[2023-09-25 19:24:49.986] [info] Converting demand to binary
[2023-09-25 19:24:49.988] [info] Loading demand (stages: 12 [1:12] [month] [1/2016], blocks: 24, scenarios: 1, unit: GWh, agents: 1 [system])
[2023-09-25 19:24:49.989] [info] AGGREGATE_BLOCKS: (stages: 12 [1:12] [month] [1/2016], blocks: 24, scenarios: 1, unit: GWh, agents: 1 [system])
[2023-09-25 19:24:49.990] [info] AGGREGATE_BLOCKS= (stages: 12 [1:12] [month] [1/2016], blocks: none, scenarios: 1, unit: GWh, agents: 1 [system])
[2023-09-25 19:24:49.990] [info] CONVERT: (stages: 12 [1:12] [month] [1/2016], blocks: none, scenarios: 1, unit: GWh, agents: 1 [system])
[2023-09-25 19:24:49.991] [info] Unit converted from [GWh] to [MW] with factor 1000.000000 / hour
[2023-09-25 19:24:49.991] [info] CONVERT= (stages: 12 [1:12] [month] [1/2016], blocks: none, scenarios: 1, unit: MW, agents: 1 [system])
[2023-09-25 19:24:49.991] [info] Adding layers in "Demand" chart (stages: 12 [1:12] [month] [1/2016], blocks: none, scenarios: 1, unit: MW, agents: 1 [system])
[2023-09-25 19:24:50.030] [info] Loading hydro.code (stages: 1 [1:1] [month] [1/2016], blocks: none, scenarios: 1, unit: , agents: 2 [hydro])
[2023-09-25 19:24:50.030] [info] Loading hydro.state (stages: 12 [1:12] [month] [1/2016], blocks: none, scenarios: 1, unit: , agents: 2 [hydro])
[2023-09-25 19:24:50.031] [info] Loading hydro.units (stages: 12 [1:12] [month] [1/2016], blocks: none, scenarios: 1, unit: , agents: 2 [hydro])
[2023-09-25 19:24:50.031] [info] Loading hydro.system (stages: 1 [1:1] [month] [1/2016], blocks: none, scenarios: 1, unit: , agents: 2 [hydro])
[2023-09-25 19:24:50.031] [info] Loading hydro.max_generation (stages: 12 [1:12] [month] [1/2016], blocks: none, scenarios: 1, unit: MW, agents: 2 [hydro])
[2023-09-25 19:24:50.031] [info] Loading hydro.max_generation_available (stages: 12 [1:12] [month] [1/2016], blocks: none, scenarios: 1, unit: MW, agents: 2 [hydro])
[2023-09-25 19:24:50.032] [info] Loading hydro.forced_outage_rate (stages: 12 [1:12] [month] [1/2016], blocks: none, scenarios: 1, unit: %, agents: 2 [hydro])
[2023-09-25 19:24:50.032] [info] Loading hydro.historical_outage_factor (stages: 12 [1:12] [month] [1/2016], blocks: none, scenarios: 1, unit: %, agents: 2 [hydro])
[2023-09-25 19:24:50.032] [info] Loading hydro.min_storage (stages: 12 [1:12] [month] [1/2016], blocks: none, scenarios: 1, unit: hm3, agents: 2 [hydro])
[2023-09-25 19:24:50.032] [info] Loading hydro.max_storage (stages: 12 [1:12] [month] [1/2016], blocks: none, scenarios: 1, unit: hm3, agents: 2 [hydro])
[2023-09-25 19:24:50.033] [info] Loading hydro.min_turbining_outflow (stages: 12 [1:12] [month] [1/2016], blocks: none, scenarios: 1, unit: m3/s, agents: 2 [hydro])
[2023-09-25 19:24:50.033] [info] Loading hydro.max_turbining_outflow (stages: 12 [1:12] [month] [1/2016], blocks: none, scenarios: 1, unit: m3/s, agents: 2 [hydro])
[2023-09-25 19:24:50.033] [info] Loading hydro.om_cost (stages: 12 [1:12] [month] [1/2016], blocks: none, scenarios: 1, unit: $/MWh, agents: 2 [hydro])
[2023-09-25 19:24:50.033] [info] Loading hydro.irrigation (stages: 12 [1:12] [month] [1/2016], blocks: none, scenarios: 1, unit: m3/s, agents: 2 [hydro])
[2023-09-25 19:24:50.033] [info] Loading hydro.min_total_outflow_modification (stages: 12 [1:12] [month] [1/2016], blocks: none, scenarios: 1, unit: m3/s, agents: 2 [hydro])
[2023-09-25 19:24:50.034] [info] Loading target_storage_tolerance (not found)
[2023-09-25 19:24:50.034] [info] Loading hydro.disconsider_in_stored_and_inflow_energy (stages: 12 [1:12] [month] [1/2016], blocks: none, scenarios: 1, unit: , agents: 2 [hydro])
[2023-09-25 19:24:50.034] [info] Loading hydro.mean_production_coefficient (stages: 12 [1:12] [month] [1/2016], blocks: none, scenarios: 1, unit: MW/(m3/s), agents: 2 [hydro])
[2023-09-25 19:24:50.034] [info] Loading hydro.loss_factor (stages: 12 [1:12] [month] [1/2016], blocks: none, scenarios: 1, unit: pu, agents: 2 [hydro])
[2023-09-25 19:24:50.035] [info] Loading hydro.min_total_outflow_historical_scenarios_nodata (stages: 12 [1:12] [month] [1/2016], blocks: none, scenarios: 1, unit: , agents: 2 [hydro])
[2023-09-25 19:24:50.035] [info] Loading hydro.min_total_outflow_historical_scenarios (stages: 12 [1:12] [month] [1/2016], blocks: none, scenarios: 1, unit: m3/s, agents: 2 [hydro])
[2023-09-25 19:24:50.035] [info] Loading hydro.min_total_outflow (stages: 12 [1:12] [month] [1/2016], blocks: none, scenarios: 1, unit: m3/s, agents: 2 [hydro])
[2023-09-25 19:24:50.035] [info] Loading min_total_outflow_hourly_historical_scenarios_nodata (not found)
[2023-09-25 19:24:50.036] [info] Loading min_total_outflow_hourly_historical_scenarios (not found)
[2023-09-25 19:24:50.036] [info] Loading min_total_outflow_hourly (not found)
[2023-09-25 19:24:50.036] [info] Loading hydro.min_total_outflow_unit_violation_cost (stages: 12 [1:12] [month] [1/2016], blocks: none, scenarios: 1, unit: k$/m3/s, agents: 2 [hydro])
[2023-09-25 19:24:50.036] [info] Loading min_total_outflow_violation_type (not found)
[2023-09-25 19:24:50.037] [info] Loading hydro.max_total_outflow_historical_scenarios_nodata (stages: 12 [1:12] [month] [1/2016], blocks: none, scenarios: 1, unit: , agents: 2 [hydro])
[2023-09-25 19:24:50.037] [info] Loading hydro.max_total_outflow_historical_scenarios (stages: 12 [1:12] [month] [1/2016], blocks: none, scenarios: 1, unit: m3/s, agents: 2 [hydro])
[2023-09-25 19:24:50.037] [info] Loading hydro.max_total_outflow (stages: 12 [1:12] [month] [1/2016], blocks: none, scenarios: 1, unit: m3/s, agents: 2 [hydro])
[2023-09-25 19:24:50.037] [info] Loading max_total_outflow_hourly_historical_scenarios_nodata (not found)
[2023-09-25 19:24:50.038] [info] Loading max_total_outflow_hourly_historical_scenarios (not found)
[2023-09-25 19:24:50.038] [info] Loading max_total_outflow_hourly (not found)
[2023-09-25 19:24:50.038] [info] Loading hydro.max_total_outflow_unit_violation_cost (stages: 12 [1:12] [month] [1/2016], blocks: none, scenarios: 1, unit: k$/m3/s, agents: 2 [hydro])
[2023-09-25 19:24:50.039] [info] Loading max_total_outflow_violation_type (not found)
[2023-09-25 19:24:50.039] [info] Loading hydro.min_operative_storage_historical_scenarios_nodata (stages: 12 [1:12] [month] [1/2016], blocks: none, scenarios: 1, unit: , agents: 2 [hydro])
[2023-09-25 19:24:50.039] [info] Loading hydro.min_operative_storage_historical_scenarios (stages: 12 [1:12] [month] [1/2016], blocks: none, scenarios: 1, unit: hm3, agents: 2 [hydro])
[2023-09-25 19:24:50.039] [info] Loading hydro.min_operative_storage (stages: 12 [1:12] [month] [1/2016], blocks: none, scenarios: 1, unit: hm3, agents: 2 [hydro])
[2023-09-25 19:24:50.040] [info] Loading min_operative_storage_hourly_historical_scenarios_nodata (not found)
[2023-09-25 19:24:50.040] [info] Loading min_operative_storage_hourly_historical_scenarios (not found)
[2023-09-25 19:24:50.040] [info] Loading min_operative_storage_hourly (not found)
[2023-09-25 19:24:50.040] [info] Loading hydro.min_operative_storage_unit_violation_cost (stages: 12 [1:12] [month] [1/2016], blocks: none, scenarios: 1, unit: k$/hm3, agents: 2 [hydro])
[2023-09-25 19:24:50.041] [info] Loading min_operative_storage_violation_type (not found)
[2023-09-25 19:24:50.041] [info] Loading hydro.max_operative_storage_historical_scenarios_nodata (stages: 12 [1:12] [month] [1/2016], blocks: none, scenarios: 1, unit: , agents: 2 [hydro])
[2023-09-25 19:24:50.041] [info] Loading hydro.max_operative_storage_historical_scenarios (stages: 12 [1:12] [month] [1/2016], blocks: none, scenarios: 1, unit: hm3, agents: 2 [hydro])
[2023-09-25 19:24:50.041] [info] Loading hydro.max_operative_storage (stages: 12 [1:12] [month] [1/2016], blocks: none, scenarios: 1, unit: hm3, agents: 2 [hydro])
[2023-09-25 19:24:50.042] [info] Loading max_operative_storage_hourly_historical_scenarios_nodata (not found)
[2023-09-25 19:24:50.042] [info] Loading max_operative_storage_hourly_historical_scenarios (not found)
[2023-09-25 19:24:50.042] [info] Loading max_operative_storage_hourly (not found)
[2023-09-25 19:24:50.043] [info] Loading hydro.max_operative_storage_unit_violation_cost (stages: 12 [1:12] [month] [1/2016], blocks: none, scenarios: 1, unit: k$/hm3, agents: 2 [hydro])
[2023-09-25 19:24:50.043] [info] Loading max_operative_storage_violation_type (not found)
[2023-09-25 19:24:50.043] [info] Loading hydro.flood_control_historical_scenarios_nodata (stages: 12 [1:12] [month] [1/2016], blocks: none, scenarios: 1, unit: , agents: 2 [hydro])
[2023-09-25 19:24:50.043] [info] Loading hydro.flood_control_historical_scenarios (stages: 12 [1:12] [month] [1/2016], blocks: none, scenarios: 1, unit: hm3, agents: 2 [hydro])
[2023-09-25 19:24:50.044] [info] Loading hydro.flood_control (stages: 12 [1:12] [month] [1/2016], blocks: none, scenarios: 1, unit: hm3, agents: 2 [hydro])
[2023-09-25 19:24:50.044] [info] Loading flood_control_hourly_historical_scenarios_nodata (not found)
[2023-09-25 19:24:50.044] [info] Loading flood_control_hourly_historical_scenarios (not found)
[2023-09-25 19:24:50.045] [info] Loading flood_control_hourly (not found)
[2023-09-25 19:24:50.045] [info] Loading hydro.alert_storage_historical_scenarios_nodata (stages: 12 [1:12] [month] [1/2016], blocks: none, scenarios: 1, unit: , agents: 2 [hydro])
[2023-09-25 19:24:50.045] [info] Loading hydro.alert_storage_historical_scenarios (stages: 12 [1:12] [month] [1/2016], blocks: none, scenarios: 1, unit: hm3, agents: 2 [hydro])
[2023-09-25 19:24:50.045] [info] Loading hydro.alert_storage (stages: 12 [1:12] [month] [1/2016], blocks: none, scenarios: 1, unit: hm3, agents: 2 [hydro])
[2023-09-25 19:24:50.046] [info] Loading alert_storage_hourly_historical_scenarios_nodata (not found)
[2023-09-25 19:24:50.046] [info] Loading alert_storage_hourly_historical_scenarios (not found)
[2023-09-25 19:24:50.046] [info] Loading alert_storage_hourly (not found)
[2023-09-25 19:24:50.047] [info] Loading hydro.alert_storage_unit_violation_cost (stages: 12 [1:12] [month] [1/2016], blocks: none, scenarios: 1, unit: k$/hm3, agents: 2 [hydro])
[2023-09-25 19:24:50.047] [info] Loading alert_storage_violation_type (not found)
[2023-09-25 19:24:50.047] [info] Loading hydro.min_spillage_historical_scenarios_nodata (stages: 12 [1:12] [month] [1/2016], blocks: none, scenarios: 1, unit: , agents: 2 [hydro])
[2023-09-25 19:24:50.047] [info] Loading hydro.min_spillage_historical_scenarios (stages: 12 [1:12] [month] [1/2016], blocks: none, scenarios: 1, unit: m3/s, agents: 2 [hydro])
[2023-09-25 19:24:50.048] [info] Loading hydro.min_spillage (stages: 12 [1:12] [month] [1/2016], blocks: none, scenarios: 1, unit: m3/s, agents: 2 [hydro])
[2023-09-25 19:24:50.048] [info] Loading min_spillage_hourly_historical_scenarios_nodata (not found)
[2023-09-25 19:24:50.048] [info] Loading min_spillage_hourly_historical_scenarios (not found)
[2023-09-25 19:24:50.049] [info] Loading min_spillage_hourly (not found)
[2023-09-25 19:24:50.049] [info] Loading hydro.min_spillage_unit_violation_cost (stages: 12 [1:12] [month] [1/2016], blocks: none, scenarios: 1, unit: k$/m3/s, agents: 2 [hydro])
[2023-09-25 19:24:50.049] [info] Loading min_spillage_violation_type (not found)
[2023-09-25 19:24:50.049] [info] Loading hydro.max_spillage_historical_scenarios_nodata (stages: 12 [1:12] [month] [1/2016], blocks: none, scenarios: 1, unit: , agents: 2 [hydro])
[2023-09-25 19:24:50.050] [info] Loading hydro.max_spillage_historical_scenarios (stages: 12 [1:12] [month] [1/2016], blocks: none, scenarios: 1, unit: m3/s, agents: 2 [hydro])
[2023-09-25 19:24:50.050] [info] Loading hydro.max_spillage (stages: 12 [1:12] [month] [1/2016], blocks: none, scenarios: 1, unit: m3/s, agents: 2 [hydro])
[2023-09-25 19:24:50.050] [info] Loading max_spillage_hourly_historical_scenarios_nodata (not found)
[2023-09-25 19:24:50.050] [info] Loading max_spillage_hourly_historical_scenarios (not found)
[2023-09-25 19:24:50.051] [info] Loading max_spillage_hourly (not found)
[2023-09-25 19:24:50.051] [info] Loading hydro.max_spillage_unit_violation_cost (stages: 12 [1:12] [month] [1/2016], blocks: none, scenarios: 1, unit: k$/m3/s, agents: 2 [hydro])
[2023-09-25 19:24:50.051] [info] Loading max_spillage_violation_type (not found)
[2023-09-25 19:24:50.052] [info] Loading min_bio_spillage_historical_scenarios_nodata (not found)
[2023-09-25 19:24:50.052] [info] Loading min_bio_spillage_historical_scenarios (not found)
[2023-09-25 19:24:50.052] [info] Loading min_bio_spillage (not found)
[2023-09-25 19:24:50.052] [info] Loading min_bio_spillage_hourly_historical_scenarios_nodata (not found)
[2023-09-25 19:24:50.053] [info] Loading min_bio_spillage_hourly_historical_scenarios (not found)
[2023-09-25 19:24:50.053] [info] Loading min_bio_spillage_hourly (not found)
[2023-09-25 19:24:50.053] [info] Loading min_bio_spillage_unit_violation_cost (not found)
[2023-09-25 19:24:50.054] [info] Loading min_bio_spillage_violation_type (not found)
[2023-09-25 19:24:50.054] [info] Loading target_storage_historical_scenarios_nodata (not found)
[2023-09-25 19:24:50.054] [info] Loading target_storage_historical_scenarios (not found)
[2023-09-25 19:24:50.055] [info] Loading target_storage (not found)
[2023-09-25 19:24:50.055] [info] Loading target_storage_hourly_historical_scenarios_nodata (not found)
[2023-09-25 19:24:50.055] [info] Loading target_storage_hourly_historical_scenarios (not found)
[2023-09-25 19:24:50.056] [info] Loading target_storage_hourly (not found)
[2023-09-25 19:24:50.056] [info] Loading min_turbining_unit_violation_cost (not found)
[2023-09-25 19:24:50.056] [info] Loading min_turbining_violation_type (not found)
[2023-09-25 19:24:50.056] [info] Loading hydro.max_turbining_historical_scenarios_nodata (stages: 12 [1:12] [month] [1/2016], blocks: none, scenarios: 1, unit: , agents: 2 [hydro])
[2023-09-25 19:24:50.057] [info] Loading hydro.max_turbining_historical_scenarios (stages: 12 [1:12] [month] [1/2016], blocks: none, scenarios: 1, unit: m3/s, agents: 2 [hydro])
[2023-09-25 19:24:50.057] [info] Loading hydro.max_turbining (stages: 12 [1:12] [month] [1/2016], blocks: none, scenarios: 1, unit: m3/s, agents: 2 [hydro])
[2023-09-25 19:24:50.057] [info] Loading max_turbining_hourly_historical_scenarios_nodata (not found)
[2023-09-25 19:24:50.057] [info] Loading max_turbining_hourly_historical_scenarios (not found)
[2023-09-25 19:24:50.058] [info] Loading max_turbining_hourly (not found)
[2023-09-25 19:24:50.058] [info] Loading hydro.max_turbining_unit_violation_cost (stages: 12 [1:12] [month] [1/2016], blocks: none, scenarios: 1, unit: k$/m3/s, agents: 2 [hydro])
[2023-09-25 19:24:50.058] [info] Loading max_turbining_violation_type (not found)
[2023-09-25 19:24:50.059] [info] Loading hydro.spinning_reserve (stages: 12 [1:12] [month] [1/2016], blocks: 24, scenarios: 1, unit: %, agents: 2 [hydro])
[2023-09-25 19:24:50.059] [info] Loading hydro.max_reserve (stages: 12 [1:12] [month] [1/2016], blocks: 24, scenarios: 1, unit: MW, agents: 2 [hydro])
[2023-09-25 19:24:50.059] [info] Loading hydro.storage_x_elevation__storage_1 (stages: 12 [1:12] [month] [1/2016], blocks: none, scenarios: 1, unit: hm3, agents: 2 [hydro])
[2023-09-25 19:24:50.060] [info] Loading hydro.storage_x_elevation__storage_2 (stages: 12 [1:12] [month] [1/2016], blocks: none, scenarios: 1, unit: hm3, agents: 2 [hydro])
[2023-09-25 19:24:50.060] [info] Loading hydro.storage_x_elevation__storage_3 (stages: 12 [1:12] [month] [1/2016], blocks: none, scenarios: 1, unit: hm3, agents: 2 [hydro])
[2023-09-25 19:24:50.061] [info] Loading hydro.storage_x_elevation__storage_4 (stages: 12 [1:12] [month] [1/2016], blocks: none, scenarios: 1, unit: hm3, agents: 2 [hydro])
[2023-09-25 19:24:50.061] [info] Loading hydro.storage_x_elevation__storage_5 (stages: 12 [1:12] [month] [1/2016], blocks: none, scenarios: 1, unit: hm3, agents: 2 [hydro])
[2023-09-25 19:24:50.061] [info] Loading hydro.storage_x_elevation__elevation_1 (stages: 12 [1:12] [month] [1/2016], blocks: none, scenarios: 1, unit: masl, agents: 2 [hydro])
[2023-09-25 19:24:50.062] [info] Loading hydro.storage_x_elevation__elevation_2 (stages: 12 [1:12] [month] [1/2016], blocks: none, scenarios: 1, unit: masl, agents: 2 [hydro])
[2023-09-25 19:24:50.062] [info] Loading hydro.storage_x_elevation__elevation_3 (stages: 12 [1:12] [month] [1/2016], blocks: none, scenarios: 1, unit: masl, agents: 2 [hydro])
[2023-09-25 19:24:50.063] [info] Loading hydro.storage_x_elevation__elevation_4 (stages: 12 [1:12] [month] [1/2016], blocks: none, scenarios: 1, unit: masl, agents: 2 [hydro])
[2023-09-25 19:24:50.063] [info] Loading hydro.storage_x_elevation__elevation_5 (stages: 12 [1:12] [month] [1/2016], blocks: none, scenarios: 1, unit: masl, agents: 2 [hydro])
[2023-09-25 19:24:50.064] [info] Adding layers in "Hydro capacity" chart (stages: 12 [1:12] [month] [1/2016], blocks: none, scenarios: 1, unit: MW, agents: 2 [hydro])
[2023-09-25 19:24:50.097] [info] Loading thermal.code (stages: 1 [1:1] [month] [1/2016], blocks: none, scenarios: 1, unit: , agents: 2 [thermal])
[2023-09-25 19:24:50.097] [info] Loading thermal.state (stages: 12 [1:12] [month] [1/2016], blocks: none, scenarios: 1, unit: , agents: 2 [thermal])
[2023-09-25 19:24:50.097] [info] Loading thermal.units (stages: 12 [1:12] [month] [1/2016], blocks: none, scenarios: 1, unit: , agents: 2 [thermal])
[2023-09-25 19:24:50.097] [info] Loading thermal.system (stages: 1 [1:1] [month] [1/2016], blocks: none, scenarios: 1, unit: , agents: 2 [thermal])
[2023-09-25 19:24:50.097] [info] Loading thermal.min_generation (stages: 12 [1:12] [month] [1/2016], blocks: none, scenarios: 1, unit: MW, agents: 2 [thermal])
[2023-09-25 19:24:50.097] [info] Loading thermal.min_generation_available (stages: 12 [1:12] [month] [1/2016], blocks: none, scenarios: 1, unit: MW, agents: 2 [thermal])
[2023-09-25 19:24:50.097] [info] Loading thermal.min_generation_constraint (stages: 12 [1:12] [month] [1/2016], blocks: 24, scenarios: 1, unit: MW, agents: 2 [thermal])
[2023-09-25 19:24:50.097] [info] Loading thermal.max_generation (stages: 12 [1:12] [month] [1/2016], blocks: none, scenarios: 1, unit: MW, agents: 2 [thermal])
[2023-09-25 19:24:50.098] [info] Loading thermal.max_generation_available (stages: 12 [1:12] [month] [1/2016], blocks: none, scenarios: 1, unit: MW, agents: 2 [thermal])
[2023-09-25 19:24:50.098] [info] Loading thermal.forced_outage_rate (stages: 12 [1:12] [month] [1/2016], blocks: none, scenarios: 1, unit: %, agents: 2 [thermal])
[2023-09-25 19:24:50.098] [info] Loading thermal.historical_outage_factor (stages: 12 [1:12] [month] [1/2016], blocks: none, scenarios: 1, unit: %, agents: 2 [thermal])
[2023-09-25 19:24:50.098] [info] Loading thermal.startup_cost (stages: 12 [1:12] [month] [1/2016], blocks: none, scenarios: 1, unit: k$, agents: 2 [thermal])
[2023-09-25 19:24:50.098] [info] Loading thermal.startup_cost_constraint (stages: 12 [1:12] [month] [1/2016], blocks: 24, scenarios: 1, unit: k$, agents: 2 [thermal])
[2023-09-25 19:24:50.098] [info] Loading thermal.om_cost (stages: 12 [1:12] [month] [1/2016], blocks: none, scenarios: 1, unit: $/MWh, agents: 2 [thermal])
[2023-09-25 19:24:50.098] [info] Loading thermal.specific_consumption_segment_1 (stages: 12 [1:12] [month] [1/2016], blocks: 24, scenarios: 1, unit: gal/MWh, agents: 2 [thermal])
[2023-09-25 19:24:50.098] [info] Loading thermal.specific_consumption_segment_2 (stages: 12 [1:12] [month] [1/2016], blocks: 24, scenarios: 1, unit: gal/MWh, agents: 2 [thermal])
[2023-09-25 19:24:50.099] [info] Loading thermal.specific_consumption_segment_3 (stages: 12 [1:12] [month] [1/2016], blocks: 24, scenarios: 1, unit: gal/MWh, agents: 2 [thermal])
[2023-09-25 19:24:50.099] [info] Loading thermal.curve_segment_1 (stages: 12 [1:12] [month] [1/2016], blocks: none, scenarios: 1, unit: %, agents: 2 [thermal])
[2023-09-25 19:24:50.099] [info] Loading thermal.curve_segment_2 (stages: 12 [1:12] [month] [1/2016], blocks: none, scenarios: 1, unit: %, agents: 2 [thermal])
[2023-09-25 19:24:50.099] [info] Loading thermal.curve_segment_3 (stages: 12 [1:12] [month] [1/2016], blocks: none, scenarios: 1, unit: %, agents: 2 [thermal])
[2023-09-25 19:24:50.099] [info] Loading thermal.fuel_transportation_cost (stages: 12 [1:12] [month] [1/2016], blocks: none, scenarios: 1, unit: $/gal, agents: 2 [thermal])
[2023-09-25 19:24:50.099] [info] Loading thermal.operation_mode (stages: 12 [1:12] [month] [1/2016], blocks: none, scenarios: 1, unit: , agents: 2 [thermal])
[2023-09-25 19:24:50.099] [info] Loading thermal.emission_coefficient (stages: 12 [1:12] [month] [1/2016], blocks: none, scenarios: 1, unit: pu, agents: 2 [thermal])
[2023-09-25 19:24:50.100] [info] Loading thermal.ramp_up (stages: 12 [1:12] [month] [1/2016], blocks: none, scenarios: 1, unit: MW/min, agents: 2 [thermal])
[2023-09-25 19:24:50.100] [info] Loading thermal.ramp_down (stages: 12 [1:12] [month] [1/2016], blocks: none, scenarios: 1, unit: MW/min, agents: 2 [thermal])
[2023-09-25 19:24:50.100] [info] Loading thermal.min_uptime (stages: 12 [1:12] [month] [1/2016], blocks: none, scenarios: 1, unit: hour, agents: 2 [thermal])
[2023-09-25 19:24:50.100] [info] Loading thermal.min_downtime (stages: 12 [1:12] [month] [1/2016], blocks: none, scenarios: 1, unit: hour, agents: 2 [thermal])
[2023-09-25 19:24:50.100] [info] Loading thermal.max_startups (stages: 12 [1:12] [month] [1/2016], blocks: none, scenarios: 1, unit: , agents: 2 [thermal])
[2023-09-25 19:24:50.100] [info] Loading thermal.max_shutdowns (stages: 12 [1:12] [month] [1/2016], blocks: none, scenarios: 1, unit: , agents: 2 [thermal])
[2023-09-25 19:24:50.101] [info] Loading thermal.shutdown_cost (stages: 12 [1:12] [month] [1/2016], blocks: none, scenarios: 1, unit: k$, agents: 2 [thermal])
[2023-09-25 19:24:50.101] [info] Loading thermal.alternative_fuel (stages: 12 [1:12] [month] [1/2016], blocks: none, scenarios: 1, unit: , agents: 2 [thermal])
[2023-09-25 19:24:50.101] [info] Loading thermal.spinning_reserve (stages: 12 [1:12] [month] [1/2016], blocks: 24, scenarios: 1, unit: %, agents: 2 [thermal])
[2023-09-25 19:24:50.101] [info] Loading thermal.max_reserve (stages: 12 [1:12] [month] [1/2016], blocks: 24, scenarios: 1, unit: MW, agents: 2 [thermal])
[2023-09-25 19:24:50.101] [info] Loading thermal.bid_price (stages: 12 [1:12] [month] [1/2016], blocks: 24, scenarios: 1, unit: $/MWh, agents: 2 [thermal])
[2023-09-25 19:24:50.102] [info] Adding layers in "Thermal capacity" chart (stages: 12 [1:12] [month] [1/2016], blocks: none, scenarios: 1, unit: MW, agents: 2 [thermal])
[2023-09-25 19:24:50.133] [info] Loading bus.code (stages: 1 [1:1] [month] [1/2016], blocks: none, scenarios: 1, unit: , agents: 3 [bus])
[2023-09-25 19:24:50.133] [info] Loading bus.voltage_level (stages: 12 [1:12] [month] [1/2016], blocks: none, scenarios: 1, unit: kV, agents: 3 [bus])
[2023-09-25 19:24:50.134] [info] Converting gerhid to binary
[2023-09-25 19:24:50.137] [info] Loading gerhid (stages: 12 [1:12] [month] [1/2016], blocks: 24, scenarios: 1, unit: GWh, agents: 2 [hydro])
[2023-09-25 19:24:50.137] [info] AGGREGATE_BLOCKS: (stages: 12 [1:12] [month] [1/2016], blocks: 24, scenarios: 1, unit: GWh, agents: 2 [hydro])
[2023-09-25 19:24:50.138] [info] AGGREGATE_BLOCKS= (stages: 12 [1:12] [month] [1/2016], blocks: none, scenarios: 1, unit: GWh, agents: 2 [hydro])
[2023-09-25 19:24:50.138] [info] CONVERT: (stages: 12 [1:12] [month] [1/2016], blocks: none, scenarios: 1, unit: GWh, agents: 2 [hydro])
[2023-09-25 19:24:50.138] [info] Unit converted from [GWh] to [MW] with factor 1000.000000 / hour
[2023-09-25 19:24:50.138] [info] CONVERT= (stages: 12 [1:12] [month] [1/2016], blocks: none, scenarios: 1, unit: MW, agents: 2 [hydro])
[2023-09-25 19:24:50.140] [info] Converting gerter to binary
[2023-09-25 19:24:50.142] [info] Loading gerter (stages: 12 [1:12] [month] [1/2016], blocks: 24, scenarios: 1, unit: GWh, agents: 2 [thermal])
[2023-09-25 19:24:50.143] [info] AGGREGATE_BLOCKS: (stages: 12 [1:12] [month] [1/2016], blocks: 24, scenarios: 1, unit: GWh, agents: 2 [thermal])
[2023-09-25 19:24:50.143] [info] AGGREGATE_BLOCKS= (stages: 12 [1:12] [month] [1/2016], blocks: none, scenarios: 1, unit: GWh, agents: 2 [thermal])
[2023-09-25 19:24:50.144] [info] CONVERT: (stages: 12 [1:12] [month] [1/2016], blocks: none, scenarios: 1, unit: GWh, agents: 2 [thermal])
[2023-09-25 19:24:50.144] [info] Unit converted from [GWh] to [MW] with factor 1000.000000 / hour
[2023-09-25 19:24:50.144] [info] CONVERT= (stages: 12 [1:12] [month] [1/2016], blocks: none, scenarios: 1, unit: MW, agents: 2 [thermal])
[2023-09-25 19:24:50.145] [info] Converting cmgbus to binary
[2023-09-25 19:24:50.147] [info] Loading cmgbus (stages: 12 [1:12] [month] [1/2016], blocks: 24, scenarios: 1, unit: $/MWh, agents: 3 [bus])
[2023-09-25 19:24:50.147] [info] AGGREGATE_BLOCKS: (stages: 12 [1:12] [month] [1/2016], blocks: 24, scenarios: 1, unit: $/MWh, agents: 3 [bus])
[2023-09-25 19:24:50.148] [info] AGGREGATE_BLOCKS= (stages: 12 [1:12] [month] [1/2016], blocks: none, scenarios: 1, unit: $/MWh, agents: 3 [bus])
[2023-09-25 19:24:50.150] [info] Converting volfin to binary
[2023-09-25 19:24:50.151] [info] Loading volfin (stages: 12 [1:12] [month] [1/2016], blocks: none, scenarios: 1, unit: hm3, agents: 2 [hydro])
[2023-09-25 19:24:50.152] [info] AGGREGATE_BLOCKS: (stages: 12 [1:12] [month] [1/2016], blocks: none, scenarios: 1, unit: hm3, agents: 2 [hydro])
[2023-09-25 19:24:50.152] [info] AGGREGATE_BLOCKS= (stages: 12 [1:12] [month] [1/2016], blocks: none, scenarios: 1, unit: hm3, agents: 2 [hydro])
[2023-09-25 19:24:50.154] [info] Converting volini to binary
[2023-09-25 19:24:50.156] [info] Loading volini (stages: 13 [1:13] [month] [1/2016], blocks: none, scenarios: 1, unit: hm3, agents: 2 [hydro])
[2023-09-25 19:24:50.156] [info] AGGREGATE_BLOCKS: (stages: 13 [1:13] [month] [1/2016], blocks: none, scenarios: 1, unit: hm3, agents: 2 [hydro])
[2023-09-25 19:24:50.156] [info] AGGREGATE_BLOCKS= (stages: 13 [1:13] [month] [1/2016], blocks: none, scenarios: 1, unit: hm3, agents: 2 [hydro])
[2023-09-25 19:24:50.158] [info] Converting qturbi to binary
[2023-09-25 19:24:50.161] [info] Loading qturbi (stages: 12 [1:12] [month] [1/2016], blocks: 24, scenarios: 1, unit: m3/s, agents: 2 [hydro])
[2023-09-25 19:24:50.161] [info] CONVERT: (stages: 12 [1:12] [month] [1/2016], blocks: 24, scenarios: 1, unit: m3/s, agents: 2 [hydro])
[2023-09-25 19:24:50.162] [info] Unit converted from [m3/s] to [hm3] with factor 0.003600 * hour
[2023-09-25 19:24:50.162] [info] CONVERT= (stages: 12 [1:12] [month] [1/2016], blocks: 24, scenarios: 1, unit: hm3, agents: 2 [hydro])
[2023-09-25 19:24:50.162] [info] AGGREGATE_BLOCKS: (stages: 12 [1:12] [month] [1/2016], blocks: 24, scenarios: 1, unit: hm3, agents: 2 [hydro])
[2023-09-25 19:24:50.169] [info] AGGREGATE_BLOCKS= (stages: 12 [1:12] [month] [1/2016], blocks: none, scenarios: 1, unit: hm3, agents: 2 [hydro])
[2023-09-25 19:24:50.170] [info] Adding layers in "Hydro generation of case without constraints" chart (stages: 12 [1:12] [month] [1/2016], blocks: none, scenarios: 1, unit: MW, agents: 2 [hydro])
[2023-09-25 19:24:50.204] [info] Adding layers in "Thermal generation of case without constraints" chart (stages: 12 [1:12] [month] [1/2016], blocks: none, scenarios: 1, unit: MW, agents: 2 [thermal])
[2023-09-25 19:24:50.239] [info] Adding layers in "Local marginal prince of case without constraints" chart (stages: 12 [1:12] [month] [1/2016], blocks: none, scenarios: 1, unit: $/MWh, agents: 3 [bus])
[2023-09-25 19:24:50.274] [info] SELECT_AGENTS: (stages: 12 [1:12] [month] [1/2016], blocks: none, scenarios: 1, unit: hm3, agents: 2 [hydro])
[2023-09-25 19:24:50.274] [info] SELECT_AGENTS= (stages: 12 [1:12] [month] [1/2016], blocks: none, scenarios: 1, unit: hm3, agents: 1 [generic])
[2023-09-25 19:24:50.274] [info] RENAME_AGENTS: (stages: 12 [1:12] [month] [1/2016], blocks: none, scenarios: 1, unit: hm3, agents: 1 [generic])
[2023-09-25 19:24:50.275] [info] RENAME_AGENTS= (stages: 12 [1:12] [month] [1/2016], blocks: none, scenarios: 1, unit: hm3, agents: 1 [generic])
[2023-09-25 19:24:50.276] [info] Adding layers in "Turbinig x delta volume without constraints - H1" chart (stages: 12 [1:12] [month] [1/2016], blocks: none, scenarios: 1, unit: hm3, agents: 1 [generic])
[2023-09-25 19:24:50.312] [info] SUBTRACTION: (stages: 12 [1:12] [month] [1/2016], blocks: none, scenarios: 1, unit: hm3, agents: 2 [hydro])
[2023-09-25 19:24:50.312] [info] SUBTRACTION: (stages: 13 [1:13] [month] [1/2016], blocks: none, scenarios: 1, unit: hm3, agents: 2 [hydro])
[2023-09-25 19:24:50.313] [info] SUBTRACTION= (stages: 12 [1:12] [month] [1/2016], blocks: none, scenarios: 1, unit: hm3, agents: 2 [hydro])
[2023-09-25 19:24:50.313] [info] SELECT_AGENTS: (stages: 12 [1:12] [month] [1/2016], blocks: none, scenarios: 1, unit: hm3, agents: 2 [hydro])
[2023-09-25 19:24:50.314] [info] SELECT_AGENTS= (stages: 12 [1:12] [month] [1/2016], blocks: none, scenarios: 1, unit: hm3, agents: 1 [generic])
[2023-09-25 19:24:50.314] [info] RENAME_AGENTS: (stages: 12 [1:12] [month] [1/2016], blocks: none, scenarios: 1, unit: hm3, agents: 1 [generic])
[2023-09-25 19:24:50.314] [info] RENAME_AGENTS= (stages: 12 [1:12] [month] [1/2016], blocks: none, scenarios: 1, unit: hm3, agents: 1 [generic])
[2023-09-25 19:24:50.316] [info] Adding layers in "Turbinig x delta volume without constraints - H1" chart (stages: 12 [1:12] [month] [1/2016], blocks: none, scenarios: 1, unit: hm3, agents: 1 [generic])
[2023-09-25 19:24:50.351] [info] SELECT_AGENTS: (stages: 12 [1:12] [month] [1/2016], blocks: none, scenarios: 1, unit: MW, agents: 2 [hydro])
[2023-09-25 19:24:50.351] [info] SELECT_AGENTS= (stages: 12 [1:12] [month] [1/2016], blocks: none, scenarios: 1, unit: MW, agents: 1 [generic])
[2023-09-25 19:24:50.351] [info] RENAME_AGENTS: (stages: 12 [1:12] [month] [1/2016], blocks: none, scenarios: 1, unit: MW, agents: 1 [generic])
[2023-09-25 19:24:50.352] [info] RENAME_AGENTS= (stages: 12 [1:12] [month] [1/2016], blocks: none, scenarios: 1, unit: MW, agents: 1 [generic])
[2023-09-25 19:24:50.353] [info] Adding layers in "H1" chart (stages: 12 [1:12] [month] [1/2016], blocks: none, scenarios: 1, unit: MW, agents: 1 [generic])
[2023-09-25 19:24:50.389] [info] SELECT_AGENTS: (stages: 12 [1:12] [month] [1/2016], blocks: none, scenarios: 1, unit: hm3, agents: 2 [hydro])
[2023-09-25 19:24:50.389] [info] SELECT_AGENTS= (stages: 12 [1:12] [month] [1/2016], blocks: none, scenarios: 1, unit: hm3, agents: 1 [generic])
[2023-09-25 19:24:50.390] [info] RENAME_AGENTS: (stages: 12 [1:12] [month] [1/2016], blocks: none, scenarios: 1, unit: hm3, agents: 1 [generic])
[2023-09-25 19:24:50.391] [info] RENAME_AGENTS= (stages: 12 [1:12] [month] [1/2016], blocks: none, scenarios: 1, unit: hm3, agents: 1 [generic])
[2023-09-25 19:24:50.393] [info] Adding layers in "Turbinig x delta volume without constraints - H2" chart (stages: 12 [1:12] [month] [1/2016], blocks: none, scenarios: 1, unit: hm3, agents: 1 [generic])
[2023-09-25 19:24:50.427] [info] SUBTRACTION: (stages: 12 [1:12] [month] [1/2016], blocks: none, scenarios: 1, unit: hm3, agents: 2 [hydro])
[2023-09-25 19:24:50.427] [info] SUBTRACTION: (stages: 13 [1:13] [month] [1/2016], blocks: none, scenarios: 1, unit: hm3, agents: 2 [hydro])
[2023-09-25 19:24:50.428] [info] SUBTRACTION= (stages: 12 [1:12] [month] [1/2016], blocks: none, scenarios: 1, unit: hm3, agents: 2 [hydro])
[2023-09-25 19:24:50.428] [info] SELECT_AGENTS: (stages: 12 [1:12] [month] [1/2016], blocks: none, scenarios: 1, unit: hm3, agents: 2 [hydro])
[2023-09-25 19:24:50.428] [info] SELECT_AGENTS= (stages: 12 [1:12] [month] [1/2016], blocks: none, scenarios: 1, unit: hm3, agents: 1 [generic])
[2023-09-25 19:24:50.429] [info] RENAME_AGENTS: (stages: 12 [1:12] [month] [1/2016], blocks: none, scenarios: 1, unit: hm3, agents: 1 [generic])
[2023-09-25 19:24:50.429] [info] RENAME_AGENTS= (stages: 12 [1:12] [month] [1/2016], blocks: none, scenarios: 1, unit: hm3, agents: 1 [generic])
[2023-09-25 19:24:50.431] [info] Adding layers in "Turbinig x delta volume without constraints - H2" chart (stages: 12 [1:12] [month] [1/2016], blocks: none, scenarios: 1, unit: hm3, agents: 1 [generic])
[2023-09-25 19:24:50.467] [info] SELECT_AGENTS: (stages: 12 [1:12] [month] [1/2016], blocks: none, scenarios: 1, unit: MW, agents: 2 [hydro])
[2023-09-25 19:24:50.467] [info] SELECT_AGENTS= (stages: 12 [1:12] [month] [1/2016], blocks: none, scenarios: 1, unit: MW, agents: 1 [generic])
[2023-09-25 19:24:50.468] [info] RENAME_AGENTS: (stages: 12 [1:12] [month] [1/2016], blocks: none, scenarios: 1, unit: MW, agents: 1 [generic])
[2023-09-25 19:24:50.468] [info] RENAME_AGENTS= (stages: 12 [1:12] [month] [1/2016], blocks: none, scenarios: 1, unit: MW, agents: 1 [generic])
[2023-09-25 19:24:50.470] [info] Adding layers in "H2" chart (stages: 12 [1:12] [month] [1/2016], blocks: none, scenarios: 1, unit: MW, agents: 1 [generic])
[2023-09-25 19:24:50.504] [info] SELECT_AGENTS: (stages: 12 [1:12] [month] [1/2016], blocks: none, scenarios: 1, unit: MW, agents: 2 [thermal])
[2023-09-25 19:24:50.505] [info] SELECT_AGENTS= (stages: 12 [1:12] [month] [1/2016], blocks: none, scenarios: 1, unit: MW, agents: 1 [generic])
[2023-09-25 19:24:50.505] [info] RENAME_AGENTS: (stages: 12 [1:12] [month] [1/2016], blocks: none, scenarios: 1, unit: MW, agents: 1 [generic])
[2023-09-25 19:24:50.505] [info] RENAME_AGENTS= (stages: 12 [1:12] [month] [1/2016], blocks: none, scenarios: 1, unit: MW, agents: 1 [generic])
[2023-09-25 19:24:50.507] [info] Adding layers in "T1" chart (stages: 12 [1:12] [month] [1/2016], blocks: none, scenarios: 1, unit: MW, agents: 1 [generic])
[2023-09-25 19:24:50.548] [info] SELECT_AGENTS: (stages: 12 [1:12] [month] [1/2016], blocks: none, scenarios: 1, unit: MW, agents: 2 [thermal])
[2023-09-25 19:24:50.549] [info] SELECT_AGENTS= (stages: 12 [1:12] [month] [1/2016], blocks: none, scenarios: 1, unit: MW, agents: 1 [generic])
[2023-09-25 19:24:50.549] [info] RENAME_AGENTS: (stages: 12 [1:12] [month] [1/2016], blocks: none, scenarios: 1, unit: MW, agents: 1 [generic])
[2023-09-25 19:24:50.549] [info] RENAME_AGENTS= (stages: 12 [1:12] [month] [1/2016], blocks: none, scenarios: 1, unit: MW, agents: 1 [generic])
[2023-09-25 19:24:50.551] [info] Adding layers in "T2" chart (stages: 12 [1:12] [month] [1/2016], blocks: none, scenarios: 1, unit: MW, agents: 1 [generic])
[2023-09-25 19:24:50.585] [info] SELECT_AGENTS: (stages: 12 [1:12] [month] [1/2016], blocks: none, scenarios: 1, unit: $/MWh, agents: 3 [bus])
[2023-09-25 19:24:50.586] [info] SELECT_AGENTS= (stages: 12 [1:12] [month] [1/2016], blocks: none, scenarios: 1, unit: $/MWh, agents: 1 [generic])
[2023-09-25 19:24:50.586] [info] RENAME_AGENTS: (stages: 12 [1:12] [month] [1/2016], blocks: none, scenarios: 1, unit: $/MWh, agents: 1 [generic])
[2023-09-25 19:24:50.586] [info] RENAME_AGENTS= (stages: 12 [1:12] [month] [1/2016], blocks: none, scenarios: 1, unit: $/MWh, agents: 1 [generic])
[2023-09-25 19:24:50.588] [info] Adding layers in "B1" chart (stages: 12 [1:12] [month] [1/2016], blocks: none, scenarios: 1, unit: $/MWh, agents: 1 [generic])
[2023-09-25 19:24:50.624] [info] SELECT_AGENTS: (stages: 12 [1:12] [month] [1/2016], blocks: none, scenarios: 1, unit: $/MWh, agents: 3 [bus])
[2023-09-25 19:24:50.625] [info] SELECT_AGENTS= (stages: 12 [1:12] [month] [1/2016], blocks: none, scenarios: 1, unit: $/MWh, agents: 1 [generic])
[2023-09-25 19:24:50.625] [info] RENAME_AGENTS: (stages: 12 [1:12] [month] [1/2016], blocks: none, scenarios: 1, unit: $/MWh, agents: 1 [generic])
[2023-09-25 19:24:50.625] [info] RENAME_AGENTS= (stages: 12 [1:12] [month] [1/2016], blocks: none, scenarios: 1, unit: $/MWh, agents: 1 [generic])
[2023-09-25 19:24:50.627] [info] Adding layers in "B2" chart (stages: 12 [1:12] [month] [1/2016], blocks: none, scenarios: 1, unit: $/MWh, agents: 1 [generic])
[2023-09-25 19:24:50.659] [info] SELECT_AGENTS: (stages: 12 [1:12] [month] [1/2016], blocks: none, scenarios: 1, unit: $/MWh, agents: 3 [bus])
[2023-09-25 19:24:50.660] [info] SELECT_AGENTS= (stages: 12 [1:12] [month] [1/2016], blocks: none, scenarios: 1, unit: $/MWh, agents: 1 [generic])
[2023-09-25 19:24:50.660] [info] RENAME_AGENTS: (stages: 12 [1:12] [month] [1/2016], blocks: none, scenarios: 1, unit: $/MWh, agents: 1 [generic])
[2023-09-25 19:24:50.660] [info] RENAME_AGENTS= (stages: 12 [1:12] [month] [1/2016], blocks: none, scenarios: 1, unit: $/MWh, agents: 1 [generic])
[2023-09-25 19:24:50.662] [info] Adding layers in "B3" chart (stages: 12 [1:12] [month] [1/2016], blocks: none, scenarios: 1, unit: $/MWh, agents: 1 [generic])
[2023-09-25 19:24:50.695] [info] Loading hydro.code (stages: 1 [1:1] [month] [1/2016], blocks: none, scenarios: 1, unit: , agents: 2 [hydro])
[2023-09-25 19:24:50.696] [info] Loading hydro.state (stages: 12 [1:12] [month] [1/2016], blocks: none, scenarios: 1, unit: , agents: 2 [hydro])
[2023-09-25 19:24:50.696] [info] Loading hydro.units (stages: 12 [1:12] [month] [1/2016], blocks: none, scenarios: 1, unit: , agents: 2 [hydro])
[2023-09-25 19:24:50.696] [info] Loading hydro.system (stages: 1 [1:1] [month] [1/2016], blocks: none, scenarios: 1, unit: , agents: 2 [hydro])
[2023-09-25 19:24:50.696] [info] Loading hydro.max_generation (stages: 12 [1:12] [month] [1/2016], blocks: none, scenarios: 1, unit: MW, agents: 2 [hydro])
[2023-09-25 19:24:50.697] [info] Loading hydro.max_generation_available (stages: 12 [1:12] [month] [1/2016], blocks: none, scenarios: 1, unit: MW, agents: 2 [hydro])
[2023-09-25 19:24:50.697] [info] Loading hydro.forced_outage_rate (stages: 12 [1:12] [month] [1/2016], blocks: none, scenarios: 1, unit: %, agents: 2 [hydro])
[2023-09-25 19:24:50.697] [info] Loading hydro.historical_outage_factor (stages: 12 [1:12] [month] [1/2016], blocks: none, scenarios: 1, unit: %, agents: 2 [hydro])
[2023-09-25 19:24:50.698] [info] Loading hydro.min_storage (stages: 12 [1:12] [month] [1/2016], blocks: none, scenarios: 1, unit: hm3, agents: 2 [hydro])
[2023-09-25 19:24:50.698] [info] Loading hydro.max_storage (stages: 12 [1:12] [month] [1/2016], blocks: none, scenarios: 1, unit: hm3, agents: 2 [hydro])
[2023-09-25 19:24:50.698] [info] Loading hydro.min_turbining_outflow (stages: 12 [1:12] [month] [1/2016], blocks: none, scenarios: 1, unit: m3/s, agents: 2 [hydro])
[2023-09-25 19:24:50.698] [info] Loading hydro.max_turbining_outflow (stages: 12 [1:12] [month] [1/2016], blocks: none, scenarios: 1, unit: m3/s, agents: 2 [hydro])
[2023-09-25 19:24:50.699] [info] Loading hydro.om_cost (stages: 12 [1:12] [month] [1/2016], blocks: none, scenarios: 1, unit: $/MWh, agents: 2 [hydro])
[2023-09-25 19:24:50.699] [info] Loading hydro.irrigation (stages: 12 [1:12] [month] [1/2016], blocks: none, scenarios: 1, unit: m3/s, agents: 2 [hydro])
[2023-09-25 19:24:50.699] [info] Loading hydro.min_total_outflow_modification (stages: 12 [1:12] [month] [1/2016], blocks: none, scenarios: 1, unit: m3/s, agents: 2 [hydro])
[2023-09-25 19:24:50.700] [info] Loading target_storage_tolerance (not found)
[2023-09-25 19:24:50.700] [info] Loading hydro.disconsider_in_stored_and_inflow_energy (stages: 12 [1:12] [month] [1/2016], blocks: none, scenarios: 1, unit: , agents: 2 [hydro])
[2023-09-25 19:24:50.700] [info] Loading hydro.mean_production_coefficient (stages: 12 [1:12] [month] [1/2016], blocks: none, scenarios: 1, unit: MW/(m3/s), agents: 2 [hydro])
[2023-09-25 19:24:50.701] [info] Loading hydro.loss_factor (stages: 12 [1:12] [month] [1/2016], blocks: none, scenarios: 1, unit: pu, agents: 2 [hydro])
[2023-09-25 19:24:50.701] [info] Loading hydro.min_total_outflow_historical_scenarios_nodata (stages: 12 [1:12] [month] [1/2016], blocks: none, scenarios: 1, unit: , agents: 2 [hydro])
[2023-09-25 19:24:50.701] [info] Loading hydro.min_total_outflow_historical_scenarios (stages: 12 [1:12] [month] [1/2016], blocks: none, scenarios: 1, unit: m3/s, agents: 2 [hydro])
[2023-09-25 19:24:50.702] [info] Loading hydro.min_total_outflow (stages: 12 [1:12] [month] [1/2016], blocks: none, scenarios: 1, unit: m3/s, agents: 2 [hydro])
[2023-09-25 19:24:50.702] [info] Loading min_total_outflow_hourly_historical_scenarios_nodata (not found)
[2023-09-25 19:24:50.702] [info] Loading min_total_outflow_hourly_historical_scenarios (not found)
[2023-09-25 19:24:50.703] [info] Loading min_total_outflow_hourly (not found)
[2023-09-25 19:24:50.703] [info] Loading hydro.min_total_outflow_unit_violation_cost (stages: 12 [1:12] [month] [1/2016], blocks: none, scenarios: 1, unit: k$/m3/s, agents: 2 [hydro])
[2023-09-25 19:24:50.703] [info] Loading min_total_outflow_violation_type (not found)
[2023-09-25 19:24:50.703] [info] Loading hydro.max_total_outflow_historical_scenarios_nodata (stages: 12 [1:12] [month] [1/2016], blocks: none, scenarios: 1, unit: , agents: 2 [hydro])
[2023-09-25 19:24:50.704] [info] Loading hydro.max_total_outflow_historical_scenarios (stages: 12 [1:12] [month] [1/2016], blocks: none, scenarios: 1, unit: m3/s, agents: 2 [hydro])
[2023-09-25 19:24:50.704] [info] Loading hydro.max_total_outflow (stages: 12 [1:12] [month] [1/2016], blocks: none, scenarios: 1, unit: m3/s, agents: 2 [hydro])
[2023-09-25 19:24:50.704] [info] Loading max_total_outflow_hourly_historical_scenarios_nodata (not found)
[2023-09-25 19:24:50.705] [info] Loading max_total_outflow_hourly_historical_scenarios (not found)
[2023-09-25 19:24:50.705] [info] Loading max_total_outflow_hourly (not found)
[2023-09-25 19:24:50.705] [info] Loading hydro.max_total_outflow_unit_violation_cost (stages: 12 [1:12] [month] [1/2016], blocks: none, scenarios: 1, unit: k$/m3/s, agents: 2 [hydro])
[2023-09-25 19:24:50.706] [info] Loading max_total_outflow_violation_type (not found)
[2023-09-25 19:24:50.706] [info] Loading hydro.min_operative_storage_historical_scenarios_nodata (stages: 12 [1:12] [month] [1/2016], blocks: none, scenarios: 1, unit: , agents: 2 [hydro])
[2023-09-25 19:24:50.706] [info] Loading hydro.min_operative_storage_historical_scenarios (stages: 12 [1:12] [month] [1/2016], blocks: none, scenarios: 1, unit: hm3, agents: 2 [hydro])
[2023-09-25 19:24:50.706] [info] Loading hydro.min_operative_storage (stages: 12 [1:12] [month] [1/2016], blocks: none, scenarios: 1, unit: hm3, agents: 2 [hydro])
[2023-09-25 19:24:50.707] [info] Loading min_operative_storage_hourly_historical_scenarios_nodata (not found)
[2023-09-25 19:24:50.707] [info] Loading min_operative_storage_hourly_historical_scenarios (not found)
[2023-09-25 19:24:50.707] [info] Loading min_operative_storage_hourly (not found)
[2023-09-25 19:24:50.708] [info] Loading hydro.min_operative_storage_unit_violation_cost (stages: 12 [1:12] [month] [1/2016], blocks: none, scenarios: 1, unit: k$/hm3, agents: 2 [hydro])
[2023-09-25 19:24:50.708] [info] Loading min_operative_storage_violation_type (not found)
[2023-09-25 19:24:50.708] [info] Loading hydro.max_operative_storage_historical_scenarios_nodata (stages: 12 [1:12] [month] [1/2016], blocks: none, scenarios: 1, unit: , agents: 2 [hydro])
[2023-09-25 19:24:50.708] [info] Loading hydro.max_operative_storage_historical_scenarios (stages: 12 [1:12] [month] [1/2016], blocks: none, scenarios: 1, unit: hm3, agents: 2 [hydro])
[2023-09-25 19:24:50.709] [info] Loading hydro.max_operative_storage (stages: 12 [1:12] [month] [1/2016], blocks: none, scenarios: 1, unit: hm3, agents: 2 [hydro])
[2023-09-25 19:24:50.709] [info] Loading max_operative_storage_hourly_historical_scenarios_nodata (not found)
[2023-09-25 19:24:50.709] [info] Loading max_operative_storage_hourly_historical_scenarios (not found)
[2023-09-25 19:24:50.710] [info] Loading max_operative_storage_hourly (not found)
[2023-09-25 19:24:50.710] [info] Loading hydro.max_operative_storage_unit_violation_cost (stages: 12 [1:12] [month] [1/2016], blocks: none, scenarios: 1, unit: k$/hm3, agents: 2 [hydro])
[2023-09-25 19:24:50.710] [info] Loading max_operative_storage_violation_type (not found)
[2023-09-25 19:24:50.710] [info] Loading hydro.flood_control_historical_scenarios_nodata (stages: 12 [1:12] [month] [1/2016], blocks: none, scenarios: 1, unit: , agents: 2 [hydro])
[2023-09-25 19:24:50.711] [info] Loading hydro.flood_control_historical_scenarios (stages: 12 [1:12] [month] [1/2016], blocks: none, scenarios: 1, unit: hm3, agents: 2 [hydro])
[2023-09-25 19:24:50.711] [info] Loading hydro.flood_control (stages: 12 [1:12] [month] [1/2016], blocks: none, scenarios: 1, unit: hm3, agents: 2 [hydro])
[2023-09-25 19:24:50.711] [info] Loading flood_control_hourly_historical_scenarios_nodata (not found)
[2023-09-25 19:24:50.712] [info] Loading flood_control_hourly_historical_scenarios (not found)
[2023-09-25 19:24:50.712] [info] Loading flood_control_hourly (not found)
[2023-09-25 19:24:50.712] [info] Loading hydro.alert_storage_historical_scenarios_nodata (stages: 12 [1:12] [month] [1/2016], blocks: none, scenarios: 1, unit: , agents: 2 [hydro])
[2023-09-25 19:24:50.712] [info] Loading hydro.alert_storage_historical_scenarios (stages: 12 [1:12] [month] [1/2016], blocks: none, scenarios: 1, unit: hm3, agents: 2 [hydro])
[2023-09-25 19:24:50.713] [info] Loading hydro.alert_storage (stages: 12 [1:12] [month] [1/2016], blocks: none, scenarios: 1, unit: hm3, agents: 2 [hydro])
[2023-09-25 19:24:50.713] [info] Loading alert_storage_hourly_historical_scenarios_nodata (not found)
[2023-09-25 19:24:50.713] [info] Loading alert_storage_hourly_historical_scenarios (not found)
[2023-09-25 19:24:50.714] [info] Loading alert_storage_hourly (not found)
[2023-09-25 19:24:50.714] [info] Loading hydro.alert_storage_unit_violation_cost (stages: 12 [1:12] [month] [1/2016], blocks: none, scenarios: 1, unit: k$/hm3, agents: 2 [hydro])
[2023-09-25 19:24:50.714] [info] Loading alert_storage_violation_type (not found)
[2023-09-25 19:24:50.714] [info] Loading hydro.min_spillage_historical_scenarios_nodata (stages: 12 [1:12] [month] [1/2016], blocks: none, scenarios: 1, unit: , agents: 2 [hydro])
[2023-09-25 19:24:50.715] [info] Loading hydro.min_spillage_historical_scenarios (stages: 12 [1:12] [month] [1/2016], blocks: none, scenarios: 1, unit: m3/s, agents: 2 [hydro])
[2023-09-25 19:24:50.715] [info] Loading hydro.min_spillage (stages: 12 [1:12] [month] [1/2016], blocks: none, scenarios: 1, unit: m3/s, agents: 2 [hydro])
[2023-09-25 19:24:50.715] [info] Loading min_spillage_hourly_historical_scenarios_nodata (not found)
[2023-09-25 19:24:50.716] [info] Loading min_spillage_hourly_historical_scenarios (not found)
[2023-09-25 19:24:50.716] [info] Loading min_spillage_hourly (not found)
[2023-09-25 19:24:50.716] [info] Loading hydro.min_spillage_unit_violation_cost (stages: 12 [1:12] [month] [1/2016], blocks: none, scenarios: 1, unit: k$/m3/s, agents: 2 [hydro])
[2023-09-25 19:24:50.717] [info] Loading min_spillage_violation_type (not found)
[2023-09-25 19:24:50.717] [info] Loading hydro.max_spillage_historical_scenarios_nodata (stages: 12 [1:12] [month] [1/2016], blocks: none, scenarios: 1, unit: , agents: 2 [hydro])
[2023-09-25 19:24:50.717] [info] Loading hydro.max_spillage_historical_scenarios (stages: 12 [1:12] [month] [1/2016], blocks: none, scenarios: 1, unit: m3/s, agents: 2 [hydro])
[2023-09-25 19:24:50.717] [info] Loading hydro.max_spillage (stages: 12 [1:12] [month] [1/2016], blocks: none, scenarios: 1, unit: m3/s, agents: 2 [hydro])
[2023-09-25 19:24:50.718] [info] Loading max_spillage_hourly_historical_scenarios_nodata (not found)
[2023-09-25 19:24:50.718] [info] Loading max_spillage_hourly_historical_scenarios (not found)
[2023-09-25 19:24:50.718] [info] Loading max_spillage_hourly (not found)
[2023-09-25 19:24:50.719] [info] Loading hydro.max_spillage_unit_violation_cost (stages: 12 [1:12] [month] [1/2016], blocks: none, scenarios: 1, unit: k$/m3/s, agents: 2 [hydro])
[2023-09-25 19:24:50.719] [info] Loading max_spillage_violation_type (not found)
[2023-09-25 19:24:50.719] [info] Loading min_bio_spillage_historical_scenarios_nodata (not found)
[2023-09-25 19:24:50.720] [info] Loading min_bio_spillage_historical_scenarios (not found)
[2023-09-25 19:24:50.720] [info] Loading min_bio_spillage (not found)
[2023-09-25 19:24:50.720] [info] Loading min_bio_spillage_hourly_historical_scenarios_nodata (not found)
[2023-09-25 19:24:50.721] [info] Loading min_bio_spillage_hourly_historical_scenarios (not found)
[2023-09-25 19:24:50.721] [info] Loading min_bio_spillage_hourly (not found)
[2023-09-25 19:24:50.721] [info] Loading min_bio_spillage_unit_violation_cost (not found)
[2023-09-25 19:24:50.722] [info] Loading min_bio_spillage_violation_type (not found)
[2023-09-25 19:24:50.722] [info] Loading target_storage_historical_scenarios_nodata (not found)
[2023-09-25 19:24:50.722] [info] Loading target_storage_historical_scenarios (not found)
[2023-09-25 19:24:50.723] [info] Loading target_storage (not found)
[2023-09-25 19:24:50.723] [info] Loading target_storage_hourly_historical_scenarios_nodata (not found)
[2023-09-25 19:24:50.723] [info] Loading target_storage_hourly_historical_scenarios (not found)
[2023-09-25 19:24:50.724] [info] Loading target_storage_hourly (not found)
[2023-09-25 19:24:50.724] [info] Loading min_turbining_unit_violation_cost (not found)
[2023-09-25 19:24:50.724] [info] Loading min_turbining_violation_type (not found)
[2023-09-25 19:24:50.724] [info] Loading hydro.max_turbining_historical_scenarios_nodata (stages: 12 [1:12] [month] [1/2016], blocks: none, scenarios: 1, unit: , agents: 2 [hydro])
[2023-09-25 19:24:50.725] [info] Loading hydro.max_turbining_historical_scenarios (stages: 12 [1:12] [month] [1/2016], blocks: none, scenarios: 1, unit: m3/s, agents: 2 [hydro])
[2023-09-25 19:24:50.725] [info] Loading hydro.max_turbining (stages: 12 [1:12] [month] [1/2016], blocks: none, scenarios: 1, unit: m3/s, agents: 2 [hydro])
[2023-09-25 19:24:50.725] [info] Loading max_turbining_hourly_historical_scenarios_nodata (not found)
[2023-09-25 19:24:50.726] [info] Loading max_turbining_hourly_historical_scenarios (not found)
[2023-09-25 19:24:50.726] [info] Loading max_turbining_hourly (not found)
[2023-09-25 19:24:50.726] [info] Loading hydro.max_turbining_unit_violation_cost (stages: 12 [1:12] [month] [1/2016], blocks: none, scenarios: 1, unit: k$/m3/s, agents: 2 [hydro])
[2023-09-25 19:24:50.726] [info] Loading max_turbining_violation_type (not found)
[2023-09-25 19:24:50.727] [info] Loading hydro.spinning_reserve (stages: 12 [1:12] [month] [1/2016], blocks: 24, scenarios: 1, unit: %, agents: 2 [hydro])
[2023-09-25 19:24:50.727] [info] Loading hydro.max_reserve (stages: 12 [1:12] [month] [1/2016], blocks: 24, scenarios: 1, unit: MW, agents: 2 [hydro])
[2023-09-25 19:24:50.727] [info] Loading hydro.storage_x_elevation__storage_1 (stages: 12 [1:12] [month] [1/2016], blocks: none, scenarios: 1, unit: hm3, agents: 2 [hydro])
[2023-09-25 19:24:50.728] [info] Loading hydro.storage_x_elevation__storage_2 (stages: 12 [1:12] [month] [1/2016], blocks: none, scenarios: 1, unit: hm3, agents: 2 [hydro])
[2023-09-25 19:24:50.728] [info] Loading hydro.storage_x_elevation__storage_3 (stages: 12 [1:12] [month] [1/2016], blocks: none, scenarios: 1, unit: hm3, agents: 2 [hydro])
[2023-09-25 19:24:50.729] [info] Loading hydro.storage_x_elevation__storage_4 (stages: 12 [1:12] [month] [1/2016], blocks: none, scenarios: 1, unit: hm3, agents: 2 [hydro])
[2023-09-25 19:24:50.729] [info] Loading hydro.storage_x_elevation__storage_5 (stages: 12 [1:12] [month] [1/2016], blocks: none, scenarios: 1, unit: hm3, agents: 2 [hydro])
[2023-09-25 19:24:50.729] [info] Loading hydro.storage_x_elevation__elevation_1 (stages: 12 [1:12] [month] [1/2016], blocks: none, scenarios: 1, unit: masl, agents: 2 [hydro])
[2023-09-25 19:24:50.730] [info] Loading hydro.storage_x_elevation__elevation_2 (stages: 12 [1:12] [month] [1/2016], blocks: none, scenarios: 1, unit: masl, agents: 2 [hydro])
[2023-09-25 19:24:50.730] [info] Loading hydro.storage_x_elevation__elevation_3 (stages: 12 [1:12] [month] [1/2016], blocks: none, scenarios: 1, unit: masl, agents: 2 [hydro])
[2023-09-25 19:24:50.731] [info] Loading hydro.storage_x_elevation__elevation_4 (stages: 12 [1:12] [month] [1/2016], blocks: none, scenarios: 1, unit: masl, agents: 2 [hydro])
[2023-09-25 19:24:50.731] [info] Loading hydro.storage_x_elevation__elevation_5 (stages: 12 [1:12] [month] [1/2016], blocks: none, scenarios: 1, unit: masl, agents: 2 [hydro])
[2023-09-25 19:24:50.731] [info] Loading thermal.code (stages: 1 [1:1] [month] [1/2016], blocks: none, scenarios: 1, unit: , agents: 2 [thermal])
[2023-09-25 19:24:50.732] [info] Loading thermal.state (stages: 12 [1:12] [month] [1/2016], blocks: none, scenarios: 1, unit: , agents: 2 [thermal])
[2023-09-25 19:24:50.732] [info] Loading thermal.units (stages: 12 [1:12] [month] [1/2016], blocks: none, scenarios: 1, unit: , agents: 2 [thermal])
[2023-09-25 19:24:50.732] [info] Loading thermal.system (stages: 1 [1:1] [month] [1/2016], blocks: none, scenarios: 1, unit: , agents: 2 [thermal])
[2023-09-25 19:24:50.732] [info] Loading thermal.min_generation (stages: 12 [1:12] [month] [1/2016], blocks: none, scenarios: 1, unit: MW, agents: 2 [thermal])
[2023-09-25 19:24:50.732] [info] Loading thermal.min_generation_available (stages: 12 [1:12] [month] [1/2016], blocks: none, scenarios: 1, unit: MW, agents: 2 [thermal])
[2023-09-25 19:24:50.732] [info] Loading thermal.min_generation_constraint (stages: 12 [1:12] [month] [1/2016], blocks: 24, scenarios: 1, unit: MW, agents: 2 [thermal])
[2023-09-25 19:24:50.732] [info] Loading thermal.max_generation (stages: 12 [1:12] [month] [1/2016], blocks: none, scenarios: 1, unit: MW, agents: 2 [thermal])
[2023-09-25 19:24:50.732] [info] Loading thermal.max_generation_available (stages: 12 [1:12] [month] [1/2016], blocks: none, scenarios: 1, unit: MW, agents: 2 [thermal])
[2023-09-25 19:24:50.732] [info] Loading thermal.forced_outage_rate (stages: 12 [1:12] [month] [1/2016], blocks: none, scenarios: 1, unit: %, agents: 2 [thermal])
[2023-09-25 19:24:50.732] [info] Loading thermal.historical_outage_factor (stages: 12 [1:12] [month] [1/2016], blocks: none, scenarios: 1, unit: %, agents: 2 [thermal])
[2023-09-25 19:24:50.733] [info] Loading thermal.startup_cost (stages: 12 [1:12] [month] [1/2016], blocks: none, scenarios: 1, unit: k$, agents: 2 [thermal])
[2023-09-25 19:24:50.733] [info] Loading thermal.startup_cost_constraint (stages: 12 [1:12] [month] [1/2016], blocks: 24, scenarios: 1, unit: k$, agents: 2 [thermal])
[2023-09-25 19:24:50.733] [info] Loading thermal.om_cost (stages: 12 [1:12] [month] [1/2016], blocks: none, scenarios: 1, unit: $/MWh, agents: 2 [thermal])
[2023-09-25 19:24:50.733] [info] Loading thermal.specific_consumption_segment_1 (stages: 12 [1:12] [month] [1/2016], blocks: 24, scenarios: 1, unit: gal/MWh, agents: 2 [thermal])
[2023-09-25 19:24:50.733] [info] Loading thermal.specific_consumption_segment_2 (stages: 12 [1:12] [month] [1/2016], blocks: 24, scenarios: 1, unit: gal/MWh, agents: 2 [thermal])
[2023-09-25 19:24:50.733] [info] Loading thermal.specific_consumption_segment_3 (stages: 12 [1:12] [month] [1/2016], blocks: 24, scenarios: 1, unit: gal/MWh, agents: 2 [thermal])
[2023-09-25 19:24:50.734] [info] Loading thermal.curve_segment_1 (stages: 12 [1:12] [month] [1/2016], blocks: none, scenarios: 1, unit: %, agents: 2 [thermal])
[2023-09-25 19:24:50.734] [info] Loading thermal.curve_segment_2 (stages: 12 [1:12] [month] [1/2016], blocks: none, scenarios: 1, unit: %, agents: 2 [thermal])
[2023-09-25 19:24:50.734] [info] Loading thermal.curve_segment_3 (stages: 12 [1:12] [month] [1/2016], blocks: none, scenarios: 1, unit: %, agents: 2 [thermal])
[2023-09-25 19:24:50.734] [info] Loading thermal.fuel_transportation_cost (stages: 12 [1:12] [month] [1/2016], blocks: none, scenarios: 1, unit: $/gal, agents: 2 [thermal])
[2023-09-25 19:24:50.734] [info] Loading thermal.operation_mode (stages: 12 [1:12] [month] [1/2016], blocks: none, scenarios: 1, unit: , agents: 2 [thermal])
[2023-09-25 19:24:50.734] [info] Loading thermal.emission_coefficient (stages: 12 [1:12] [month] [1/2016], blocks: none, scenarios: 1, unit: pu, agents: 2 [thermal])
[2023-09-25 19:24:50.734] [info] Loading thermal.ramp_up (stages: 12 [1:12] [month] [1/2016], blocks: none, scenarios: 1, unit: MW/min, agents: 2 [thermal])
[2023-09-25 19:24:50.734] [info] Loading thermal.ramp_down (stages: 12 [1:12] [month] [1/2016], blocks: none, scenarios: 1, unit: MW/min, agents: 2 [thermal])
[2023-09-25 19:24:50.735] [info] Loading thermal.min_uptime (stages: 12 [1:12] [month] [1/2016], blocks: none, scenarios: 1, unit: hour, agents: 2 [thermal])
[2023-09-25 19:24:50.735] [info] Loading thermal.min_downtime (stages: 12 [1:12] [month] [1/2016], blocks: none, scenarios: 1, unit: hour, agents: 2 [thermal])
[2023-09-25 19:24:50.735] [info] Loading thermal.max_startups (stages: 12 [1:12] [month] [1/2016], blocks: none, scenarios: 1, unit: , agents: 2 [thermal])
[2023-09-25 19:24:50.735] [info] Loading thermal.max_shutdowns (stages: 12 [1:12] [month] [1/2016], blocks: none, scenarios: 1, unit: , agents: 2 [thermal])
[2023-09-25 19:24:50.735] [info] Loading thermal.shutdown_cost (stages: 12 [1:12] [month] [1/2016], blocks: none, scenarios: 1, unit: k$, agents: 2 [thermal])
[2023-09-25 19:24:50.735] [info] Loading thermal.alternative_fuel (stages: 12 [1:12] [month] [1/2016], blocks: none, scenarios: 1, unit: , agents: 2 [thermal])
[2023-09-25 19:24:50.735] [info] Loading thermal.spinning_reserve (stages: 12 [1:12] [month] [1/2016], blocks: 24, scenarios: 1, unit: %, agents: 2 [thermal])
[2023-09-25 19:24:50.736] [info] Loading thermal.max_reserve (stages: 12 [1:12] [month] [1/2016], blocks: 24, scenarios: 1, unit: MW, agents: 2 [thermal])
[2023-09-25 19:24:50.736] [info] Loading thermal.bid_price (stages: 12 [1:12] [month] [1/2016], blocks: 24, scenarios: 1, unit: $/MWh, agents: 2 [thermal])
[2023-09-25 19:24:50.736] [info] Loading bus.code (stages: 1 [1:1] [month] [1/2016], blocks: none, scenarios: 1, unit: , agents: 3 [bus])
[2023-09-25 19:24:50.736] [info] Loading bus.voltage_level (stages: 12 [1:12] [month] [1/2016], blocks: none, scenarios: 1, unit: kV, agents: 3 [bus])
[2023-09-25 19:24:50.737] [info] Converting gerhid to binary
[2023-09-25 19:24:50.741] [info] Loading gerhid (stages: 12 [1:12] [month] [1/2016], blocks: 24, scenarios: 1, unit: GWh, agents: 2 [hydro])
[2023-09-25 19:24:50.742] [info] AGGREGATE_BLOCKS: (stages: 12 [1:12] [month] [1/2016], blocks: 24, scenarios: 1, unit: GWh, agents: 2 [hydro])
[2023-09-25 19:24:50.743] [info] AGGREGATE_BLOCKS= (stages: 12 [1:12] [month] [1/2016], blocks: none, scenarios: 1, unit: GWh, agents: 2 [hydro])
[2023-09-25 19:24:50.745] [info] CONVERT: (stages: 12 [1:12] [month] [1/2016], blocks: none, scenarios: 1, unit: GWh, agents: 2 [hydro])
[2023-09-25 19:24:50.745] [info] Unit converted from [GWh] to [MW] with factor 1000.000000 / hour
[2023-09-25 19:24:50.745] [info] CONVERT= (stages: 12 [1:12] [month] [1/2016], blocks: none, scenarios: 1, unit: MW, agents: 2 [hydro])
[2023-09-25 19:24:50.747] [info] Converting gerter to binary
[2023-09-25 19:24:50.753] [info] Loading gerter (stages: 12 [1:12] [month] [1/2016], blocks: 24, scenarios: 1, unit: GWh, agents: 2 [thermal])
[2023-09-25 19:24:50.754] [info] AGGREGATE_BLOCKS: (stages: 12 [1:12] [month] [1/2016], blocks: 24, scenarios: 1, unit: GWh, agents: 2 [thermal])
[2023-09-25 19:24:50.754] [info] AGGREGATE_BLOCKS= (stages: 12 [1:12] [month] [1/2016], blocks: none, scenarios: 1, unit: GWh, agents: 2 [thermal])
[2023-09-25 19:24:50.755] [info] CONVERT: (stages: 12 [1:12] [month] [1/2016], blocks: none, scenarios: 1, unit: GWh, agents: 2 [thermal])
[2023-09-25 19:24:50.755] [info] Unit converted from [GWh] to [MW] with factor 1000.000000 / hour
[2023-09-25 19:24:50.755] [info] CONVERT= (stages: 12 [1:12] [month] [1/2016], blocks: none, scenarios: 1, unit: MW, agents: 2 [thermal])
[2023-09-25 19:24:50.757] [info] Converting cmgbus to binary
[2023-09-25 19:24:50.759] [info] Loading cmgbus (stages: 12 [1:12] [month] [1/2016], blocks: 24, scenarios: 1, unit: $/MWh, agents: 3 [bus])
[2023-09-25 19:24:50.759] [info] AGGREGATE_BLOCKS: (stages: 12 [1:12] [month] [1/2016], blocks: 24, scenarios: 1, unit: $/MWh, agents: 3 [bus])
[2023-09-25 19:24:50.760] [info] AGGREGATE_BLOCKS= (stages: 12 [1:12] [month] [1/2016], blocks: none, scenarios: 1, unit: $/MWh, agents: 3 [bus])
[2023-09-25 19:24:50.761] [info] Converting volfin to binary
[2023-09-25 19:24:50.769] [info] Loading volfin (stages: 12 [1:12] [month] [1/2016], blocks: none, scenarios: 1, unit: hm3, agents: 2 [hydro])
[2023-09-25 19:24:50.769] [info] AGGREGATE_BLOCKS: (stages: 12 [1:12] [month] [1/2016], blocks: none, scenarios: 1, unit: hm3, agents: 2 [hydro])
[2023-09-25 19:24:50.770] [info] AGGREGATE_BLOCKS= (stages: 12 [1:12] [month] [1/2016], blocks: none, scenarios: 1, unit: hm3, agents: 2 [hydro])
[2023-09-25 19:24:50.771] [info] Converting volini to binary
[2023-09-25 19:24:50.773] [info] Loading volini (stages: 13 [1:13] [month] [1/2016], blocks: none, scenarios: 1, unit: hm3, agents: 2 [hydro])
[2023-09-25 19:24:50.774] [info] AGGREGATE_BLOCKS: (stages: 13 [1:13] [month] [1/2016], blocks: none, scenarios: 1, unit: hm3, agents: 2 [hydro])
[2023-09-25 19:24:50.775] [info] AGGREGATE_BLOCKS= (stages: 13 [1:13] [month] [1/2016], blocks: none, scenarios: 1, unit: hm3, agents: 2 [hydro])
[2023-09-25 19:24:50.777] [info] Converting qturbi to binary
[2023-09-25 19:24:50.779] [info] Loading qturbi (stages: 12 [1:12] [month] [1/2016], blocks: 24, scenarios: 1, unit: m3/s, agents: 2 [hydro])
[2023-09-25 19:24:50.780] [info] CONVERT: (stages: 12 [1:12] [month] [1/2016], blocks: 24, scenarios: 1, unit: m3/s, agents: 2 [hydro])
[2023-09-25 19:24:50.780] [info] Unit converted from [m3/s] to [hm3] with factor 0.003600 * hour
[2023-09-25 19:24:50.780] [info] CONVERT= (stages: 12 [1:12] [month] [1/2016], blocks: 24, scenarios: 1, unit: hm3, agents: 2 [hydro])
[2023-09-25 19:24:50.781] [info] AGGREGATE_BLOCKS: (stages: 12 [1:12] [month] [1/2016], blocks: 24, scenarios: 1, unit: hm3, agents: 2 [hydro])
[2023-09-25 19:24:50.782] [info] AGGREGATE_BLOCKS= (stages: 12 [1:12] [month] [1/2016], blocks: none, scenarios: 1, unit: hm3, agents: 2 [hydro])
[2023-09-25 19:24:50.783] [info] Adding layers in "Hydro generation of case with constraints" chart (stages: 12 [1:12] [month] [1/2016], blocks: none, scenarios: 1, unit: MW, agents: 2 [hydro])
[2023-09-25 19:24:50.818] [info] Adding layers in "Thermal generation of case with constraints" chart (stages: 12 [1:12] [month] [1/2016], blocks: none, scenarios: 1, unit: MW, agents: 2 [thermal])
[2023-09-25 19:24:50.854] [info] Adding layers in "Local marginal prince of case with constraints" chart (stages: 12 [1:12] [month] [1/2016], blocks: none, scenarios: 1, unit: $/MWh, agents: 3 [bus])
[2023-09-25 19:24:50.888] [info] SELECT_AGENTS: (stages: 12 [1:12] [month] [1/2016], blocks: none, scenarios: 1, unit: hm3, agents: 2 [hydro])
[2023-09-25 19:24:50.888] [info] SELECT_AGENTS= (stages: 12 [1:12] [month] [1/2016], blocks: none, scenarios: 1, unit: hm3, agents: 1 [generic])
[2023-09-25 19:24:50.888] [info] RENAME_AGENTS: (stages: 12 [1:12] [month] [1/2016], blocks: none, scenarios: 1, unit: hm3, agents: 1 [generic])
[2023-09-25 19:24:50.889] [info] RENAME_AGENTS= (stages: 12 [1:12] [month] [1/2016], blocks: none, scenarios: 1, unit: hm3, agents: 1 [generic])
[2023-09-25 19:24:50.890] [info] Adding layers in "Turbinig x delta volume with constraints - H1" chart (stages: 12 [1:12] [month] [1/2016], blocks: none, scenarios: 1, unit: hm3, agents: 1 [generic])
[2023-09-25 19:24:50.924] [info] SUBTRACTION: (stages: 12 [1:12] [month] [1/2016], blocks: none, scenarios: 1, unit: hm3, agents: 2 [hydro])
[2023-09-25 19:24:50.925] [info] SUBTRACTION: (stages: 13 [1:13] [month] [1/2016], blocks: none, scenarios: 1, unit: hm3, agents: 2 [hydro])
[2023-09-25 19:24:50.925] [info] SUBTRACTION= (stages: 12 [1:12] [month] [1/2016], blocks: none, scenarios: 1, unit: hm3, agents: 2 [hydro])
[2023-09-25 19:24:50.926] [info] SELECT_AGENTS: (stages: 12 [1:12] [month] [1/2016], blocks: none, scenarios: 1, unit: hm3, agents: 2 [hydro])
[2023-09-25 19:24:50.926] [info] SELECT_AGENTS= (stages: 12 [1:12] [month] [1/2016], blocks: none, scenarios: 1, unit: hm3, agents: 1 [generic])
[2023-09-25 19:24:50.926] [info] RENAME_AGENTS: (stages: 12 [1:12] [month] [1/2016], blocks: none, scenarios: 1, unit: hm3, agents: 1 [generic])
[2023-09-25 19:24:50.927] [info] RENAME_AGENTS= (stages: 12 [1:12] [month] [1/2016], blocks: none, scenarios: 1, unit: hm3, agents: 1 [generic])
[2023-09-25 19:24:50.929] [info] Adding layers in "Turbinig x delta volume with constraints - H1" chart (stages: 12 [1:12] [month] [1/2016], blocks: none, scenarios: 1, unit: hm3, agents: 1 [generic])
[2023-09-25 19:24:50.960] [info] SELECT_AGENTS: (stages: 12 [1:12] [month] [1/2016], blocks: none, scenarios: 1, unit: MW, agents: 2 [hydro])
[2023-09-25 19:24:50.961] [info] SELECT_AGENTS= (stages: 12 [1:12] [month] [1/2016], blocks: none, scenarios: 1, unit: MW, agents: 1 [generic])
[2023-09-25 19:24:50.961] [info] RENAME_AGENTS: (stages: 12 [1:12] [month] [1/2016], blocks: none, scenarios: 1, unit: MW, agents: 1 [generic])
[2023-09-25 19:24:50.961] [info] RENAME_AGENTS= (stages: 12 [1:12] [month] [1/2016], blocks: none, scenarios: 1, unit: MW, agents: 1 [generic])
[2023-09-25 19:24:50.964] [info] Adding layers in "H1" chart (stages: 12 [1:12] [month] [1/2016], blocks: none, scenarios: 1, unit: MW, agents: 1 [generic])
[2023-09-25 19:24:50.997] [info] SELECT_AGENTS: (stages: 12 [1:12] [month] [1/2016], blocks: none, scenarios: 1, unit: hm3, agents: 2 [hydro])
[2023-09-25 19:24:50.997] [info] SELECT_AGENTS= (stages: 12 [1:12] [month] [1/2016], blocks: none, scenarios: 1, unit: hm3, agents: 1 [generic])
[2023-09-25 19:24:50.997] [info] RENAME_AGENTS: (stages: 12 [1:12] [month] [1/2016], blocks: none, scenarios: 1, unit: hm3, agents: 1 [generic])
[2023-09-25 19:24:50.998] [info] RENAME_AGENTS= (stages: 12 [1:12] [month] [1/2016], blocks: none, scenarios: 1, unit: hm3, agents: 1 [generic])
[2023-09-25 19:24:50.999] [info] Adding layers in "Turbinig x delta volume with constraints - H2" chart (stages: 12 [1:12] [month] [1/2016], blocks: none, scenarios: 1, unit: hm3, agents: 1 [generic])
[2023-09-25 19:24:51.040] [info] SUBTRACTION: (stages: 12 [1:12] [month] [1/2016], blocks: none, scenarios: 1, unit: hm3, agents: 2 [hydro])
[2023-09-25 19:24:51.041] [info] SUBTRACTION: (stages: 13 [1:13] [month] [1/2016], blocks: none, scenarios: 1, unit: hm3, agents: 2 [hydro])
[2023-09-25 19:24:51.041] [info] SUBTRACTION= (stages: 12 [1:12] [month] [1/2016], blocks: none, scenarios: 1, unit: hm3, agents: 2 [hydro])
[2023-09-25 19:24:51.041] [info] SELECT_AGENTS: (stages: 12 [1:12] [month] [1/2016], blocks: none, scenarios: 1, unit: hm3, agents: 2 [hydro])
[2023-09-25 19:24:51.042] [info] SELECT_AGENTS= (stages: 12 [1:12] [month] [1/2016], blocks: none, scenarios: 1, unit: hm3, agents: 1 [generic])
[2023-09-25 19:24:51.042] [info] RENAME_AGENTS: (stages: 12 [1:12] [month] [1/2016], blocks: none, scenarios: 1, unit: hm3, agents: 1 [generic])
[2023-09-25 19:24:51.042] [info] RENAME_AGENTS= (stages: 12 [1:12] [month] [1/2016], blocks: none, scenarios: 1, unit: hm3, agents: 1 [generic])
[2023-09-25 19:24:51.044] [info] Adding layers in "Turbinig x delta volume with constraints - H2" chart (stages: 12 [1:12] [month] [1/2016], blocks: none, scenarios: 1, unit: hm3, agents: 1 [generic])
[2023-09-25 19:24:51.078] [info] SELECT_AGENTS: (stages: 12 [1:12] [month] [1/2016], blocks: none, scenarios: 1, unit: MW, agents: 2 [hydro])
[2023-09-25 19:24:51.079] [info] SELECT_AGENTS= (stages: 12 [1:12] [month] [1/2016], blocks: none, scenarios: 1, unit: MW, agents: 1 [generic])
[2023-09-25 19:24:51.080] [info] RENAME_AGENTS: (stages: 12 [1:12] [month] [1/2016], blocks: none, scenarios: 1, unit: MW, agents: 1 [generic])
[2023-09-25 19:24:51.082] [info] RENAME_AGENTS= (stages: 12 [1:12] [month] [1/2016], blocks: none, scenarios: 1, unit: MW, agents: 1 [generic])
[2023-09-25 19:24:51.085] [info] Adding layers in "H2" chart (stages: 12 [1:12] [month] [1/2016], blocks: none, scenarios: 1, unit: MW, agents: 1 [generic])
[2023-09-25 19:24:51.121] [info] SELECT_AGENTS: (stages: 12 [1:12] [month] [1/2016], blocks: none, scenarios: 1, unit: MW, agents: 2 [thermal])
[2023-09-25 19:24:51.121] [info] SELECT_AGENTS= (stages: 12 [1:12] [month] [1/2016], blocks: none, scenarios: 1, unit: MW, agents: 1 [generic])
[2023-09-25 19:24:51.122] [info] RENAME_AGENTS: (stages: 12 [1:12] [month] [1/2016], blocks: none, scenarios: 1, unit: MW, agents: 1 [generic])
[2023-09-25 19:24:51.122] [info] RENAME_AGENTS= (stages: 12 [1:12] [month] [1/2016], blocks: none, scenarios: 1, unit: MW, agents: 1 [generic])
[2023-09-25 19:24:51.124] [info] Adding layers in "T1" chart (stages: 12 [1:12] [month] [1/2016], blocks: none, scenarios: 1, unit: MW, agents: 1 [generic])
[2023-09-25 19:24:51.159] [info] SELECT_AGENTS: (stages: 12 [1:12] [month] [1/2016], blocks: none, scenarios: 1, unit: MW, agents: 2 [thermal])
[2023-09-25 19:24:51.159] [info] SELECT_AGENTS= (stages: 12 [1:12] [month] [1/2016], blocks: none, scenarios: 1, unit: MW, agents: 1 [generic])
[2023-09-25 19:24:51.159] [info] RENAME_AGENTS: (stages: 12 [1:12] [month] [1/2016], blocks: none, scenarios: 1, unit: MW, agents: 1 [generic])
[2023-09-25 19:24:51.160] [info] RENAME_AGENTS= (stages: 12 [1:12] [month] [1/2016], blocks: none, scenarios: 1, unit: MW, agents: 1 [generic])
[2023-09-25 19:24:51.161] [info] Adding layers in "T2" chart (stages: 12 [1:12] [month] [1/2016], blocks: none, scenarios: 1, unit: MW, agents: 1 [generic])
[2023-09-25 19:24:51.194] [info] SELECT_AGENTS: (stages: 12 [1:12] [month] [1/2016], blocks: none, scenarios: 1, unit: $/MWh, agents: 3 [bus])
[2023-09-25 19:24:51.195] [info] SELECT_AGENTS= (stages: 12 [1:12] [month] [1/2016], blocks: none, scenarios: 1, unit: $/MWh, agents: 1 [generic])
[2023-09-25 19:24:51.195] [info] RENAME_AGENTS: (stages: 12 [1:12] [month] [1/2016], blocks: none, scenarios: 1, unit: $/MWh, agents: 1 [generic])
[2023-09-25 19:24:51.195] [info] RENAME_AGENTS= (stages: 12 [1:12] [month] [1/2016], blocks: none, scenarios: 1, unit: $/MWh, agents: 1 [generic])
[2023-09-25 19:24:51.197] [info] Adding layers in "B1" chart (stages: 12 [1:12] [month] [1/2016], blocks: none, scenarios: 1, unit: $/MWh, agents: 1 [generic])
[2023-09-25 19:24:51.230] [info] SELECT_AGENTS: (stages: 12 [1:12] [month] [1/2016], blocks: none, scenarios: 1, unit: $/MWh, agents: 3 [bus])
[2023-09-25 19:24:51.230] [info] SELECT_AGENTS= (stages: 12 [1:12] [month] [1/2016], blocks: none, scenarios: 1, unit: $/MWh, agents: 1 [generic])
[2023-09-25 19:24:51.231] [info] RENAME_AGENTS: (stages: 12 [1:12] [month] [1/2016], blocks: none, scenarios: 1, unit: $/MWh, agents: 1 [generic])
[2023-09-25 19:24:51.232] [info] RENAME_AGENTS= (stages: 12 [1:12] [month] [1/2016], blocks: none, scenarios: 1, unit: $/MWh, agents: 1 [generic])
[2023-09-25 19:24:51.235] [info] Adding layers in "B2" chart (stages: 12 [1:12] [month] [1/2016], blocks: none, scenarios: 1, unit: $/MWh, agents: 1 [generic])
[2023-09-25 19:24:51.270] [info] SELECT_AGENTS: (stages: 12 [1:12] [month] [1/2016], blocks: none, scenarios: 1, unit: $/MWh, agents: 3 [bus])
[2023-09-25 19:24:51.270] [info] SELECT_AGENTS= (stages: 12 [1:12] [month] [1/2016], blocks: none, scenarios: 1, unit: $/MWh, agents: 1 [generic])
[2023-09-25 19:24:51.271] [info] RENAME_AGENTS: (stages: 12 [1:12] [month] [1/2016], blocks: none, scenarios: 1, unit: $/MWh, agents: 1 [generic])
[2023-09-25 19:24:51.271] [info] RENAME_AGENTS= (stages: 12 [1:12] [month] [1/2016], blocks: none, scenarios: 1, unit: $/MWh, agents: 1 [generic])
[2023-09-25 19:24:51.273] [info] Adding layers in "B3" chart (stages: 12 [1:12] [month] [1/2016], blocks: none, scenarios: 1, unit: $/MWh, agents: 1 [generic])
[2023-09-25 19:24:51.306] [info] Saving dashboard.html
[2023-09-25 19:24:51.307] [info] Deleting temporary files and folders
[2023-09-25 19:24:51.307] [info] Temporary file successfully deleted (D:\SDDP_TUTORIAL\generic_linear_constraints\constraint_2\with_constrain\tmp-psrio\cmgbus.bin)
[2023-09-25 19:24:51.307] [info] Temporary file successfully deleted (D:\SDDP_TUTORIAL\generic_linear_constraints\constraint_2\with_constrain\tmp-psrio\cmgbus.hdr)
[2023-09-25 19:24:51.307] [info] Temporary file successfully deleted (D:\SDDP_TUTORIAL\generic_linear_constraints\constraint_2\with_constrain\tmp-psrio\gerhid.bin)
[2023-09-25 19:24:51.307] [info] Temporary file successfully deleted (D:\SDDP_TUTORIAL\generic_linear_constraints\constraint_2\with_constrain\tmp-psrio\gerhid.hdr)
[2023-09-25 19:24:51.308] [info] Temporary file successfully deleted (D:\SDDP_TUTORIAL\generic_linear_constraints\constraint_2\with_constrain\tmp-psrio\gerter.bin)
[2023-09-25 19:24:51.308] [info] Temporary file successfully deleted (D:\SDDP_TUTORIAL\generic_linear_constraints\constraint_2\with_constrain\tmp-psrio\gerter.hdr)
[2023-09-25 19:24:51.308] [info] Temporary file successfully deleted (D:\SDDP_TUTORIAL\generic_linear_constraints\constraint_2\with_constrain\tmp-psrio\qturbi.bin)
[2023-09-25 19:24:51.308] [info] Temporary file successfully deleted (D:\SDDP_TUTORIAL\generic_linear_constraints\constraint_2\with_constrain\tmp-psrio\qturbi.hdr)
[2023-09-25 19:24:51.308] [info] Temporary file successfully deleted (D:\SDDP_TUTORIAL\generic_linear_constraints\constraint_2\with_constrain\tmp-psrio\volfin.bin)
[2023-09-25 19:24:51.308] [info] Temporary file successfully deleted (D:\SDDP_TUTORIAL\generic_linear_constraints\constraint_2\with_constrain\tmp-psrio\volfin.hdr)
[2023-09-25 19:24:51.308] [info] Temporary file successfully deleted (D:\SDDP_TUTORIAL\generic_linear_constraints\constraint_2\with_constrain\tmp-psrio\volini.bin)
[2023-09-25 19:24:51.308] [info] Temporary file successfully deleted (D:\SDDP_TUTORIAL\generic_linear_constraints\constraint_2\with_constrain\tmp-psrio\volini.hdr)
[2023-09-25 19:24:51.308] [info] Temporary file successfully deleted (D:\SDDP_TUTORIAL\generic_linear_constraints\constraint_2\without_constrain\tmp-psrio\cmgbus.bin)
[2023-09-25 19:24:51.308] [info] Temporary file successfully deleted (D:\SDDP_TUTORIAL\generic_linear_constraints\constraint_2\without_constrain\tmp-psrio\cmgbus.hdr)
[2023-09-25 19:24:51.308] [info] Temporary file successfully deleted (D:\SDDP_TUTORIAL\generic_linear_constraints\constraint_2\without_constrain\tmp-psrio\demand.bin)
[2023-09-25 19:24:51.309] [info] Temporary file successfully deleted (D:\SDDP_TUTORIAL\generic_linear_constraints\constraint_2\without_constrain\tmp-psrio\demand.hdr)
[2023-09-25 19:24:51.309] [info] Temporary file successfully deleted (D:\SDDP_TUTORIAL\generic_linear_constraints\constraint_2\without_constrain\tmp-psrio\gerhid.bin)
[2023-09-25 19:24:51.309] [info] Temporary file successfully deleted (D:\SDDP_TUTORIAL\generic_linear_constraints\constraint_2\without_constrain\tmp-psrio\gerhid.hdr)
[2023-09-25 19:24:51.309] [info] Temporary file successfully deleted (D:\SDDP_TUTORIAL\generic_linear_constraints\constraint_2\without_constrain\tmp-psrio\gerter.bin)
[2023-09-25 19:24:51.309] [info] Temporary file successfully deleted (D:\SDDP_TUTORIAL\generic_linear_constraints\constraint_2\without_constrain\tmp-psrio\gerter.hdr)
[2023-09-25 19:24:51.309] [info] Temporary file successfully deleted (D:\SDDP_TUTORIAL\generic_linear_constraints\constraint_2\without_constrain\tmp-psrio\qturbi.bin)
[2023-09-25 19:24:51.309] [info] Temporary file successfully deleted (D:\SDDP_TUTORIAL\generic_linear_constraints\constraint_2\without_constrain\tmp-psrio\qturbi.hdr)
[2023-09-25 19:24:51.309] [info] Temporary file successfully deleted (D:\SDDP_TUTORIAL\generic_linear_constraints\constraint_2\without_constrain\tmp-psrio\volfin.bin)
[2023-09-25 19:24:51.309] [info] Temporary file successfully deleted (D:\SDDP_TUTORIAL\generic_linear_constraints\constraint_2\without_constrain\tmp-psrio\volfin.hdr)
[2023-09-25 19:24:51.309] [info] Temporary file successfully deleted (D:\SDDP_TUTORIAL\generic_linear_constraints\constraint_2\without_constrain\tmp-psrio\volini.bin)
[2023-09-25 19:24:51.309] [info] Temporary file successfully deleted (D:\SDDP_TUTORIAL\generic_linear_constraints\constraint_2\without_constrain\tmp-psrio\volini.hdr)
[2023-09-25 19:24:51.309] [info] Temporary folder successfully deleted (psrio\results\tmp-psrio)
[2023-09-25 19:24:51.310] [info] Temporary folder successfully deleted (D:\SDDP_TUTORIAL\generic_linear_constraints\constraint_2\with_constrain\tmp-psrio)
[2023-09-25 19:24:51.310] [info] Temporary folder successfully deleted (D:\SDDP_TUTORIAL\generic_linear_constraints\constraint_2\without_constrain\tmp-psrio)
[2023-09-25 19:24:51.310] [info] Closing hourly scenarios
[2023-09-25 19:24:51.310] [info] Closing hourly scenarios
[2023-09-25 19:24:51.310] [info] Creating psrio.ok
[2023-09-25 19:24:51.310] [info] PSRIO v0.26.0-beta-7161a240 (2023-09-12 15:12:26 -0300) finished successfully
