[2023-09-26 14:22:18.976] [info] C:\PSR\GraphModule\Oper\psrplot\psrio\psrio.exe -r psrio\psrio.lua -o psrio\results with_sensibility_1 with_sensibility_1_2 with_sensibility_1_5 
[2023-09-26 14:22:18.977] [info] PSRIO v0.26.0-beta-7161a240 (2023-09-12 15:12:26 -0300)
[2023-09-26 14:22:18.978] [info] Executable path C:\PSR\GraphModule\Oper\psrplot\psrio
[2023-09-26 14:22:18.978] [info] Added script "psrio\\psrio.lua"
[2023-09-26 14:22:18.978] [info] Packages path C:\PSR\GraphModule\Oper\psrplot\psrio\base\?.lua;D:\SDDP_TUTORIAL\sensibility\psrio\?.lua
[2023-09-26 14:22:18.985] [info] Loading extensions/chart.lua
[2023-09-26 14:22:18.986] [info] Loading extensions/expression.lua
[2023-09-26 14:22:18.986] [info] Loading extensions/markdown.lua
[2023-09-26 14:22:18.986] [info] Loading extensions/tab.lua
[2023-09-26 14:22:18.986] [info] Loading extensions/writer.lua
[2023-09-26 14:22:19.216] [info] PSRIO.pmk loaded
[2023-09-26 14:22:19.225] [info] PSRIO.pmd loaded
[2023-09-26 14:22:19.225] [info] Deleting temporary files and folders
[2023-09-26 14:22:19.225] [info] Creating temporary directory ("psrio\\results\\tmp-psrio")
[2023-09-26 14:22:19.225] [info] Creating temporary directory ("D:\\SDDP_TUTORIAL\\sensibility\\with_sensibility_1\\tmp-psrio")
[2023-09-26 14:22:19.225] [info] Creating temporary directory ("D:\\SDDP_TUTORIAL\\sensibility\\with_sensibility_1_2\\tmp-psrio")
[2023-09-26 14:22:19.225] [info] Creating temporary directory ("D:\\SDDP_TUTORIAL\\sensibility\\with_sensibility_1_5\\tmp-psrio")
[2023-09-26 14:22:19.225] [info] Loading sddp study (D:\SDDP_TUTORIAL\sensibility\with_sensibility_1)
[2023-09-26 14:22:19.226] [info] Loading D:\SDDP_TUTORIAL\sensibility\with_sensibility_1\sddp.dat
[2023-09-26 14:22:19.259] [info] Loading sddp study (D:\SDDP_TUTORIAL\sensibility\with_sensibility_1_2)
[2023-09-26 14:22:19.259] [info] Loading D:\SDDP_TUTORIAL\sensibility\with_sensibility_1_2\sddp.dat
[2023-09-26 14:22:19.289] [info] Loading sddp study (D:\SDDP_TUTORIAL\sensibility\with_sensibility_1_5)
[2023-09-26 14:22:19.290] [info] Loading D:\SDDP_TUTORIAL\sensibility\with_sensibility_1_5\sddp.dat
[2023-09-26 14:22:19.320] [info] Running psrio\psrio.lua
[2023-09-26 14:22:19.329] [info] Loading thermal.code (stages: 1 [1:1] [month] [1/2016], blocks: none, scenarios: 1, unit: , agents: 2 [thermal])
[2023-09-26 14:22:19.329] [info] Loading thermal.state (stages: 12 [1:12] [month] [1/2016], blocks: none, scenarios: 1, unit: , agents: 2 [thermal])
[2023-09-26 14:22:19.329] [info] Loading thermal.units (stages: 12 [1:12] [month] [1/2016], blocks: none, scenarios: 1, unit: , agents: 2 [thermal])
[2023-09-26 14:22:19.329] [info] Loading thermal.system (stages: 1 [1:1] [month] [1/2016], blocks: none, scenarios: 1, unit: , agents: 2 [thermal])
[2023-09-26 14:22:19.329] [info] Loading thermal.min_generation (stages: 12 [1:12] [month] [1/2016], blocks: none, scenarios: 1, unit: MW, agents: 2 [thermal])
[2023-09-26 14:22:19.329] [info] Loading thermal.min_generation_available (stages: 12 [1:12] [month] [1/2016], blocks: none, scenarios: 1, unit: MW, agents: 2 [thermal])
[2023-09-26 14:22:19.329] [info] Loading thermal.min_generation_constraint (stages: 12 [1:12] [month] [1/2016], blocks: 24, scenarios: 1, unit: MW, agents: 2 [thermal])
[2023-09-26 14:22:19.330] [info] Loading thermal.max_generation (stages: 12 [1:12] [month] [1/2016], blocks: none, scenarios: 1, unit: MW, agents: 2 [thermal])
[2023-09-26 14:22:19.330] [info] Loading thermal.max_generation_available (stages: 12 [1:12] [month] [1/2016], blocks: none, scenarios: 1, unit: MW, agents: 2 [thermal])
[2023-09-26 14:22:19.330] [info] Loading thermal.forced_outage_rate (stages: 12 [1:12] [month] [1/2016], blocks: none, scenarios: 1, unit: %, agents: 2 [thermal])
[2023-09-26 14:22:19.330] [info] Loading thermal.historical_outage_factor (stages: 12 [1:12] [month] [1/2016], blocks: none, scenarios: 1, unit: %, agents: 2 [thermal])
[2023-09-26 14:22:19.330] [info] Loading thermal.startup_cost (stages: 12 [1:12] [month] [1/2016], blocks: none, scenarios: 1, unit: k$, agents: 2 [thermal])
[2023-09-26 14:22:19.330] [info] Loading thermal.startup_cost_constraint (stages: 12 [1:12] [month] [1/2016], blocks: 24, scenarios: 1, unit: k$, agents: 2 [thermal])
[2023-09-26 14:22:19.330] [info] Loading thermal.om_cost (stages: 12 [1:12] [month] [1/2016], blocks: none, scenarios: 1, unit: $/MWh, agents: 2 [thermal])
[2023-09-26 14:22:19.330] [info] Loading thermal.specific_consumption_segment_1 (stages: 12 [1:12] [month] [1/2016], blocks: 24, scenarios: 1, unit: gal/MWh, agents: 2 [thermal])
[2023-09-26 14:22:19.331] [info] Loading thermal.specific_consumption_segment_2 (stages: 12 [1:12] [month] [1/2016], blocks: 24, scenarios: 1, unit: gal/MWh, agents: 2 [thermal])
[2023-09-26 14:22:19.331] [info] Loading thermal.specific_consumption_segment_3 (stages: 12 [1:12] [month] [1/2016], blocks: 24, scenarios: 1, unit: gal/MWh, agents: 2 [thermal])
[2023-09-26 14:22:19.331] [info] Loading thermal.curve_segment_1 (stages: 12 [1:12] [month] [1/2016], blocks: none, scenarios: 1, unit: %, agents: 2 [thermal])
[2023-09-26 14:22:19.331] [info] Loading thermal.curve_segment_2 (stages: 12 [1:12] [month] [1/2016], blocks: none, scenarios: 1, unit: %, agents: 2 [thermal])
[2023-09-26 14:22:19.331] [info] Loading thermal.curve_segment_3 (stages: 12 [1:12] [month] [1/2016], blocks: none, scenarios: 1, unit: %, agents: 2 [thermal])
[2023-09-26 14:22:19.331] [info] Loading thermal.fuel_transportation_cost (stages: 12 [1:12] [month] [1/2016], blocks: none, scenarios: 1, unit: $/gal, agents: 2 [thermal])
[2023-09-26 14:22:19.331] [info] Loading thermal.operation_mode (stages: 12 [1:12] [month] [1/2016], blocks: none, scenarios: 1, unit: , agents: 2 [thermal])
[2023-09-26 14:22:19.331] [info] Loading thermal.emission_coefficient (stages: 12 [1:12] [month] [1/2016], blocks: none, scenarios: 1, unit: pu, agents: 2 [thermal])
[2023-09-26 14:22:19.332] [info] Loading thermal.ramp_up (stages: 12 [1:12] [month] [1/2016], blocks: none, scenarios: 1, unit: MW/min, agents: 2 [thermal])
[2023-09-26 14:22:19.332] [info] Loading thermal.ramp_down (stages: 12 [1:12] [month] [1/2016], blocks: none, scenarios: 1, unit: MW/min, agents: 2 [thermal])
[2023-09-26 14:22:19.332] [info] Loading thermal.min_uptime (stages: 12 [1:12] [month] [1/2016], blocks: none, scenarios: 1, unit: hour, agents: 2 [thermal])
[2023-09-26 14:22:19.332] [info] Loading thermal.min_downtime (stages: 12 [1:12] [month] [1/2016], blocks: none, scenarios: 1, unit: hour, agents: 2 [thermal])
[2023-09-26 14:22:19.332] [info] Loading thermal.max_startups (stages: 12 [1:12] [month] [1/2016], blocks: none, scenarios: 1, unit: , agents: 2 [thermal])
[2023-09-26 14:22:19.332] [info] Loading thermal.max_shutdowns (stages: 12 [1:12] [month] [1/2016], blocks: none, scenarios: 1, unit: , agents: 2 [thermal])
[2023-09-26 14:22:19.333] [info] Loading thermal.shutdown_cost (stages: 12 [1:12] [month] [1/2016], blocks: none, scenarios: 1, unit: k$, agents: 2 [thermal])
[2023-09-26 14:22:19.333] [info] Loading thermal.alternative_fuel (stages: 12 [1:12] [month] [1/2016], blocks: none, scenarios: 1, unit: , agents: 2 [thermal])
[2023-09-26 14:22:19.333] [info] Loading thermal.spinning_reserve (stages: 12 [1:12] [month] [1/2016], blocks: 24, scenarios: 1, unit: %, agents: 2 [thermal])
[2023-09-26 14:22:19.333] [info] Loading thermal.max_reserve (stages: 12 [1:12] [month] [1/2016], blocks: 24, scenarios: 1, unit: MW, agents: 2 [thermal])
[2023-09-26 14:22:19.333] [info] Loading thermal.bid_price (stages: 12 [1:12] [month] [1/2016], blocks: 24, scenarios: 1, unit: $/MWh, agents: 2 [thermal])
[2023-09-26 14:22:19.333] [info] AGGREGATE_ALL_AGENTS: (stages: 12 [1:12] [month] [1/2016], blocks: none, scenarios: 1, unit: MW, agents: 2 [thermal])
[2023-09-26 14:22:19.334] [info] AGGREGATE_ALL_AGENTS= (stages: 12 [1:12] [month] [1/2016], blocks: none, scenarios: 1, unit: MW, agents: 1 [generic])
[2023-09-26 14:22:19.336] [info] Adding layers in "Case demand" chart (stages: 12 [1:12] [month] [1/2016], blocks: none, scenarios: 1, unit: MW, agents: 1 [generic])
[2023-09-26 14:22:19.386] [info] Loading bus.code (stages: 1 [1:1] [month] [1/2016], blocks: none, scenarios: 1, unit: , agents: 3 [bus])
[2023-09-26 14:22:19.386] [info] Loading bus.voltage_level (stages: 12 [1:12] [month] [1/2016], blocks: none, scenarios: 1, unit: kV, agents: 3 [bus])
[2023-09-26 14:22:19.386] [info] Loading system.code (stages: 1 [1:1] [month] [1/2016], blocks: none, scenarios: 1, unit: , agents: 1 [system])
[2023-09-26 14:22:19.386] [info] Loading system.load_level_length (stages: 12 [1:12] [month] [1/2016], blocks: 24, scenarios: 1, unit: hour, agents: 1 [system])
[2023-09-26 14:22:19.386] [info] Loading system.hour_block_map (stages: 12 [1:12] [month] [1/2016], blocks: hour, scenarios: 1, unit: , agents: 1 [system])
[2023-09-26 14:22:19.386] [info] Loading system.sensitivity (stages: 1 [1:1] [month] [1/2016], blocks: none, scenarios: 1, unit: , agents: 1 [system])
[2023-09-26 14:22:19.386] [info] Loading system.carbon_credit_cost (stages: 12 [1:12] [month] [1/2016], blocks: none, scenarios: 1, unit: $/tCO2, agents: 1 [system])
[2023-09-26 14:22:19.387] [info] Converting demand to binary
[2023-09-26 14:22:19.389] [info] Loading demand (stages: 12 [1:12] [month] [1/2016], blocks: 24, scenarios: 1, unit: GWh, agents: 1 [system])
[2023-09-26 14:22:19.390] [info] CONVERT: (stages: 12 [1:12] [month] [1/2016], blocks: 24, scenarios: 1, unit: GWh, agents: 1 [system])
[2023-09-26 14:22:19.390] [info] Unit converted from [GWh] to [MW] with factor 1000.000000 / hour
[2023-09-26 14:22:19.390] [info] CONVERT= (stages: 12 [1:12] [month] [1/2016], blocks: 24, scenarios: 1, unit: MW, agents: 1 [system])
[2023-09-26 14:22:19.391] [info] AGGREGATE_BLOCKS: (stages: 12 [1:12] [month] [1/2016], blocks: 24, scenarios: 1, unit: MW, agents: 1 [system])
[2023-09-26 14:22:19.391] [info] AGGREGATE_BLOCKS= (stages: 12 [1:12] [month] [1/2016], blocks: none, scenarios: 1, unit: MW, agents: 1 [system])
[2023-09-26 14:22:19.393] [info] Converting cmgbus to binary
[2023-09-26 14:22:19.402] [info] Loading cmgbus (stages: 12 [1:12] [month] [1/2016], blocks: 24, scenarios: 1, unit: $/MWh, agents: 3 [bus])
[2023-09-26 14:22:19.402] [info] AGGREGATE_BLOCKS: (stages: 12 [1:12] [month] [1/2016], blocks: 24, scenarios: 1, unit: $/MWh, agents: 3 [bus])
[2023-09-26 14:22:19.403] [info] AGGREGATE_BLOCKS= (stages: 12 [1:12] [month] [1/2016], blocks: none, scenarios: 1, unit: $/MWh, agents: 3 [bus])
[2023-09-26 14:22:19.404] [info] Converting gerter to binary
[2023-09-26 14:22:19.406] [info] Loading gerter (stages: 12 [1:12] [month] [1/2016], blocks: 24, scenarios: 1, unit: GWh, agents: 2 [thermal])
[2023-09-26 14:22:19.407] [info] CONVERT: (stages: 12 [1:12] [month] [1/2016], blocks: 24, scenarios: 1, unit: GWh, agents: 2 [thermal])
[2023-09-26 14:22:19.407] [info] Unit converted from [GWh] to [MW] with factor 1000.000000 / hour
[2023-09-26 14:22:19.407] [info] CONVERT= (stages: 12 [1:12] [month] [1/2016], blocks: 24, scenarios: 1, unit: MW, agents: 2 [thermal])
[2023-09-26 14:22:19.407] [info] AGGREGATE_BLOCKS: (stages: 12 [1:12] [month] [1/2016], blocks: 24, scenarios: 1, unit: MW, agents: 2 [thermal])
[2023-09-26 14:22:19.408] [info] AGGREGATE_BLOCKS= (stages: 12 [1:12] [month] [1/2016], blocks: none, scenarios: 1, unit: MW, agents: 2 [thermal])
[2023-09-26 14:22:19.410] [info] Converting defcit to binary
[2023-09-26 14:22:19.411] [info] Loading defcit (stages: 12 [1:12] [month] [1/2016], blocks: 24, scenarios: 1, unit: GWh, agents: 1 [system])
[2023-09-26 14:22:19.411] [info] CONVERT: (stages: 12 [1:12] [month] [1/2016], blocks: 24, scenarios: 1, unit: GWh, agents: 1 [system])
[2023-09-26 14:22:19.412] [info] Unit converted from [GWh] to [MW] with factor 1000.000000 / hour
[2023-09-26 14:22:19.412] [info] CONVERT= (stages: 12 [1:12] [month] [1/2016], blocks: 24, scenarios: 1, unit: MW, agents: 1 [system])
[2023-09-26 14:22:19.413] [info] AGGREGATE_BLOCKS: (stages: 12 [1:12] [month] [1/2016], blocks: 24, scenarios: 1, unit: MW, agents: 1 [system])
[2023-09-26 14:22:19.414] [info] AGGREGATE_BLOCKS= (stages: 12 [1:12] [month] [1/2016], blocks: none, scenarios: 1, unit: MW, agents: 1 [system])
[2023-09-26 14:22:19.415] [info] RENAME_AGENTS: (stages: 12 [1:12] [month] [1/2016], blocks: none, scenarios: 1, unit: MW, agents: 1 [system])
[2023-09-26 14:22:19.415] [info] RENAME_AGENTS= (stages: 12 [1:12] [month] [1/2016], blocks: none, scenarios: 1, unit: MW, agents: 1 [generic])
[2023-09-26 14:22:19.417] [info] Adding layers in "Case demand" chart (stages: 12 [1:12] [month] [1/2016], blocks: none, scenarios: 1, unit: MW, agents: 1 [generic])
[2023-09-26 14:22:19.469] [info] RENAME_AGENTS: (stages: 12 [1:12] [month] [1/2016], blocks: none, scenarios: 1, unit: MW, agents: 1 [system])
[2023-09-26 14:22:19.469] [info] RENAME_AGENTS= (stages: 12 [1:12] [month] [1/2016], blocks: none, scenarios: 1, unit: MW, agents: 1 [generic])
[2023-09-26 14:22:19.471] [info] Adding layers in "Case defict" chart (stages: 12 [1:12] [month] [1/2016], blocks: none, scenarios: 1, unit: MW, agents: 1 [generic])
[2023-09-26 14:22:19.520] [info] RENAME_AGENTS: (stages: 12 [1:12] [month] [1/2016], blocks: none, scenarios: 1, unit: $/MWh, agents: 3 [bus])
[2023-09-26 14:22:19.521] [info] RENAME_AGENTS= (stages: 12 [1:12] [month] [1/2016], blocks: none, scenarios: 1, unit: $/MWh, agents: 3 [generic])
[2023-09-26 14:22:19.523] [info] Adding layers in "Case marginal cost" chart (stages: 12 [1:12] [month] [1/2016], blocks: none, scenarios: 1, unit: $/MWh, agents: 3 [generic])
[2023-09-26 14:22:19.570] [info] SELECT_AGENTS: (stages: 12 [1:12] [month] [1/2016], blocks: none, scenarios: 1, unit: MW, agents: 2 [thermal])
[2023-09-26 14:22:19.570] [info] SELECT_AGENTS= (stages: 12 [1:12] [month] [1/2016], blocks: none, scenarios: 1, unit: MW, agents: 1 [generic])
[2023-09-26 14:22:19.570] [info] RENAME_AGENTS: (stages: 12 [1:12] [month] [1/2016], blocks: none, scenarios: 1, unit: MW, agents: 1 [generic])
[2023-09-26 14:22:19.571] [info] RENAME_AGENTS= (stages: 12 [1:12] [month] [1/2016], blocks: none, scenarios: 1, unit: MW, agents: 1 [generic])
[2023-09-26 14:22:19.571] [info] SELECT_AGENTS: (stages: 12 [1:12] [month] [1/2016], blocks: none, scenarios: 1, unit: MW, agents: 2 [thermal])
[2023-09-26 14:22:19.572] [info] SELECT_AGENTS= (stages: 12 [1:12] [month] [1/2016], blocks: none, scenarios: 1, unit: MW, agents: 1 [generic])
[2023-09-26 14:22:19.572] [info] RENAME_AGENTS: (stages: 12 [1:12] [month] [1/2016], blocks: none, scenarios: 1, unit: MW, agents: 1 [generic])
[2023-09-26 14:22:19.573] [info] RENAME_AGENTS= (stages: 12 [1:12] [month] [1/2016], blocks: none, scenarios: 1, unit: MW, agents: 1 [generic])
[2023-09-26 14:22:19.573] [info] Loading thermal.code (stages: 1 [1:1] [month] [1/2016], blocks: none, scenarios: 1, unit: , agents: 2 [thermal])
[2023-09-26 14:22:19.573] [info] Loading thermal.state (stages: 12 [1:12] [month] [1/2016], blocks: none, scenarios: 1, unit: , agents: 2 [thermal])
[2023-09-26 14:22:19.573] [info] Loading thermal.units (stages: 12 [1:12] [month] [1/2016], blocks: none, scenarios: 1, unit: , agents: 2 [thermal])
[2023-09-26 14:22:19.574] [info] Loading thermal.system (stages: 1 [1:1] [month] [1/2016], blocks: none, scenarios: 1, unit: , agents: 2 [thermal])
[2023-09-26 14:22:19.574] [info] Loading thermal.min_generation (stages: 12 [1:12] [month] [1/2016], blocks: none, scenarios: 1, unit: MW, agents: 2 [thermal])
[2023-09-26 14:22:19.574] [info] Loading thermal.min_generation_available (stages: 12 [1:12] [month] [1/2016], blocks: none, scenarios: 1, unit: MW, agents: 2 [thermal])
[2023-09-26 14:22:19.574] [info] Loading thermal.min_generation_constraint (stages: 12 [1:12] [month] [1/2016], blocks: 24, scenarios: 1, unit: MW, agents: 2 [thermal])
[2023-09-26 14:22:19.574] [info] Loading thermal.max_generation (stages: 12 [1:12] [month] [1/2016], blocks: none, scenarios: 1, unit: MW, agents: 2 [thermal])
[2023-09-26 14:22:19.574] [info] Loading thermal.max_generation_available (stages: 12 [1:12] [month] [1/2016], blocks: none, scenarios: 1, unit: MW, agents: 2 [thermal])
[2023-09-26 14:22:19.574] [info] Loading thermal.forced_outage_rate (stages: 12 [1:12] [month] [1/2016], blocks: none, scenarios: 1, unit: %, agents: 2 [thermal])
[2023-09-26 14:22:19.575] [info] Loading thermal.historical_outage_factor (stages: 12 [1:12] [month] [1/2016], blocks: none, scenarios: 1, unit: %, agents: 2 [thermal])
[2023-09-26 14:22:19.575] [info] Loading thermal.startup_cost (stages: 12 [1:12] [month] [1/2016], blocks: none, scenarios: 1, unit: k$, agents: 2 [thermal])
[2023-09-26 14:22:19.575] [info] Loading thermal.startup_cost_constraint (stages: 12 [1:12] [month] [1/2016], blocks: 24, scenarios: 1, unit: k$, agents: 2 [thermal])
[2023-09-26 14:22:19.575] [info] Loading thermal.om_cost (stages: 12 [1:12] [month] [1/2016], blocks: none, scenarios: 1, unit: $/MWh, agents: 2 [thermal])
[2023-09-26 14:22:19.575] [info] Loading thermal.specific_consumption_segment_1 (stages: 12 [1:12] [month] [1/2016], blocks: 24, scenarios: 1, unit: gal/MWh, agents: 2 [thermal])
[2023-09-26 14:22:19.575] [info] Loading thermal.specific_consumption_segment_2 (stages: 12 [1:12] [month] [1/2016], blocks: 24, scenarios: 1, unit: gal/MWh, agents: 2 [thermal])
[2023-09-26 14:22:19.575] [info] Loading thermal.specific_consumption_segment_3 (stages: 12 [1:12] [month] [1/2016], blocks: 24, scenarios: 1, unit: gal/MWh, agents: 2 [thermal])
[2023-09-26 14:22:19.576] [info] Loading thermal.curve_segment_1 (stages: 12 [1:12] [month] [1/2016], blocks: none, scenarios: 1, unit: %, agents: 2 [thermal])
[2023-09-26 14:22:19.576] [info] Loading thermal.curve_segment_2 (stages: 12 [1:12] [month] [1/2016], blocks: none, scenarios: 1, unit: %, agents: 2 [thermal])
[2023-09-26 14:22:19.576] [info] Loading thermal.curve_segment_3 (stages: 12 [1:12] [month] [1/2016], blocks: none, scenarios: 1, unit: %, agents: 2 [thermal])
[2023-09-26 14:22:19.576] [info] Loading thermal.fuel_transportation_cost (stages: 12 [1:12] [month] [1/2016], blocks: none, scenarios: 1, unit: $/gal, agents: 2 [thermal])
[2023-09-26 14:22:19.576] [info] Loading thermal.operation_mode (stages: 12 [1:12] [month] [1/2016], blocks: none, scenarios: 1, unit: , agents: 2 [thermal])
[2023-09-26 14:22:19.576] [info] Loading thermal.emission_coefficient (stages: 12 [1:12] [month] [1/2016], blocks: none, scenarios: 1, unit: pu, agents: 2 [thermal])
[2023-09-26 14:22:19.576] [info] Loading thermal.ramp_up (stages: 12 [1:12] [month] [1/2016], blocks: none, scenarios: 1, unit: MW/min, agents: 2 [thermal])
[2023-09-26 14:22:19.577] [info] Loading thermal.ramp_down (stages: 12 [1:12] [month] [1/2016], blocks: none, scenarios: 1, unit: MW/min, agents: 2 [thermal])
[2023-09-26 14:22:19.577] [info] Loading thermal.min_uptime (stages: 12 [1:12] [month] [1/2016], blocks: none, scenarios: 1, unit: hour, agents: 2 [thermal])
[2023-09-26 14:22:19.577] [info] Loading thermal.min_downtime (stages: 12 [1:12] [month] [1/2016], blocks: none, scenarios: 1, unit: hour, agents: 2 [thermal])
[2023-09-26 14:22:19.577] [info] Loading thermal.max_startups (stages: 12 [1:12] [month] [1/2016], blocks: none, scenarios: 1, unit: , agents: 2 [thermal])
[2023-09-26 14:22:19.577] [info] Loading thermal.max_shutdowns (stages: 12 [1:12] [month] [1/2016], blocks: none, scenarios: 1, unit: , agents: 2 [thermal])
[2023-09-26 14:22:19.578] [info] Loading thermal.shutdown_cost (stages: 12 [1:12] [month] [1/2016], blocks: none, scenarios: 1, unit: k$, agents: 2 [thermal])
[2023-09-26 14:22:19.578] [info] Loading thermal.alternative_fuel (stages: 12 [1:12] [month] [1/2016], blocks: none, scenarios: 1, unit: , agents: 2 [thermal])
[2023-09-26 14:22:19.578] [info] Loading thermal.spinning_reserve (stages: 12 [1:12] [month] [1/2016], blocks: 24, scenarios: 1, unit: %, agents: 2 [thermal])
[2023-09-26 14:22:19.578] [info] Loading thermal.max_reserve (stages: 12 [1:12] [month] [1/2016], blocks: 24, scenarios: 1, unit: MW, agents: 2 [thermal])
[2023-09-26 14:22:19.579] [info] Loading thermal.bid_price (stages: 12 [1:12] [month] [1/2016], blocks: 24, scenarios: 1, unit: $/MWh, agents: 2 [thermal])
[2023-09-26 14:22:19.579] [info] Loading bus.code (stages: 1 [1:1] [month] [1/2016], blocks: none, scenarios: 1, unit: , agents: 3 [bus])
[2023-09-26 14:22:19.579] [info] Loading bus.voltage_level (stages: 12 [1:12] [month] [1/2016], blocks: none, scenarios: 1, unit: kV, agents: 3 [bus])
[2023-09-26 14:22:19.579] [info] Loading system.code (stages: 1 [1:1] [month] [1/2016], blocks: none, scenarios: 1, unit: , agents: 1 [system])
[2023-09-26 14:22:19.579] [info] Loading system.load_level_length (stages: 12 [1:12] [month] [1/2016], blocks: 24, scenarios: 1, unit: hour, agents: 1 [system])
[2023-09-26 14:22:19.579] [info] Loading system.hour_block_map (stages: 12 [1:12] [month] [1/2016], blocks: hour, scenarios: 1, unit: , agents: 1 [system])
[2023-09-26 14:22:19.580] [info] Loading system.sensitivity (stages: 1 [1:1] [month] [1/2016], blocks: none, scenarios: 1, unit: , agents: 1 [system])
[2023-09-26 14:22:19.580] [info] Loading system.carbon_credit_cost (stages: 12 [1:12] [month] [1/2016], blocks: none, scenarios: 1, unit: $/tCO2, agents: 1 [system])
[2023-09-26 14:22:19.581] [info] Converting demand to binary
[2023-09-26 14:22:19.587] [info] Loading demand (stages: 12 [1:12] [month] [1/2016], blocks: 24, scenarios: 1, unit: GWh, agents: 1 [system])
[2023-09-26 14:22:19.588] [info] CONVERT: (stages: 12 [1:12] [month] [1/2016], blocks: 24, scenarios: 1, unit: GWh, agents: 1 [system])
[2023-09-26 14:22:19.589] [info] Unit converted from [GWh] to [MW] with factor 1000.000000 / hour
[2023-09-26 14:22:19.589] [info] CONVERT= (stages: 12 [1:12] [month] [1/2016], blocks: 24, scenarios: 1, unit: MW, agents: 1 [system])
[2023-09-26 14:22:19.590] [info] AGGREGATE_BLOCKS: (stages: 12 [1:12] [month] [1/2016], blocks: 24, scenarios: 1, unit: MW, agents: 1 [system])
[2023-09-26 14:22:19.591] [info] AGGREGATE_BLOCKS= (stages: 12 [1:12] [month] [1/2016], blocks: none, scenarios: 1, unit: MW, agents: 1 [system])
[2023-09-26 14:22:19.593] [info] Converting cmgbus to binary
[2023-09-26 14:22:19.595] [info] Loading cmgbus (stages: 12 [1:12] [month] [1/2016], blocks: 24, scenarios: 1, unit: $/MWh, agents: 3 [bus])
[2023-09-26 14:22:19.596] [info] AGGREGATE_BLOCKS: (stages: 12 [1:12] [month] [1/2016], blocks: 24, scenarios: 1, unit: $/MWh, agents: 3 [bus])
[2023-09-26 14:22:19.597] [info] AGGREGATE_BLOCKS= (stages: 12 [1:12] [month] [1/2016], blocks: none, scenarios: 1, unit: $/MWh, agents: 3 [bus])
[2023-09-26 14:22:19.599] [info] Converting gerter to binary
[2023-09-26 14:22:19.601] [info] Loading gerter (stages: 12 [1:12] [month] [1/2016], blocks: 24, scenarios: 1, unit: GWh, agents: 2 [thermal])
[2023-09-26 14:22:19.601] [info] CONVERT: (stages: 12 [1:12] [month] [1/2016], blocks: 24, scenarios: 1, unit: GWh, agents: 2 [thermal])
[2023-09-26 14:22:19.602] [info] Unit converted from [GWh] to [MW] with factor 1000.000000 / hour
[2023-09-26 14:22:19.602] [info] CONVERT= (stages: 12 [1:12] [month] [1/2016], blocks: 24, scenarios: 1, unit: MW, agents: 2 [thermal])
[2023-09-26 14:22:19.603] [info] AGGREGATE_BLOCKS: (stages: 12 [1:12] [month] [1/2016], blocks: 24, scenarios: 1, unit: MW, agents: 2 [thermal])
[2023-09-26 14:22:19.604] [info] AGGREGATE_BLOCKS= (stages: 12 [1:12] [month] [1/2016], blocks: none, scenarios: 1, unit: MW, agents: 2 [thermal])
[2023-09-26 14:22:19.605] [info] Converting defcit to binary
[2023-09-26 14:22:19.611] [info] Loading defcit (stages: 12 [1:12] [month] [1/2016], blocks: 24, scenarios: 1, unit: GWh, agents: 1 [system])
[2023-09-26 14:22:19.613] [info] CONVERT: (stages: 12 [1:12] [month] [1/2016], blocks: 24, scenarios: 1, unit: GWh, agents: 1 [system])
[2023-09-26 14:22:19.613] [info] Unit converted from [GWh] to [MW] with factor 1000.000000 / hour
[2023-09-26 14:22:19.614] [info] CONVERT= (stages: 12 [1:12] [month] [1/2016], blocks: 24, scenarios: 1, unit: MW, agents: 1 [system])
[2023-09-26 14:22:19.614] [info] AGGREGATE_BLOCKS: (stages: 12 [1:12] [month] [1/2016], blocks: 24, scenarios: 1, unit: MW, agents: 1 [system])
[2023-09-26 14:22:19.616] [info] AGGREGATE_BLOCKS= (stages: 12 [1:12] [month] [1/2016], blocks: none, scenarios: 1, unit: MW, agents: 1 [system])
[2023-09-26 14:22:19.616] [info] RENAME_AGENTS: (stages: 12 [1:12] [month] [1/2016], blocks: none, scenarios: 1, unit: MW, agents: 1 [system])
[2023-09-26 14:22:19.616] [info] RENAME_AGENTS= (stages: 12 [1:12] [month] [1/2016], blocks: none, scenarios: 1, unit: MW, agents: 1 [generic])
[2023-09-26 14:22:19.618] [info] Adding layers in "Case demand" chart (stages: 12 [1:12] [month] [1/2016], blocks: none, scenarios: 1, unit: MW, agents: 1 [generic])
[2023-09-26 14:22:19.682] [info] RENAME_AGENTS: (stages: 12 [1:12] [month] [1/2016], blocks: none, scenarios: 1, unit: MW, agents: 1 [system])
[2023-09-26 14:22:19.682] [info] RENAME_AGENTS= (stages: 12 [1:12] [month] [1/2016], blocks: none, scenarios: 1, unit: MW, agents: 1 [generic])
[2023-09-26 14:22:19.684] [info] Adding layers in "Case defict" chart (stages: 12 [1:12] [month] [1/2016], blocks: none, scenarios: 1, unit: MW, agents: 1 [generic])
[2023-09-26 14:22:19.746] [info] RENAME_AGENTS: (stages: 12 [1:12] [month] [1/2016], blocks: none, scenarios: 1, unit: $/MWh, agents: 3 [bus])
[2023-09-26 14:22:19.746] [info] RENAME_AGENTS= (stages: 12 [1:12] [month] [1/2016], blocks: none, scenarios: 1, unit: $/MWh, agents: 3 [generic])
[2023-09-26 14:22:19.748] [info] Adding layers in "Case marginal cost" chart (stages: 12 [1:12] [month] [1/2016], blocks: none, scenarios: 1, unit: $/MWh, agents: 3 [generic])
[2023-09-26 14:22:19.802] [info] SELECT_AGENTS: (stages: 12 [1:12] [month] [1/2016], blocks: none, scenarios: 1, unit: MW, agents: 2 [thermal])
[2023-09-26 14:22:19.803] [info] SELECT_AGENTS= (stages: 12 [1:12] [month] [1/2016], blocks: none, scenarios: 1, unit: MW, agents: 1 [generic])
[2023-09-26 14:22:19.803] [info] RENAME_AGENTS: (stages: 12 [1:12] [month] [1/2016], blocks: none, scenarios: 1, unit: MW, agents: 1 [generic])
[2023-09-26 14:22:19.804] [info] RENAME_AGENTS= (stages: 12 [1:12] [month] [1/2016], blocks: none, scenarios: 1, unit: MW, agents: 1 [generic])
[2023-09-26 14:22:19.804] [info] SELECT_AGENTS: (stages: 12 [1:12] [month] [1/2016], blocks: none, scenarios: 1, unit: MW, agents: 2 [thermal])
[2023-09-26 14:22:19.804] [info] SELECT_AGENTS= (stages: 12 [1:12] [month] [1/2016], blocks: none, scenarios: 1, unit: MW, agents: 1 [generic])
[2023-09-26 14:22:19.805] [info] RENAME_AGENTS: (stages: 12 [1:12] [month] [1/2016], blocks: none, scenarios: 1, unit: MW, agents: 1 [generic])
[2023-09-26 14:22:19.805] [info] RENAME_AGENTS= (stages: 12 [1:12] [month] [1/2016], blocks: none, scenarios: 1, unit: MW, agents: 1 [generic])
[2023-09-26 14:22:19.806] [info] Loading thermal.code (stages: 1 [1:1] [month] [1/2016], blocks: none, scenarios: 1, unit: , agents: 2 [thermal])
[2023-09-26 14:22:19.806] [info] Loading thermal.state (stages: 12 [1:12] [month] [1/2016], blocks: none, scenarios: 1, unit: , agents: 2 [thermal])
[2023-09-26 14:22:19.806] [info] Loading thermal.units (stages: 12 [1:12] [month] [1/2016], blocks: none, scenarios: 1, unit: , agents: 2 [thermal])
[2023-09-26 14:22:19.806] [info] Loading thermal.system (stages: 1 [1:1] [month] [1/2016], blocks: none, scenarios: 1, unit: , agents: 2 [thermal])
[2023-09-26 14:22:19.806] [info] Loading thermal.min_generation (stages: 12 [1:12] [month] [1/2016], blocks: none, scenarios: 1, unit: MW, agents: 2 [thermal])
[2023-09-26 14:22:19.806] [info] Loading thermal.min_generation_available (stages: 12 [1:12] [month] [1/2016], blocks: none, scenarios: 1, unit: MW, agents: 2 [thermal])
[2023-09-26 14:22:19.807] [info] Loading thermal.min_generation_constraint (stages: 12 [1:12] [month] [1/2016], blocks: 24, scenarios: 1, unit: MW, agents: 2 [thermal])
[2023-09-26 14:22:19.807] [info] Loading thermal.max_generation (stages: 12 [1:12] [month] [1/2016], blocks: none, scenarios: 1, unit: MW, agents: 2 [thermal])
[2023-09-26 14:22:19.807] [info] Loading thermal.max_generation_available (stages: 12 [1:12] [month] [1/2016], blocks: none, scenarios: 1, unit: MW, agents: 2 [thermal])
[2023-09-26 14:22:19.807] [info] Loading thermal.forced_outage_rate (stages: 12 [1:12] [month] [1/2016], blocks: none, scenarios: 1, unit: %, agents: 2 [thermal])
[2023-09-26 14:22:19.807] [info] Loading thermal.historical_outage_factor (stages: 12 [1:12] [month] [1/2016], blocks: none, scenarios: 1, unit: %, agents: 2 [thermal])
[2023-09-26 14:22:19.807] [info] Loading thermal.startup_cost (stages: 12 [1:12] [month] [1/2016], blocks: none, scenarios: 1, unit: k$, agents: 2 [thermal])
[2023-09-26 14:22:19.807] [info] Loading thermal.startup_cost_constraint (stages: 12 [1:12] [month] [1/2016], blocks: 24, scenarios: 1, unit: k$, agents: 2 [thermal])
[2023-09-26 14:22:19.807] [info] Loading thermal.om_cost (stages: 12 [1:12] [month] [1/2016], blocks: none, scenarios: 1, unit: $/MWh, agents: 2 [thermal])
[2023-09-26 14:22:19.808] [info] Loading thermal.specific_consumption_segment_1 (stages: 12 [1:12] [month] [1/2016], blocks: 24, scenarios: 1, unit: gal/MWh, agents: 2 [thermal])
[2023-09-26 14:22:19.808] [info] Loading thermal.specific_consumption_segment_2 (stages: 12 [1:12] [month] [1/2016], blocks: 24, scenarios: 1, unit: gal/MWh, agents: 2 [thermal])
[2023-09-26 14:22:19.808] [info] Loading thermal.specific_consumption_segment_3 (stages: 12 [1:12] [month] [1/2016], blocks: 24, scenarios: 1, unit: gal/MWh, agents: 2 [thermal])
[2023-09-26 14:22:19.808] [info] Loading thermal.curve_segment_1 (stages: 12 [1:12] [month] [1/2016], blocks: none, scenarios: 1, unit: %, agents: 2 [thermal])
[2023-09-26 14:22:19.808] [info] Loading thermal.curve_segment_2 (stages: 12 [1:12] [month] [1/2016], blocks: none, scenarios: 1, unit: %, agents: 2 [thermal])
[2023-09-26 14:22:19.808] [info] Loading thermal.curve_segment_3 (stages: 12 [1:12] [month] [1/2016], blocks: none, scenarios: 1, unit: %, agents: 2 [thermal])
[2023-09-26 14:22:19.808] [info] Loading thermal.fuel_transportation_cost (stages: 12 [1:12] [month] [1/2016], blocks: none, scenarios: 1, unit: $/gal, agents: 2 [thermal])
[2023-09-26 14:22:19.809] [info] Loading thermal.operation_mode (stages: 12 [1:12] [month] [1/2016], blocks: none, scenarios: 1, unit: , agents: 2 [thermal])
[2023-09-26 14:22:19.809] [info] Loading thermal.emission_coefficient (stages: 12 [1:12] [month] [1/2016], blocks: none, scenarios: 1, unit: pu, agents: 2 [thermal])
[2023-09-26 14:22:19.809] [info] Loading thermal.ramp_up (stages: 12 [1:12] [month] [1/2016], blocks: none, scenarios: 1, unit: MW/min, agents: 2 [thermal])
[2023-09-26 14:22:19.809] [info] Loading thermal.ramp_down (stages: 12 [1:12] [month] [1/2016], blocks: none, scenarios: 1, unit: MW/min, agents: 2 [thermal])
[2023-09-26 14:22:19.809] [info] Loading thermal.min_uptime (stages: 12 [1:12] [month] [1/2016], blocks: none, scenarios: 1, unit: hour, agents: 2 [thermal])
[2023-09-26 14:22:19.809] [info] Loading thermal.min_downtime (stages: 12 [1:12] [month] [1/2016], blocks: none, scenarios: 1, unit: hour, agents: 2 [thermal])
[2023-09-26 14:22:19.810] [info] Loading thermal.max_startups (stages: 12 [1:12] [month] [1/2016], blocks: none, scenarios: 1, unit: , agents: 2 [thermal])
[2023-09-26 14:22:19.810] [info] Loading thermal.max_shutdowns (stages: 12 [1:12] [month] [1/2016], blocks: none, scenarios: 1, unit: , agents: 2 [thermal])
[2023-09-26 14:22:19.810] [info] Loading thermal.shutdown_cost (stages: 12 [1:12] [month] [1/2016], blocks: none, scenarios: 1, unit: k$, agents: 2 [thermal])
[2023-09-26 14:22:19.810] [info] Loading thermal.alternative_fuel (stages: 12 [1:12] [month] [1/2016], blocks: none, scenarios: 1, unit: , agents: 2 [thermal])
[2023-09-26 14:22:19.810] [info] Loading thermal.spinning_reserve (stages: 12 [1:12] [month] [1/2016], blocks: 24, scenarios: 1, unit: %, agents: 2 [thermal])
[2023-09-26 14:22:19.810] [info] Loading thermal.max_reserve (stages: 12 [1:12] [month] [1/2016], blocks: 24, scenarios: 1, unit: MW, agents: 2 [thermal])
[2023-09-26 14:22:19.811] [info] Loading thermal.bid_price (stages: 12 [1:12] [month] [1/2016], blocks: 24, scenarios: 1, unit: $/MWh, agents: 2 [thermal])
[2023-09-26 14:22:19.811] [info] Loading bus.code (stages: 1 [1:1] [month] [1/2016], blocks: none, scenarios: 1, unit: , agents: 3 [bus])
[2023-09-26 14:22:19.811] [info] Loading bus.voltage_level (stages: 12 [1:12] [month] [1/2016], blocks: none, scenarios: 1, unit: kV, agents: 3 [bus])
[2023-09-26 14:22:19.811] [info] Loading system.code (stages: 1 [1:1] [month] [1/2016], blocks: none, scenarios: 1, unit: , agents: 1 [system])
[2023-09-26 14:22:19.811] [info] Loading system.load_level_length (stages: 12 [1:12] [month] [1/2016], blocks: 24, scenarios: 1, unit: hour, agents: 1 [system])
[2023-09-26 14:22:19.811] [info] Loading system.hour_block_map (stages: 12 [1:12] [month] [1/2016], blocks: hour, scenarios: 1, unit: , agents: 1 [system])
[2023-09-26 14:22:19.811] [info] Loading system.sensitivity (stages: 1 [1:1] [month] [1/2016], blocks: none, scenarios: 1, unit: , agents: 1 [system])
[2023-09-26 14:22:19.811] [info] Loading system.carbon_credit_cost (stages: 12 [1:12] [month] [1/2016], blocks: none, scenarios: 1, unit: $/tCO2, agents: 1 [system])
[2023-09-26 14:22:19.812] [info] Converting demand to binary
[2023-09-26 14:22:19.818] [info] Loading demand (stages: 12 [1:12] [month] [1/2016], blocks: 24, scenarios: 1, unit: GWh, agents: 1 [system])
[2023-09-26 14:22:19.819] [info] CONVERT: (stages: 12 [1:12] [month] [1/2016], blocks: 24, scenarios: 1, unit: GWh, agents: 1 [system])
[2023-09-26 14:22:19.820] [info] Unit converted from [GWh] to [MW] with factor 1000.000000 / hour
[2023-09-26 14:22:19.820] [info] CONVERT= (stages: 12 [1:12] [month] [1/2016], blocks: 24, scenarios: 1, unit: MW, agents: 1 [system])
[2023-09-26 14:22:19.821] [info] AGGREGATE_BLOCKS: (stages: 12 [1:12] [month] [1/2016], blocks: 24, scenarios: 1, unit: MW, agents: 1 [system])
[2023-09-26 14:22:19.822] [info] AGGREGATE_BLOCKS= (stages: 12 [1:12] [month] [1/2016], blocks: none, scenarios: 1, unit: MW, agents: 1 [system])
[2023-09-26 14:22:19.823] [info] Converting cmgbus to binary
[2023-09-26 14:22:19.825] [info] Loading cmgbus (stages: 12 [1:12] [month] [1/2016], blocks: 24, scenarios: 1, unit: $/MWh, agents: 3 [bus])
[2023-09-26 14:22:19.825] [info] AGGREGATE_BLOCKS: (stages: 12 [1:12] [month] [1/2016], blocks: 24, scenarios: 1, unit: $/MWh, agents: 3 [bus])
[2023-09-26 14:22:19.826] [info] AGGREGATE_BLOCKS= (stages: 12 [1:12] [month] [1/2016], blocks: none, scenarios: 1, unit: $/MWh, agents: 3 [bus])
[2023-09-26 14:22:19.827] [info] Converting gerter to binary
[2023-09-26 14:22:19.836] [info] Loading gerter (stages: 12 [1:12] [month] [1/2016], blocks: 24, scenarios: 1, unit: GWh, agents: 2 [thermal])
[2023-09-26 14:22:19.837] [info] CONVERT: (stages: 12 [1:12] [month] [1/2016], blocks: 24, scenarios: 1, unit: GWh, agents: 2 [thermal])
[2023-09-26 14:22:19.838] [info] Unit converted from [GWh] to [MW] with factor 1000.000000 / hour
[2023-09-26 14:22:19.838] [info] CONVERT= (stages: 12 [1:12] [month] [1/2016], blocks: 24, scenarios: 1, unit: MW, agents: 2 [thermal])
[2023-09-26 14:22:19.838] [info] AGGREGATE_BLOCKS: (stages: 12 [1:12] [month] [1/2016], blocks: 24, scenarios: 1, unit: MW, agents: 2 [thermal])
[2023-09-26 14:22:19.839] [info] AGGREGATE_BLOCKS= (stages: 12 [1:12] [month] [1/2016], blocks: none, scenarios: 1, unit: MW, agents: 2 [thermal])
[2023-09-26 14:22:19.841] [info] Converting defcit to binary
[2023-09-26 14:22:19.843] [info] Loading defcit (stages: 12 [1:12] [month] [1/2016], blocks: 24, scenarios: 1, unit: GWh, agents: 1 [system])
[2023-09-26 14:22:19.844] [info] CONVERT: (stages: 12 [1:12] [month] [1/2016], blocks: 24, scenarios: 1, unit: GWh, agents: 1 [system])
[2023-09-26 14:22:19.846] [info] Unit converted from [GWh] to [MW] with factor 1000.000000 / hour
[2023-09-26 14:22:19.846] [info] CONVERT= (stages: 12 [1:12] [month] [1/2016], blocks: 24, scenarios: 1, unit: MW, agents: 1 [system])
[2023-09-26 14:22:19.847] [info] AGGREGATE_BLOCKS: (stages: 12 [1:12] [month] [1/2016], blocks: 24, scenarios: 1, unit: MW, agents: 1 [system])
[2023-09-26 14:22:19.848] [info] AGGREGATE_BLOCKS= (stages: 12 [1:12] [month] [1/2016], blocks: none, scenarios: 1, unit: MW, agents: 1 [system])
[2023-09-26 14:22:19.848] [info] RENAME_AGENTS: (stages: 12 [1:12] [month] [1/2016], blocks: none, scenarios: 1, unit: MW, agents: 1 [system])
[2023-09-26 14:22:19.849] [info] RENAME_AGENTS= (stages: 12 [1:12] [month] [1/2016], blocks: none, scenarios: 1, unit: MW, agents: 1 [generic])
[2023-09-26 14:22:19.850] [info] Adding layers in "Case demand" chart (stages: 12 [1:12] [month] [1/2016], blocks: none, scenarios: 1, unit: MW, agents: 1 [generic])
[2023-09-26 14:22:19.898] [info] RENAME_AGENTS: (stages: 12 [1:12] [month] [1/2016], blocks: none, scenarios: 1, unit: MW, agents: 1 [system])
[2023-09-26 14:22:19.899] [info] RENAME_AGENTS= (stages: 12 [1:12] [month] [1/2016], blocks: none, scenarios: 1, unit: MW, agents: 1 [generic])
[2023-09-26 14:22:19.900] [info] Adding layers in "Case defict" chart (stages: 12 [1:12] [month] [1/2016], blocks: none, scenarios: 1, unit: MW, agents: 1 [generic])
[2023-09-26 14:22:19.950] [info] RENAME_AGENTS: (stages: 12 [1:12] [month] [1/2016], blocks: none, scenarios: 1, unit: $/MWh, agents: 3 [bus])
[2023-09-26 14:22:19.951] [info] RENAME_AGENTS= (stages: 12 [1:12] [month] [1/2016], blocks: none, scenarios: 1, unit: $/MWh, agents: 3 [generic])
[2023-09-26 14:22:19.953] [info] Adding layers in "Case marginal cost" chart (stages: 12 [1:12] [month] [1/2016], blocks: none, scenarios: 1, unit: $/MWh, agents: 3 [generic])
[2023-09-26 14:22:20.001] [info] SELECT_AGENTS: (stages: 12 [1:12] [month] [1/2016], blocks: none, scenarios: 1, unit: MW, agents: 2 [thermal])
[2023-09-26 14:22:20.002] [info] SELECT_AGENTS= (stages: 12 [1:12] [month] [1/2016], blocks: none, scenarios: 1, unit: MW, agents: 1 [generic])
[2023-09-26 14:22:20.003] [info] RENAME_AGENTS: (stages: 12 [1:12] [month] [1/2016], blocks: none, scenarios: 1, unit: MW, agents: 1 [generic])
[2023-09-26 14:22:20.004] [info] RENAME_AGENTS= (stages: 12 [1:12] [month] [1/2016], blocks: none, scenarios: 1, unit: MW, agents: 1 [generic])
[2023-09-26 14:22:20.005] [info] SELECT_AGENTS: (stages: 12 [1:12] [month] [1/2016], blocks: none, scenarios: 1, unit: MW, agents: 2 [thermal])
[2023-09-26 14:22:20.006] [info] SELECT_AGENTS= (stages: 12 [1:12] [month] [1/2016], blocks: none, scenarios: 1, unit: MW, agents: 1 [generic])
[2023-09-26 14:22:20.006] [info] RENAME_AGENTS: (stages: 12 [1:12] [month] [1/2016], blocks: none, scenarios: 1, unit: MW, agents: 1 [generic])
[2023-09-26 14:22:20.007] [info] RENAME_AGENTS= (stages: 12 [1:12] [month] [1/2016], blocks: none, scenarios: 1, unit: MW, agents: 1 [generic])
[2023-09-26 14:22:20.007] [info] CONCATENATE_AGENTS: (stages: 12 [1:12] [month] [1/2016], blocks: none, scenarios: 1, unit: MW, agents: 1 [generic])
[2023-09-26 14:22:20.007] [info] CONCATENATE_AGENTS: (stages: 12 [1:12] [month] [1/2016], blocks: none, scenarios: 1, unit: MW, agents: 1 [generic])
[2023-09-26 14:22:20.008] [info] CONCATENATE_AGENTS: (stages: 12 [1:12] [month] [1/2016], blocks: none, scenarios: 1, unit: MW, agents: 1 [generic])
[2023-09-26 14:22:20.008] [info] CONCATENATE_AGENTS= (stages: 12 [1:12] [month] [1/2016], blocks: none, scenarios: 1, unit: MW, agents: 3 [generic])
[2023-09-26 14:22:20.011] [info] Adding layers in "Case thermal generation" chart (stages: 12 [1:12] [month] [1/2016], blocks: none, scenarios: 1, unit: MW, agents: 3 [generic])
[2023-09-26 14:22:20.068] [info] CONCATENATE_AGENTS: (stages: 12 [1:12] [month] [1/2016], blocks: none, scenarios: 1, unit: MW, agents: 1 [generic])
[2023-09-26 14:22:20.069] [info] CONCATENATE_AGENTS: (stages: 12 [1:12] [month] [1/2016], blocks: none, scenarios: 1, unit: MW, agents: 1 [generic])
[2023-09-26 14:22:20.069] [info] CONCATENATE_AGENTS: (stages: 12 [1:12] [month] [1/2016], blocks: none, scenarios: 1, unit: MW, agents: 1 [generic])
[2023-09-26 14:22:20.070] [info] CONCATENATE_AGENTS= (stages: 12 [1:12] [month] [1/2016], blocks: none, scenarios: 1, unit: MW, agents: 3 [generic])
[2023-09-26 14:22:20.072] [info] Adding layers in "Case thermal generation" chart (stages: 12 [1:12] [month] [1/2016], blocks: none, scenarios: 1, unit: MW, agents: 3 [generic])
[2023-09-26 14:22:20.127] [info] Saving COMPARISON_LOAD_FACTOR.html
[2023-09-26 14:22:20.127] [info] Deleting temporary files and folders
[2023-09-26 14:22:20.128] [info] Temporary file successfully deleted (D:\SDDP_TUTORIAL\sensibility\with_sensibility_1\tmp-psrio\cmgbus.bin)
[2023-09-26 14:22:20.128] [info] Temporary file successfully deleted (D:\SDDP_TUTORIAL\sensibility\with_sensibility_1\tmp-psrio\cmgbus.hdr)
[2023-09-26 14:22:20.128] [info] Temporary file successfully deleted (D:\SDDP_TUTORIAL\sensibility\with_sensibility_1\tmp-psrio\defcit.bin)
[2023-09-26 14:22:20.128] [info] Temporary file successfully deleted (D:\SDDP_TUTORIAL\sensibility\with_sensibility_1\tmp-psrio\defcit.hdr)
[2023-09-26 14:22:20.128] [info] Temporary file successfully deleted (D:\SDDP_TUTORIAL\sensibility\with_sensibility_1\tmp-psrio\demand.bin)
[2023-09-26 14:22:20.128] [info] Temporary file successfully deleted (D:\SDDP_TUTORIAL\sensibility\with_sensibility_1\tmp-psrio\demand.hdr)
[2023-09-26 14:22:20.128] [info] Temporary file successfully deleted (D:\SDDP_TUTORIAL\sensibility\with_sensibility_1\tmp-psrio\gerter.bin)
[2023-09-26 14:22:20.128] [info] Temporary file successfully deleted (D:\SDDP_TUTORIAL\sensibility\with_sensibility_1\tmp-psrio\gerter.hdr)
[2023-09-26 14:22:20.128] [info] Temporary file successfully deleted (D:\SDDP_TUTORIAL\sensibility\with_sensibility_1_2\tmp-psrio\cmgbus.bin)
[2023-09-26 14:22:20.128] [info] Temporary file successfully deleted (D:\SDDP_TUTORIAL\sensibility\with_sensibility_1_2\tmp-psrio\cmgbus.hdr)
[2023-09-26 14:22:20.128] [info] Temporary file successfully deleted (D:\SDDP_TUTORIAL\sensibility\with_sensibility_1_2\tmp-psrio\defcit.bin)
[2023-09-26 14:22:20.128] [info] Temporary file successfully deleted (D:\SDDP_TUTORIAL\sensibility\with_sensibility_1_2\tmp-psrio\defcit.hdr)
[2023-09-26 14:22:20.128] [info] Temporary file successfully deleted (D:\SDDP_TUTORIAL\sensibility\with_sensibility_1_2\tmp-psrio\demand.bin)
[2023-09-26 14:22:20.129] [info] Temporary file successfully deleted (D:\SDDP_TUTORIAL\sensibility\with_sensibility_1_2\tmp-psrio\demand.hdr)
[2023-09-26 14:22:20.129] [info] Temporary file successfully deleted (D:\SDDP_TUTORIAL\sensibility\with_sensibility_1_2\tmp-psrio\gerter.bin)
[2023-09-26 14:22:20.129] [info] Temporary file successfully deleted (D:\SDDP_TUTORIAL\sensibility\with_sensibility_1_2\tmp-psrio\gerter.hdr)
[2023-09-26 14:22:20.129] [info] Temporary file successfully deleted (D:\SDDP_TUTORIAL\sensibility\with_sensibility_1_5\tmp-psrio\cmgbus.bin)
[2023-09-26 14:22:20.129] [info] Temporary file successfully deleted (D:\SDDP_TUTORIAL\sensibility\with_sensibility_1_5\tmp-psrio\cmgbus.hdr)
[2023-09-26 14:22:20.129] [info] Temporary file successfully deleted (D:\SDDP_TUTORIAL\sensibility\with_sensibility_1_5\tmp-psrio\defcit.bin)
[2023-09-26 14:22:20.129] [info] Temporary file successfully deleted (D:\SDDP_TUTORIAL\sensibility\with_sensibility_1_5\tmp-psrio\defcit.hdr)
[2023-09-26 14:22:20.129] [info] Temporary file successfully deleted (D:\SDDP_TUTORIAL\sensibility\with_sensibility_1_5\tmp-psrio\demand.bin)
[2023-09-26 14:22:20.129] [info] Temporary file successfully deleted (D:\SDDP_TUTORIAL\sensibility\with_sensibility_1_5\tmp-psrio\demand.hdr)
[2023-09-26 14:22:20.129] [info] Temporary file successfully deleted (D:\SDDP_TUTORIAL\sensibility\with_sensibility_1_5\tmp-psrio\gerter.bin)
[2023-09-26 14:22:20.129] [info] Temporary file successfully deleted (D:\SDDP_TUTORIAL\sensibility\with_sensibility_1_5\tmp-psrio\gerter.hdr)
[2023-09-26 14:22:20.129] [info] Temporary folder successfully deleted (psrio\results\tmp-psrio)
[2023-09-26 14:22:20.129] [info] Temporary folder successfully deleted (D:\SDDP_TUTORIAL\sensibility\with_sensibility_1\tmp-psrio)
[2023-09-26 14:22:20.130] [info] Temporary folder successfully deleted (D:\SDDP_TUTORIAL\sensibility\with_sensibility_1_2\tmp-psrio)
[2023-09-26 14:22:20.130] [info] Temporary folder successfully deleted (D:\SDDP_TUTORIAL\sensibility\with_sensibility_1_5\tmp-psrio)
[2023-09-26 14:22:20.130] [info] Closing hourly scenarios
[2023-09-26 14:22:20.130] [info] Closing hourly scenarios
[2023-09-26 14:22:20.130] [info] Closing hourly scenarios
[2023-09-26 14:22:20.130] [info] Creating psrio.ok
[2023-09-26 14:22:20.130] [info] PSRIO v0.26.0-beta-7161a240 (2023-09-12 15:12:26 -0300) finished successfully
