INFO: loading file D:\SDDP_TUTORIAL\sensibility\with_sensibility_1\sddp.dat
INFO: loading file D:\SDDP_TUTORIAL\sensibility\with_sensibility_1\unimon.dat
INFO: loading file D:\SDDP_TUTORIAL\sensibility\with_sensibility_1\sistem.dat
INFO: loading file D:\SDDP_TUTORIAL\sensibility\with_sensibility_1\hrbmap24.dat
INFO: loading file D:\SDDP_TUTORIAL\sensibility\with_sensibility_1\hinflw.dat
INFO: loading file D:\SDDP_TUTORIAL\sensibility\with_sensibility_1\csensib.dat
INFO: loading file D:\SDDP_TUTORIAL\sensibility\with_sensibility_1\sensib.dat
INFO: loading file D:\SDDP_TUTORIAL\sensibility\with_sensibility_1\cloadss1.dat
INFO: loading file D:\SDDP_TUTORIAL\sensibility\with_sensibility_1\hrloads1.dat
INFO: loading file D:\SDDP_TUTORIAL\sensibility\with_sensibility_1\ccombus1.dat
INFO: loading file D:\SDDP_TUTORIAL\sensibility\with_sensibility_1\ctermis1.dat
INFO: loading file D:\SDDP_TUTORIAL\sensibility\with_sensibility_1\dbus.dat
INFO: loading file D:\SDDP_TUTORIAL\sensibility\with_sensibility_1\dbf024s1.dat
INFO: loading file D:\SDDP_TUTORIAL\sensibility\with_sensibility_1\dcirc.dat
INFO: loading file D:\SDDP_TUTORIAL\sensibility\with_sensibility_1\hgndhr.dat
INFO: loading file D:\SDDP_TUTORIAL\sensibility\with_sensibility_1_2\sddp.dat
INFO: loading file D:\SDDP_TUTORIAL\sensibility\with_sensibility_1_2\unimon.dat
INFO: loading file D:\SDDP_TUTORIAL\sensibility\with_sensibility_1_2\sistem.dat
INFO: loading file D:\SDDP_TUTORIAL\sensibility\with_sensibility_1_2\hrbmap24.dat
INFO: loading file D:\SDDP_TUTORIAL\sensibility\with_sensibility_1_2\hinflw.dat
INFO: loading file D:\SDDP_TUTORIAL\sensibility\with_sensibility_1_2\csensib.dat
INFO: loading file D:\SDDP_TUTORIAL\sensibility\with_sensibility_1_2\sensib.dat
INFO: loading file D:\SDDP_TUTORIAL\sensibility\with_sensibility_1_2\cloadss1.dat
INFO: loading file D:\SDDP_TUTORIAL\sensibility\with_sensibility_1_2\hrloads1.dat
INFO: loading file D:\SDDP_TUTORIAL\sensibility\with_sensibility_1_2\ccombus1.dat
INFO: loading file D:\SDDP_TUTORIAL\sensibility\with_sensibility_1_2\ctermis1.dat
INFO: loading file D:\SDDP_TUTORIAL\sensibility\with_sensibility_1_2\dbus.dat
INFO: loading file D:\SDDP_TUTORIAL\sensibility\with_sensibility_1_2\dbf024s1.dat
INFO: loading file D:\SDDP_TUTORIAL\sensibility\with_sensibility_1_2\dcirc.dat
INFO: loading file D:\SDDP_TUTORIAL\sensibility\with_sensibility_1_2\hgndhr.dat
INFO: loading file D:\SDDP_TUTORIAL\sensibility\with_sensibility_1_5\sddp.dat
INFO: loading file D:\SDDP_TUTORIAL\sensibility\with_sensibility_1_5\unimon.dat
INFO: loading file D:\SDDP_TUTORIAL\sensibility\with_sensibility_1_5\sistem.dat
INFO: loading file D:\SDDP_TUTORIAL\sensibility\with_sensibility_1_5\hrbmap24.dat
INFO: loading file D:\SDDP_TUTORIAL\sensibility\with_sensibility_1_5\hinflw.dat
INFO: loading file D:\SDDP_TUTORIAL\sensibility\with_sensibility_1_5\csensib.dat
INFO: loading file D:\SDDP_TUTORIAL\sensibility\with_sensibility_1_5\sensib.dat
INFO: loading file D:\SDDP_TUTORIAL\sensibility\with_sensibility_1_5\cloadss1.dat
INFO: loading file D:\SDDP_TUTORIAL\sensibility\with_sensibility_1_5\hrloads1.dat
INFO: loading file D:\SDDP_TUTORIAL\sensibility\with_sensibility_1_5\ccombus1.dat
INFO: loading file D:\SDDP_TUTORIAL\sensibility\with_sensibility_1_5\ctermis1.dat
INFO: loading file D:\SDDP_TUTORIAL\sensibility\with_sensibility_1_5\dbus.dat
INFO: loading file D:\SDDP_TUTORIAL\sensibility\with_sensibility_1_5\dbf024s1.dat
INFO: loading file D:\SDDP_TUTORIAL\sensibility\with_sensibility_1_5\dcirc.dat
INFO: loading file D:\SDDP_TUTORIAL\sensibility\with_sensibility_1_5\hgndhr.dat
